{"numTotalTestSuites":28,"numPassedTestSuites":28,"numFailedTestSuites":0,"numPendingTestSuites":0,"numTotalTests":113,"numPassedTests":112,"numFailedTests":0,"numPendingTests":1,"numTodoTests":0,"snapshot":{"added":0,"failure":false,"filesAdded":0,"filesRemoved":0,"filesRemovedList":[],"filesUnmatched":0,"filesUpdated":0,"matched":0,"total":0,"unchecked":0,"uncheckedKeysByFile":[],"unmatched":0,"updated":0,"didUpdate":false},"startTime":1788097124186,"success":true,"testResults":[{"assertionResults":[{"ancestorTitles":["model provider configuration"],"fullName":"model provider configuration requires a frozen 40-hex source revision for production proof participants","status":"passed","title":"requires a frozen 40-hex source revision for production proof participants","duration":11.118541999999934,"failureMessages":[],"meta":{},"tags":[]},{"ancestorTitles":["model provider configuration"],"fullName":"model provider configuration fails closed when a production API carries any fault-injection switch","status":"passed","title":"fails closed when a production API carries any fault-injection switch","duration":0.8905420000000959,"failureMessages":[],"meta":{},"tags":[]},{"ancestorTitles":["model provider configuration"],"fullName":"model provider configuration keeps ARK_* compatible while emitting the generic Responses provider","status":"passed","title":"keeps ARK_* compatible while emitting the generic Responses provider","duration":13.683166000000028,"failureMessages":[],"meta":{},"tags":[]},{"ancestorTitles":["model provider configuration"],"fullName":"model provider configuration gives MODEL_* precedence and reports the real OpenRouter identity","status":"passed","title":"gives MODEL_* precedence and reports the real OpenRouter identity","duration":1.6403750000000628,"failureMessages":[],"meta":{},"tags":[]},{"ancestorTitles":["model provider configuration"],"fullName":"model provider configuration requires relay credentials and a dedicated internal network","status":"passed","title":"requires relay credentials and a dedicated internal network","duration":0.81737499999997,"failureMessages":[],"meta":{},"tags":[]},{"ancestorTitles":["model provider configuration"],"fullName":"model provider configuration fails closed on direct Provider access in production CommitGate","status":"passed","title":"fails closed on direct Provider access in production CommitGate","duration":0.9502500000000964,"failureMessages":[],"meta":{},"tags":[]},{"ancestorTitles":["model provider configuration"],"fullName":"model provider configuration permits production CommitGate only with relay capability and a dedicated network","status":"passed","title":"permits production CommitGate only with relay capability and a dedicated network","duration":3.1512500000000045,"failureMessages":[],"meta":{},"tags":[]},{"ancestorTitles":["model provider configuration"],"fullName":"model provider configuration requires the transition worker as production CommitGate authority","status":"passed","title":"requires the transition worker as production CommitGate authority","duration":1.0859590000000026,"failureMessages":[],"meta":{},"tags":[]},{"ancestorTitles":["model provider configuration"],"fullName":"model provider configuration enforces the dedicated relay-only boundary for the production Runtime Broker role","status":"passed","title":"enforces the dedicated relay-only boundary for the production Runtime Broker role","duration":2.2297920000000886,"failureMessages":[],"meta":{},"tags":[]},{"ancestorTitles":["model provider configuration"],"fullName":"model provider configuration retains explicit direct-provider compatibility outside production CommitGate","status":"passed","title":"retains explicit direct-provider compatibility outside production CommitGate","duration":4.494167000000061,"failureMessages":[],"meta":{},"tags":[]},{"ancestorTitles":["model provider configuration"],"fullName":"model provider configuration issues a short-lived HMAC capability scoped to one Agent run","status":"passed","title":"issues a short-lived HMAC capability scoped to one Agent run","duration":3.3893749999999727,"failureMessages":[],"meta":{},"tags":[]},{"ancestorTitles":["model provider configuration"],"fullName":"model provider configuration uses the host-side authenticated relay control endpoint for activation and revocation","status":"passed","title":"uses the host-side authenticated relay control endpoint for activation and revocation","duration":66.89762500000006,"failureMessages":[],"meta":{},"tags":[]},{"ancestorTitles":["model provider configuration"],"fullName":"model provider configuration isolates session homes by Agent and epoch and retires the previous epoch","status":"passed","title":"isolates session homes by Agent and epoch and retires the previous epoch","duration":20.188083000000006,"failureMessages":[],"meta":{},"tags":[]}],"startTime":1788097125055,"endTime":1788097125185.188,"status":"passed","message":"","name":"<REPO_ROOT>/apps/server/src/config.test.ts"},{"assertionResults":[{"ancestorTitles":["Container Codex runner"],"fullName":"Container Codex runner builds an isolated Docker/Podman-compatible invocation","status":"passed","title":"builds an isolated Docker/Podman-compatible invocation","duration":12.820625000000064,"failureMessages":[],"meta":{},"tags":[]},{"ancestorTitles":["Container Codex runner"],"fullName":"Container Codex runner fails closed against scratch byte and file-count DoS with kernel tmpfs quotas","status":"passed","title":"fails closed against scratch byte and file-count DoS with kernel tmpfs quotas","duration":4.010499999999979,"failureMessages":[],"meta":{},"tags":[]},{"ancestorTitles":["Container Codex runner"],"fullName":"Container Codex runner fails closed when ignored tmpfs ownership cannot be derived from a numeric uid:gid","status":"passed","title":"fails closed when ignored tmpfs ownership cannot be derived from a numeric uid:gid","duration":1.3265830000000278,"failureMessages":[],"meta":{},"tags":[]},{"ancestorTitles":["Container Codex runner"],"fullName":"Container Codex runner requires the configured production relay network to be engine-reported internal","status":"passed","title":"requires the configured production relay network to be engine-reported internal","duration":0.6881250000000136,"failureMessages":[],"meta":{},"tags":[]},{"ancestorTitles":["Container Codex runner"],"fullName":"Container Codex runner does not claim teardown evidence for an unknown run","status":"passed","title":"does not claim teardown evidence for an unknown run","duration":1.6250420000000076,"failureMessages":[],"meta":{},"tags":[]},{"ancestorTitles":["Container Codex runner"],"fullName":"Container Codex runner rejects a caller binding that differs from the completed Runtime run","status":"passed","title":"rejects a caller binding that differs from the completed Runtime run","duration":1.5929160000000593,"failureMessages":[],"meta":{},"tags":[]},{"ancestorTitles":["Container Codex runner"],"fullName":"Container Codex runner resumes a thread inside the mounted Runtime workspace","status":"passed","title":"resumes a thread inside the mounted Runtime workspace","duration":0.7108329999999796,"failureMessages":[],"meta":{},"tags":[]},{"ancestorTitles":["Container Codex runner"],"fullName":"Container Codex runner supports a relay-only internal network without passing upstream credentials","status":"passed","title":"supports a relay-only internal network without passing upstream credentials","duration":1.14224999999999,"failureMessages":[],"meta":{},"tags":[]},{"ancestorTitles":["Container Codex runner"],"fullName":"Container Codex runner mounts only fixed Worker-owned volume subpaths for opaque workspaces and sessions","status":"passed","title":"mounts only fixed Worker-owned volume subpaths for opaque workspaces and sessions","duration":1.2875419999999167,"failureMessages":[],"meta":{},"tags":[]}],"startTime":1788097125699,"endTime":1788097125724.2876,"status":"passed","message":"","name":"<REPO_ROOT>/apps/server/src/container-codex-runner.test.ts"},{"assertionResults":[{"ancestorTitles":["minimal Model Relay"],"fullName":"minimal Model Relay keeps the Provider key at the relay, enforces scope, and rejects a revoked run capability","status":"passed","title":"keeps the Provider key at the relay, enforces scope, and rejects a revoked run capability","duration":68.54329100000007,"failureMessages":[],"meta":{},"tags":[]},{"ancestorTitles":["minimal Model Relay"],"fullName":"minimal Model Relay reports resolved-model ambiguity instead of fabricating one model","status":"passed","title":"reports resolved-model ambiguity instead of fabricating one model","duration":0.2914580000000342,"failureMessages":[],"meta":{},"tags":[]},{"ancestorTitles":["minimal Model Relay"],"fullName":"minimal Model Relay does not treat generated nested model text as Provider identity","status":"passed","title":"does not treat generated nested model text as Provider identity","duration":1.7165830000000142,"failureMessages":[],"meta":{},"tags":[]},{"ancestorTitles":["minimal Model Relay"],"fullName":"minimal Model Relay removes Codex's disabled web-search tool only for Ark without mutating the input","status":"passed","title":"removes Codex's disabled web-search tool only for Ark without mutating the input","duration":2.7297499999999673,"failureMessages":[],"meta":{},"tags":[]},{"ancestorTitles":["minimal Model Relay"],"fullName":"minimal Model Relay forwards the same request bytes to OpenRouter","status":"passed","title":"forwards the same request bytes to OpenRouter","duration":1.533207999999945,"failureMessages":[],"meta":{},"tags":[]},{"ancestorTitles":["minimal Model Relay"],"fullName":"minimal Model Relay adds Ark's required status only to function_call_output items that omit it","status":"passed","title":"adds Ark's required status only to function_call_output items that omit it","duration":2.0855830000000424,"failureMessages":[],"meta":{},"tags":[]},{"ancestorTitles":["minimal Model Relay"],"fullName":"minimal Model Relay adds Ark's required status only to assistant input messages that omit it","status":"passed","title":"adds Ark's required status only to assistant input messages that omit it","duration":2.456666999999925,"failureMessages":[],"meta":{},"tags":[]},{"ancestorTitles":["minimal Model Relay"],"fullName":"minimal Model Relay fails closed when Ark tool_choice selects a removed web-search tool","status":"passed","title":"fails closed when Ark tool_choice selects a removed web-search tool","duration":1.2273750000000518,"failureMessages":[],"meta":{},"tags":[]}],"startTime":1788097125836,"endTime":1788097125916.2273,"status":"passed","message":"","name":"<REPO_ROOT>/apps/server/src/model-relay-server.test.ts"},{"assertionResults":[{"ancestorTitles":["CommitGateRunner"],"fullName":"CommitGateRunner promotes a valid candidate and records INITIAL plus AGENT_COMMIT","status":"passed","title":"promotes a valid candidate and records INITIAL plus AGENT_COMMIT","duration":406.73804199999995,"failureMessages":[],"meta":{},"tags":[]},{"ancestorTitles":["CommitGateRunner"],"fullName":"CommitGateRunner quarantines protected changes, preserves persistent state, and resets thread","status":"passed","title":"quarantines protected changes, preserves persistent state, and resets thread","duration":68.58612500000004,"failureMessages":[],"meta":{},"tags":[]},{"ancestorTitles":["CommitGateRunner"],"fullName":"CommitGateRunner uses trusted check exit evidence rather than candidate-authored scripts","status":"passed","title":"uses trusted check exit evidence rather than candidate-authored scripts","duration":97.73637500000018,"failureMessages":[],"meta":{},"tags":[]},{"ancestorTitles":["CommitGateRunner"],"fullName":"CommitGateRunner detects a persistent-state conflict during independent verification","status":"passed","title":"detects a persistent-state conflict during independent verification","duration":88.4387499999998,"failureMessages":[],"meta":{},"tags":[]},{"ancestorTitles":["CommitGateRunner"],"fullName":"CommitGateRunner fails closed on ignored ephemeral file-count and byte DoS before sealing","status":"passed","title":"fails closed on ignored ephemeral file-count and byte DoS before sealing","duration":105.66020900000012,"failureMessages":[],"meta":{},"tags":[]},{"ancestorTitles":["CommitGateRunner"],"fullName":"CommitGateRunner detects H0 to H1 to H0 ABA through the authoritative generation","status":"passed","title":"detects H0 to H1 to H0 ABA through the authoritative generation","duration":76.62966600000004,"failureMessages":[],"meta":{},"tags":[]},{"ancestorTitles":["CommitGateRunner"],"fullName":"CommitGateRunner stores an ABORTED receipt when the wrapped runner fails","status":"passed","title":"stores an ABORTED receipt when the wrapped runner fails","duration":39.37900000000013,"failureMessages":[],"meta":{},"tags":[]},{"ancestorTitles":["CommitGateRunner"],"fullName":"CommitGateRunner writes a minimum CONFLICTED receipt when StateView admission fails","status":"passed","title":"writes a minimum CONFLICTED receipt when StateView admission fails","duration":47.57204200000001,"failureMessages":[],"meta":{},"tags":[]},{"ancestorTitles":["CommitGateRunner"],"fullName":"CommitGateRunner writes a minimum ABORTED receipt when prepare infrastructure fails","status":"passed","title":"writes a minimum ABORTED receipt when prepare infrastructure fails","duration":16.851707999999917,"failureMessages":[],"meta":{},"tags":[]},{"ancestorTitles":["CommitGateRunner"],"fullName":"CommitGateRunner dispositions a pre-swap pending receipt that has no journal","status":"passed","title":"dispositions a pre-swap pending receipt that has no journal","duration":34.87404199999992,"failureMessages":[],"meta":{},"tags":[]},{"ancestorTitles":["CommitGateRunner"],"fullName":"CommitGateRunner fails closed after a crash before database acknowledgement","status":"passed","title":"fails closed after a crash before database acknowledgement","duration":121.103834,"failureMessages":[],"meta":{},"tags":[]},{"ancestorTitles":["CommitGateRunner"],"fullName":"CommitGateRunner preserves a legacy terminal receipt and appends recovery disposition","status":"passed","title":"preserves a legacy terminal receipt and appends recovery disposition","duration":119.73483400000032,"failureMessages":[],"meta":{},"tags":[]}],"startTime":1788097125270,"endTime":1788097126493.7349,"status":"passed","message":"","name":"<REPO_ROOT>/apps/server/src/commitgate/coordinator.test.ts"},{"assertionResults":[{"ancestorTitles":["canonical manifest and path policy"],"fullName":"canonical manifest and path policy is independent of mtime and ignores ephemeral trees","status":"passed","title":"is independent of mtime and ignores ephemeral trees","duration":26.229624999999942,"failureMessages":[],"meta":{},"tags":[]},{"ancestorTitles":["canonical manifest and path policy"],"fullName":"canonical manifest and path policy changes for content, executable mode, and deletion","status":"passed","title":"changes for content, executable mode, and deletion","duration":61.290416999999934,"failureMessages":[],"meta":{},"tags":[]},{"ancestorTitles":["canonical manifest and path policy"],"fullName":"canonical manifest and path policy classifies platform and ephemeral paths by fixed trust rules","status":"passed","title":"classifies platform and ephemeral paths by fixed trust rules","duration":0.6455829999999878,"failureMessages":[],"meta":{},"tags":[]},{"ancestorTitles":["canonical manifest and path policy"],"fullName":"canonical manifest and path policy rejects unsafe policy paths","status":"passed","title":"rejects unsafe policy paths","duration":2.633416000000011,"failureMessages":[],"meta":{},"tags":[]},{"ancestorTitles":["canonical manifest and path policy"],"fullName":"canonical manifest and path policy rejects authoritative symlinks and hardlinks","status":"passed","title":"rejects authoritative symlinks and hardlinks","duration":13.752250000000004,"failureMessages":[],"meta":{},"tags":[]},{"ancestorTitles":["canonical manifest and path policy"],"fullName":"canonical manifest and path policy rejects case-fold and Unicode-normalization path aliases","status":"passed","title":"rejects case-fold and Unicode-normalization path aliases","duration":4.191583999999921,"failureMessages":[],"meta":{},"tags":[]},{"ancestorTitles":["canonical manifest and path policy"],"fullName":"canonical manifest and path policy rejects sparse authoritative files on the strong-guarantee platform","status":"skipped","title":"rejects sparse authoritative files on the strong-guarantee platform","failureMessages":[],"meta":{},"tags":[]}],"startTime":1788097124785,"endTime":1788097124894.1917,"status":"passed","message":"","name":"<REPO_ROOT>/apps/server/src/commitgate/manifest.test.ts"},{"assertionResults":[{"ancestorTitles":["sealed state protocol"],"fullName":"sealed state protocol binds generation into StateViewId so equal bytes cannot replay across ABA","status":"passed","title":"binds generation into StateViewId so equal bytes cannot replay across ABA","duration":5.018625000000043,"failureMessages":[],"meta":{},"tags":[]},{"ancestorTitles":["sealed state protocol"],"fullName":"sealed state protocol never re-reads the original candidate after sealing","status":"passed","title":"never re-reads the original candidate after sealing","duration":55.41966600000001,"failureMessages":[],"meta":{},"tags":[]},{"ancestorTitles":["sealed state protocol"],"fullName":"sealed state protocol rejects a sealed proposal whose payload root regains write permission","status":"passed","title":"rejects a sealed proposal whose payload root regains write permission","duration":19.918583000000012,"failureMessages":[],"meta":{},"tags":[]},{"ancestorTitles":["sealed state protocol"],"fullName":"sealed state protocol prevents an Agent PID1-exit background late-write from changing the sealed proposal or promotion source","status":"passed","title":"prevents an Agent PID1-exit background late-write from changing the sealed proposal or promotion source","duration":409.04625,"failureMessages":[],"meta":{},"tags":[]},{"ancestorTitles":["sealed state protocol"],"fullName":"sealed state protocol durably rejects replay of a claimed promotion permit","status":"passed","title":"durably rejects replay of a claimed promotion permit","duration":79.371625,"failureMessages":[],"meta":{},"tags":[]},{"ancestorTitles":["sealed state protocol"],"fullName":"sealed state protocol refuses to mint a permit for partial, failing, or wrong-input evidence","status":"passed","title":"refuses to mint a permit for partial, failing, or wrong-input evidence","duration":18.800792,"failureMessages":[],"meta":{},"tags":[]},{"ancestorTitles":["sealed state protocol"],"fullName":"sealed state protocol changes EvaluationContextHash when policy/check/verifier context drifts","status":"passed","title":"changes EvaluationContextHash when policy/check/verifier context drifts","duration":0.9214999999999236,"failureMessages":[],"meta":{},"tags":[]}],"startTime":1788097124965,"endTime":1788097125553.9214,"status":"passed","message":"","name":"<REPO_ROOT>/apps/server/src/commitgate/protocol.test.ts"},{"assertionResults":[{"ancestorTitles":["receipt redaction"],"fullName":"receipt redaction redacts per-run Model Relay capabilities","status":"passed","title":"redacts per-run Model Relay capabilities","duration":4.194916999999975,"failureMessages":[],"meta":{},"tags":[]},{"ancestorTitles":["terminal receipt history"],"fullName":"terminal receipt history does not rewrite a legacy terminal receipt without transactionStatus","status":"passed","title":"does not rewrite a legacy terminal receipt without transactionStatus","duration":16.63779199999999,"failureMessages":[],"meta":{},"tags":[]},{"ancestorTitles":["terminal receipt history"],"fullName":"terminal receipt history appends and deduplicates recovery events without changing the receipt","status":"passed","title":"appends and deduplicates recovery events without changing the receipt","duration":9.218208000000004,"failureMessages":[],"meta":{},"tags":[]},{"ancestorTitles":["terminal receipt history"],"fullName":"terminal receipt history deduplicates repeated permit replay audit events","status":"passed","title":"deduplicates repeated permit replay audit events","duration":7.965541999999971,"failureMessages":[],"meta":{},"tags":[]}],"startTime":1788097125587,"endTime":1788097125625.9656,"status":"passed","message":"","name":"<REPO_ROOT>/apps/server/src/commitgate/receipt-store.test.ts"},{"assertionResults":[{"ancestorTitles":["CommitGate fail-closed robustness"],"fullName":"CommitGate fail-closed robustness rejects file budgets, canaries, and platform-managed edits together","status":"passed","title":"rejects file budgets, canaries, and platform-managed edits together","duration":47.49408399999993,"failureMessages":[],"meta":{},"tags":[]},{"ancestorTitles":["CommitGate fail-closed robustness"],"fullName":"CommitGate fail-closed robustness aborts on missing verifier exit evidence","status":"passed","title":"aborts on missing verifier exit evidence","duration":145.42100000000005,"failureMessages":[],"meta":{},"tags":[]},{"ancestorTitles":["CommitGate fail-closed robustness"],"fullName":"CommitGate fail-closed robustness aborts PASS without exit zero and duplicate results as broken evidence","status":"passed","title":"aborts PASS without exit zero and duplicate results as broken evidence","duration":162.21412499999997,"failureMessages":[],"meta":{},"tags":[]},{"ancestorTitles":["CommitGate fail-closed robustness"],"fullName":"CommitGate fail-closed robustness aborts when the verifier image or trusted context drifts after checks","status":"passed","title":"aborts when the verifier image or trusted context drifts after checks","duration":80.1584170000001,"failureMessages":[],"meta":{},"tags":[]},{"ancestorTitles":["CommitGate fail-closed robustness"],"fullName":"CommitGate fail-closed robustness promotes sealed bytes even if the obsolete candidate path is recreated and modified","status":"passed","title":"promotes sealed bytes even if the obsolete candidate path is recreated and modified","duration":116.9197079999999,"failureMessages":[],"meta":{},"tags":[]},{"ancestorTitles":["CommitGate fail-closed robustness"],"fullName":"CommitGate fail-closed robustness makes repeated finalization idempotent","status":"passed","title":"makes repeated finalization idempotent","duration":128.22125000000005,"failureMessages":[],"meta":{},"tags":[]},{"ancestorTitles":["CommitGate fail-closed robustness"],"fullName":"CommitGate fail-closed robustness aborts an already-cancelled verification and preserves the base","status":"passed","title":"aborts an already-cancelled verification and preserves the base","duration":42.85633299999995,"failureMessages":[],"meta":{},"tags":[]},{"ancestorTitles":["CommitGate fail-closed robustness"],"fullName":"CommitGate fail-closed robustness redacts credential-shaped verifier output in persisted receipts","status":"passed","title":"redacts credential-shaped verifier output in persisted receipts","duration":10.035417000000052,"failureMessages":[],"meta":{},"tags":[]},{"ancestorTitles":["CommitGate fail-closed robustness"],"fullName":"CommitGate fail-closed robustness cleans orphan candidate and verify directories during startup recovery","status":"passed","title":"cleans orphan candidate and verify directories during startup recovery","duration":14.214708999999857,"failureMessages":[],"meta":{},"tags":[]},{"ancestorTitles":["CommitGate fail-closed robustness"],"fullName":"CommitGate fail-closed robustness acknowledges a database-committed rollback without appending a fake commit event","status":"passed","title":"acknowledges a database-committed rollback without appending a fake commit event","duration":66.18287499999997,"failureMessages":[],"meta":{},"tags":[]},{"ancestorTitles":["CommitGate fail-closed robustness"],"fullName":"CommitGate fail-closed robustness rolls back a no-op promotion when the database still points at the prior event","status":"passed","title":"rolls back a no-op promotion when the database still points at the prior event","duration":115.33249999999998,"failureMessages":[],"meta":{},"tags":[]},{"ancestorTitles":["CommitGate fail-closed robustness"],"fullName":"CommitGate fail-closed robustness rolls back a same-snapshot rollback when the database head event was not advanced","status":"passed","title":"rolls back a same-snapshot rollback when the database head event was not advanced","duration":63.24812500000007,"failureMessages":[],"meta":{},"tags":[]},{"ancestorTitles":["CommitGate fail-closed robustness"],"fullName":"CommitGate fail-closed robustness restores the base before recording ABORTED when the first promoted receipt write fails","status":"passed","title":"restores the base before recording ABORTED when the first promoted receipt write fails","duration":69.37320799999998,"failureMessages":[],"meta":{},"tags":[]},{"ancestorTitles":["CommitGate fail-closed robustness"],"fullName":"CommitGate fail-closed robustness recovers forward after product DB commit when final receipt cleanup fails","status":"passed","title":"recovers forward after product DB commit when final receipt cleanup fails","duration":115.6184159999998,"failureMessages":[],"meta":{},"tags":[]},{"ancestorTitles":["CommitGate fail-closed robustness"],"fullName":"CommitGate fail-closed robustness isolates a corrupt journal as manual intervention instead of aborting recovery","status":"passed","title":"isolates a corrupt journal as manual intervention instead of aborting recovery","duration":9.842375000000175,"failureMessages":[],"meta":{},"tags":[]},{"ancestorTitles":["CommitGate fail-closed robustness"],"fullName":"CommitGate fail-closed robustness rejects a FIFO special file without following or reading it","status":"passed","title":"rejects a FIFO special file without following or reading it","duration":19.02975000000015,"failureMessages":[],"meta":{},"tags":[]},{"ancestorTitles":["CommitGate fail-closed robustness"],"fullName":"CommitGate fail-closed robustness keeps the generic trusted sanity check compatible with a v1 workspace","status":"passed","title":"keeps the generic trusted sanity check compatible with a v1 workspace","duration":158.81587499999978,"failureMessages":[],"meta":{},"tags":[]},{"ancestorTitles":["CommitGate fail-closed robustness"],"fullName":"CommitGate fail-closed robustness cancels an active decorated runner and emits an ABORTED receipt","status":"passed","title":"cancels an active decorated runner and emits an ABORTED receipt","duration":32.1605840000002,"failureMessages":[],"meta":{},"tags":[]},{"ancestorTitles":["CommitGate fail-closed robustness"],"fullName":"CommitGate fail-closed robustness normalizes cancellation requested while candidate preparation is in flight","status":"passed","title":"normalizes cancellation requested while candidate preparation is in flight","duration":27.960917000000336,"failureMessages":[],"meta":{},"tags":[]}],"startTime":1788097125270,"endTime":1788097126695.961,"status":"passed","message":"","name":"<REPO_ROOT>/apps/server/src/commitgate/robustness.test.ts"},{"assertionResults":[{"ancestorTitles":["Docker verifier isolation"],"fullName":"Docker verifier isolation mounts an immutable proposal and checks bundle with an isolated scratch","status":"passed","title":"mounts an immutable proposal and checks bundle with an isolated scratch","duration":6.888832999999977,"failureMessages":[],"meta":{},"tags":[]},{"ancestorTitles":["Docker verifier isolation"],"fullName":"Docker verifier isolation uses fixed named-volume subpaths for Broker-owned verifier inputs","status":"passed","title":"uses fixed named-volume subpaths for Broker-owned verifier inputs","duration":1.3012499999999818,"failureMessages":[],"meta":{},"tags":[]},{"ancestorTitles":["Docker verifier isolation"],"fullName":"Docker verifier isolation keeps bundled trusted-check defaults aligned with the proposal mount","status":"passed","title":"keeps bundled trusted-check defaults aligned with the proposal mount","duration":11.912041999999929,"failureMessages":[],"meta":{},"tags":[]},{"ancestorTitles":["Docker verifier isolation"],"fullName":"Docker verifier isolation fails closed before spawning when a protected run has no trusted check","status":"passed","title":"fails closed before spawning when a protected run has no trusted check","duration":2.438374999999951,"failureMessages":[],"meta":{},"tags":[]},{"ancestorTitles":["Docker verifier isolation"],"fullName":"Docker verifier isolation rejects candidate-controlled and shell-wrapped check entrypoints","status":"passed","title":"rejects candidate-controlled and shell-wrapped check entrypoints","duration":0.5502500000000055,"failureMessages":[],"meta":{},"tags":[]},{"ancestorTitles":["Docker verifier isolation"],"fullName":"Docker verifier isolation accounts timeout and output across the whole verifier run","status":"passed","title":"accounts timeout and output across the whole verifier run","duration":0.6091250000000628,"failureMessages":[],"meta":{},"tags":[]},{"ancestorTitles":["Docker verifier isolation"],"fullName":"Docker verifier isolation binds actual image identity, verifier config, resources and check content","status":"passed","title":"binds actual image identity, verifier config, resources and check content","duration":67.78641699999991,"failureMessages":[],"meta":{},"tags":[]},{"ancestorTitles":["Docker verifier isolation"],"fullName":"Docker verifier isolation mounts the exact sealed bundle bound to the run after the live source changes","status":"passed","title":"mounts the exact sealed bundle bound to the run after the live source changes","duration":30.309041999999977,"failureMessages":[],"meta":{},"tags":[]},{"ancestorTitles":["Docker verifier isolation"],"fullName":"Docker verifier isolation classifies a signal-range container exit as infrastructure ERROR, not policy FAIL","status":"passed","title":"classifies a signal-range container exit as infrastructure ERROR, not policy FAIL","duration":21.687874999999963,"failureMessages":[],"meta":{},"tags":[]},{"ancestorTitles":["Docker verifier isolation"],"fullName":"Docker verifier isolation rejects a context hash that does not name the run's sealed bundle","status":"passed","title":"rejects a context hash that does not name the run's sealed bundle","duration":14.759290999999962,"failureMessages":[],"meta":{},"tags":[]},{"ancestorTitles":["trusted check bundle"],"fullName":"trusted check bundle imports a readonly content-addressed payload separate from the mutable source","status":"passed","title":"imports a readonly content-addressed payload separate from the mutable source","duration":27.753208000000086,"failureMessages":[],"meta":{},"tags":[]},{"ancestorTitles":["trusted check bundle"],"fullName":"trusted check bundle rejects a sealed bundle whose payload root regains write permission","status":"passed","title":"rejects a sealed bundle whose payload root regains write permission","duration":11.894999999999982,"failureMessages":[],"meta":{},"tags":[]},{"ancestorTitles":["trusted check bundle"],"fullName":"trusted check bundle is deterministic and changes with trusted check content","status":"passed","title":"is deterministic and changes with trusted check content","duration":18.638625000000047,"failureMessages":[],"meta":{},"tags":[]},{"ancestorTitles":["trusted check bundle"],"fullName":"trusted check bundle rejects symlinks and hardlinks transitively","status":"passed","title":"rejects symlinks and hardlinks transitively","duration":8.021834000000013,"failureMessages":[],"meta":{},"tags":[]}],"startTime":1788097124843,"endTime":1788097125069.0217,"status":"passed","message":"","name":"<REPO_ROOT>/apps/server/src/commitgate/verifier-runner.test.ts"},{"assertionResults":[{"ancestorTitles":["Broker attestation envelope"],"fullName":"Broker attestation envelope authenticates the complete canonical payload","status":"passed","title":"authenticates the complete canonical payload","duration":18.51454100000001,"failureMessages":[],"meta":{},"tags":[]},{"ancestorTitles":["Broker attestation envelope"],"fullName":"Broker attestation envelope rejects payload tampering and the wrong key","status":"passed","title":"rejects payload tampering and the wrong key","duration":1.6602079999999546,"failureMessages":[],"meta":{},"tags":[]},{"ancestorTitles":["Broker attestation envelope"],"fullName":"Broker attestation envelope rejects short keys instead of silently weakening production proofs","status":"passed","title":"rejects short keys instead of silently weakening production proofs","duration":0.3375000000000341,"failureMessages":[],"meta":{},"tags":[]}],"startTime":1788097125967,"endTime":1788097125988.3374,"status":"passed","message":"","name":"<REPO_ROOT>/apps/server/src/runtime-broker/attestation.test.ts"},{"assertionResults":[{"ancestorTitles":["Broker-authenticated Runtime and Verifier facts"],"fullName":"Broker-authenticated Runtime and Verifier facts rejects caller-forged all-true teardown and PASS evidence","status":"passed","title":"rejects caller-forged all-true teardown and PASS evidence","duration":522.8034590000001,"failureMessages":[],"meta":{},"tags":[]}],"startTime":1788097125246,"endTime":1788097125768.8035,"status":"passed","message":"","name":"<REPO_ROOT>/apps/server/src/transition-worker/broker-attestation.test.ts"},{"assertionResults":[{"ancestorTitles":["TransitionWorker opaque exchange-ref binding"],"fullName":"TransitionWorker opaque exchange-ref binding derives candidate-${runId}, rejects caller-selected refs, and tombstones cross-Agent reuse","status":"passed","title":"derives candidate-${runId}, rejects caller-selected refs, and tombstones cross-Agent reuse","duration":373.3318340000001,"failureMessages":[],"meta":{},"tags":[]},{"ancestorTitles":["TransitionWorker opaque exchange-ref binding"],"fullName":"TransitionWorker opaque exchange-ref binding seals only the transition's durable candidate and never adopts an unbound export","status":"passed","title":"seals only the transition's durable candidate and never adopts an unbound export","duration":293.83395799999994,"failureMessages":[],"meta":{},"tags":[]},{"ancestorTitles":["TransitionWorker opaque exchange-ref binding"],"fullName":"TransitionWorker opaque exchange-ref binding exports only verify-${runId} and cannot overwrite another run's export","status":"passed","title":"exports only verify-${runId} and cannot overwrite another run's export","duration":393.54829199999995,"failureMessages":[],"meta":{},"tags":[]}],"startTime":1788097125269,"endTime":1788097126330.5483,"status":"passed","message":"","name":"<REPO_ROOT>/apps/server/src/transition-worker/opaque-ref-binding.test.ts"},{"assertionResults":[{"ancestorTitles":["TransitionWorker-owned authorization contract"],"fullName":"TransitionWorker-owned authorization contract disables the legacy unleased Agent-commit admission method in production","status":"passed","title":"disables the legacy unleased Agent-commit admission method in production","duration":388.69945799999994,"failureMessages":[],"meta":{},"tags":[]},{"ancestorTitles":["TransitionWorker-owned authorization contract"],"fullName":"TransitionWorker-owned authorization contract rejects a protected proposal even when the caller submits self-consistent PASS evidence","status":"passed","title":"rejects a protected proposal even when the caller submits self-consistent PASS evidence","duration":266.8117500000001,"failureMessages":[],"meta":{},"tags":[]},{"ancestorTitles":["TransitionWorker-owned authorization contract"],"fullName":"TransitionWorker-owned authorization contract rejects a missing trusted-check set","status":"passed","title":"rejects a missing trusted-check set","duration":195.948167,"failureMessages":[],"meta":{},"tags":[]},{"ancestorTitles":["TransitionWorker-owned authorization contract"],"fullName":"TransitionWorker-owned authorization contract rejects a extra trusted-check set","status":"passed","title":"rejects a extra trusted-check set","duration":158.7796249999999,"failureMessages":[],"meta":{},"tags":[]},{"ancestorTitles":["TransitionWorker-owned authorization contract"],"fullName":"TransitionWorker-owned authorization contract rejects a wrong trusted-check set","status":"passed","title":"rejects a wrong trusted-check set","duration":155.98374999999987,"failureMessages":[],"meta":{},"tags":[]},{"ancestorTitles":["TransitionWorker-owned authorization contract"],"fullName":"TransitionWorker-owned authorization contract rejects a caller-selected policy","status":"passed","title":"rejects a caller-selected policy","duration":132.29054199999973,"failureMessages":[],"meta":{},"tags":[]},{"ancestorTitles":["TransitionWorker-owned authorization contract"],"fullName":"TransitionWorker-owned authorization contract rejects a caller-selected check specification","status":"passed","title":"rejects a caller-selected check specification","duration":116.29633300000023,"failureMessages":[],"meta":{},"tags":[]},{"ancestorTitles":["TransitionWorker-owned authorization contract"],"fullName":"TransitionWorker-owned authorization contract rejects a caller-selected manifest schema","status":"passed","title":"rejects a caller-selected manifest schema","duration":107.3253749999999,"failureMessages":[],"meta":{},"tags":[]},{"ancestorTitles":["TransitionWorker-owned authorization contract"],"fullName":"TransitionWorker-owned authorization contract rechecks source revision at permit issuance even without the production record-time fence","status":"passed","title":"rechecks source revision at permit issuance even without the production record-time fence","duration":102.22979099999975,"failureMessages":[],"meta":{},"tags":[]},{"ancestorTitles":["TransitionWorker-owned authorization contract"],"fullName":"TransitionWorker-owned authorization contract rejects an unpinned trusted-check bundle","status":"passed","title":"rejects an unpinned trusted-check bundle","duration":99.3432499999999,"failureMessages":[],"meta":{},"tags":[]},{"ancestorTitles":["TransitionWorker-owned authorization contract"],"fullName":"TransitionWorker-owned authorization contract rejects an unpinned Verifier image","status":"passed","title":"rejects an unpinned Verifier image","duration":106.500583,"failureMessages":[],"meta":{},"tags":[]},{"ancestorTitles":["TransitionWorker-owned authorization contract"],"fullName":"TransitionWorker-owned authorization contract rejects an unpinned Verifier config","status":"passed","title":"rejects an unpinned Verifier config","duration":83.94295799999963,"failureMessages":[],"meta":{},"tags":[]},{"ancestorTitles":["TransitionWorker-owned authorization contract"],"fullName":"TransitionWorker-owned authorization contract rejects an unpinned resource policy","status":"passed","title":"rejects an unpinned resource policy","duration":85.86583400000018,"failureMessages":[],"meta":{},"tags":[]}],"startTime":1788097125244,"endTime":1788097127244.8657,"status":"passed","message":"","name":"<REPO_ROOT>/apps/server/src/transition-worker/worker-policy.test.ts"}]}