{"numTotalTestSuites":28,"numPassedTestSuites":28,"numFailedTestSuites":0,"numPendingTestSuites":0,"numTotalTests":113,"numPassedTests":112,"numFailedTests":0,"numPendingTests":1,"numTodoTests":0,"snapshot":{"added":0,"failure":false,"filesAdded":0,"filesRemoved":0,"filesRemovedList":[],"filesUnmatched":0,"filesUpdated":0,"matched":0,"total":0,"unchecked":0,"uncheckedKeysByFile":[],"unmatched":0,"updated":0,"didUpdate":false},"startTime":1788094864694,"success":true,"testResults":[{"assertionResults":[{"ancestorTitles":["model provider configuration"],"fullName":"model provider configuration requires a frozen 40-hex source revision for production proof participants","status":"passed","title":"requires a frozen 40-hex source revision for production proof participants","duration":6.664582999999993,"failureMessages":[],"meta":{},"tags":[]},{"ancestorTitles":["model provider configuration"],"fullName":"model provider configuration fails closed when a production API carries any fault-injection switch","status":"passed","title":"fails closed when a production API carries any fault-injection switch","duration":0.69825000000003,"failureMessages":[],"meta":{},"tags":[]},{"ancestorTitles":["model provider configuration"],"fullName":"model provider configuration keeps ARK_* compatible while emitting the generic Responses provider","status":"passed","title":"keeps ARK_* compatible while emitting the generic Responses provider","duration":7.505499999999984,"failureMessages":[],"meta":{},"tags":[]},{"ancestorTitles":["model provider configuration"],"fullName":"model provider configuration gives MODEL_* precedence and reports the real OpenRouter identity","status":"passed","title":"gives MODEL_* precedence and reports the real OpenRouter identity","duration":1.380916999999954,"failureMessages":[],"meta":{},"tags":[]},{"ancestorTitles":["model provider configuration"],"fullName":"model provider configuration requires relay credentials and a dedicated internal network","status":"passed","title":"requires relay credentials and a dedicated internal network","duration":0.7437080000000265,"failureMessages":[],"meta":{},"tags":[]},{"ancestorTitles":["model provider configuration"],"fullName":"model provider configuration fails closed on direct Provider access in production CommitGate","status":"passed","title":"fails closed on direct Provider access in production CommitGate","duration":0.6582089999999994,"failureMessages":[],"meta":{},"tags":[]},{"ancestorTitles":["model provider configuration"],"fullName":"model provider configuration permits production CommitGate only with relay capability and a dedicated network","status":"passed","title":"permits production CommitGate only with relay capability and a dedicated network","duration":1.5954160000000002,"failureMessages":[],"meta":{},"tags":[]},{"ancestorTitles":["model provider configuration"],"fullName":"model provider configuration requires the transition worker as production CommitGate authority","status":"passed","title":"requires the transition worker as production CommitGate authority","duration":0.6821669999999358,"failureMessages":[],"meta":{},"tags":[]},{"ancestorTitles":["model provider configuration"],"fullName":"model provider configuration enforces the dedicated relay-only boundary for the production Runtime Broker role","status":"passed","title":"enforces the dedicated relay-only boundary for the production Runtime Broker role","duration":1.126374999999939,"failureMessages":[],"meta":{},"tags":[]},{"ancestorTitles":["model provider configuration"],"fullName":"model provider configuration retains explicit direct-provider compatibility outside production CommitGate","status":"passed","title":"retains explicit direct-provider compatibility outside production CommitGate","duration":0.7552080000000387,"failureMessages":[],"meta":{},"tags":[]},{"ancestorTitles":["model provider configuration"],"fullName":"model provider configuration issues a short-lived HMAC capability scoped to one Agent run","status":"passed","title":"issues a short-lived HMAC capability scoped to one Agent run","duration":2.7932499999999436,"failureMessages":[],"meta":{},"tags":[]},{"ancestorTitles":["model provider configuration"],"fullName":"model provider configuration uses the host-side authenticated relay control endpoint for activation and revocation","status":"passed","title":"uses the host-side authenticated relay control endpoint for activation and revocation","duration":40.95620799999995,"failureMessages":[],"meta":{},"tags":[]},{"ancestorTitles":["model provider configuration"],"fullName":"model provider configuration isolates session homes by Agent and epoch and retires the previous epoch","status":"passed","title":"isolates session homes by Agent and epoch and retires the previous epoch","duration":13.326375000000098,"failureMessages":[],"meta":{},"tags":[]}],"startTime":1788094865234,"endTime":1788094865312.3264,"status":"passed","message":"","name":"<REPO_ROOT>/apps/server/src/config.test.ts"},{"assertionResults":[{"ancestorTitles":["Container Codex runner"],"fullName":"Container Codex runner builds an isolated Docker/Podman-compatible invocation","status":"passed","title":"builds an isolated Docker/Podman-compatible invocation","duration":10.473957999999982,"failureMessages":[],"meta":{},"tags":[]},{"ancestorTitles":["Container Codex runner"],"fullName":"Container Codex runner fails closed against scratch byte and file-count DoS with kernel tmpfs quotas","status":"passed","title":"fails closed against scratch byte and file-count DoS with kernel tmpfs quotas","duration":1.5512499999999818,"failureMessages":[],"meta":{},"tags":[]},{"ancestorTitles":["Container Codex runner"],"fullName":"Container Codex runner fails closed when ignored tmpfs ownership cannot be derived from a numeric uid:gid","status":"passed","title":"fails closed when ignored tmpfs ownership cannot be derived from a numeric uid:gid","duration":0.8259579999999573,"failureMessages":[],"meta":{},"tags":[]},{"ancestorTitles":["Container Codex runner"],"fullName":"Container Codex runner requires the configured production relay network to be engine-reported internal","status":"passed","title":"requires the configured production relay network to be engine-reported internal","duration":0.5191670000000386,"failureMessages":[],"meta":{},"tags":[]},{"ancestorTitles":["Container Codex runner"],"fullName":"Container Codex runner does not claim teardown evidence for an unknown run","status":"passed","title":"does not claim teardown evidence for an unknown run","duration":0.9183750000000259,"failureMessages":[],"meta":{},"tags":[]},{"ancestorTitles":["Container Codex runner"],"fullName":"Container Codex runner rejects a caller binding that differs from the completed Runtime run","status":"passed","title":"rejects a caller binding that differs from the completed Runtime run","duration":0.8190839999999753,"failureMessages":[],"meta":{},"tags":[]},{"ancestorTitles":["Container Codex runner"],"fullName":"Container Codex runner resumes a thread inside the mounted Runtime workspace","status":"passed","title":"resumes a thread inside the mounted Runtime workspace","duration":0.5333330000000274,"failureMessages":[],"meta":{},"tags":[]},{"ancestorTitles":["Container Codex runner"],"fullName":"Container Codex runner supports a relay-only internal network without passing upstream credentials","status":"passed","title":"supports a relay-only internal network without passing upstream credentials","duration":1.0140409999999633,"failureMessages":[],"meta":{},"tags":[]},{"ancestorTitles":["Container Codex runner"],"fullName":"Container Codex runner mounts only fixed Worker-owned volume subpaths for opaque workspaces and sessions","status":"passed","title":"mounts only fixed Worker-owned volume subpaths for opaque workspaces and sessions","duration":0.9082089999999994,"failureMessages":[],"meta":{},"tags":[]}],"startTime":1788094865849,"endTime":1788094865866.9082,"status":"passed","message":"","name":"<REPO_ROOT>/apps/server/src/container-codex-runner.test.ts"},{"assertionResults":[{"ancestorTitles":["minimal Model Relay"],"fullName":"minimal Model Relay keeps the Provider key at the relay, enforces scope, and rejects a revoked run capability","status":"passed","title":"keeps the Provider key at the relay, enforces scope, and rejects a revoked run capability","duration":61.532624999999996,"failureMessages":[],"meta":{},"tags":[]},{"ancestorTitles":["minimal Model Relay"],"fullName":"minimal Model Relay reports resolved-model ambiguity instead of fabricating one model","status":"passed","title":"reports resolved-model ambiguity instead of fabricating one model","duration":0.2426250000000323,"failureMessages":[],"meta":{},"tags":[]},{"ancestorTitles":["minimal Model Relay"],"fullName":"minimal Model Relay does not treat generated nested model text as Provider identity","status":"passed","title":"does not treat generated nested model text as Provider identity","duration":2.4332500000000437,"failureMessages":[],"meta":{},"tags":[]},{"ancestorTitles":["minimal Model Relay"],"fullName":"minimal Model Relay removes Codex's disabled web-search tool only for Ark without mutating the input","status":"passed","title":"removes Codex's disabled web-search tool only for Ark without mutating the input","duration":1.5160420000000272,"failureMessages":[],"meta":{},"tags":[]},{"ancestorTitles":["minimal Model Relay"],"fullName":"minimal Model Relay forwards the same request bytes to OpenRouter","status":"passed","title":"forwards the same request bytes to OpenRouter","duration":0.547458000000006,"failureMessages":[],"meta":{},"tags":[]},{"ancestorTitles":["minimal Model Relay"],"fullName":"minimal Model Relay adds Ark's required status only to function_call_output items that omit it","status":"passed","title":"adds Ark's required status only to function_call_output items that omit it","duration":1.309500000000014,"failureMessages":[],"meta":{},"tags":[]},{"ancestorTitles":["minimal Model Relay"],"fullName":"minimal Model Relay adds Ark's required status only to assistant input messages that omit it","status":"passed","title":"adds Ark's required status only to assistant input messages that omit it","duration":1.3030409999999506,"failureMessages":[],"meta":{},"tags":[]},{"ancestorTitles":["minimal Model Relay"],"fullName":"minimal Model Relay fails closed when Ark tool_choice selects a removed web-search tool","status":"passed","title":"fails closed when Ark tool_choice selects a removed web-search tool","duration":0.8422909999999888,"failureMessages":[],"meta":{},"tags":[]}],"startTime":1788094865510,"endTime":1788094865579.8423,"status":"passed","message":"","name":"<REPO_ROOT>/apps/server/src/model-relay-server.test.ts"},{"assertionResults":[{"ancestorTitles":["CommitGateRunner"],"fullName":"CommitGateRunner promotes a valid candidate and records INITIAL plus AGENT_COMMIT","status":"passed","title":"promotes a valid candidate and records INITIAL plus AGENT_COMMIT","duration":243.62983299999996,"failureMessages":[],"meta":{},"tags":[]},{"ancestorTitles":["CommitGateRunner"],"fullName":"CommitGateRunner quarantines protected changes, preserves persistent state, and resets thread","status":"passed","title":"quarantines protected changes, preserves persistent state, and resets thread","duration":60.738083000000074,"failureMessages":[],"meta":{},"tags":[]},{"ancestorTitles":["CommitGateRunner"],"fullName":"CommitGateRunner uses trusted check exit evidence rather than candidate-authored scripts","status":"passed","title":"uses trusted check exit evidence rather than candidate-authored scripts","duration":48.922000000000025,"failureMessages":[],"meta":{},"tags":[]},{"ancestorTitles":["CommitGateRunner"],"fullName":"CommitGateRunner detects a persistent-state conflict during independent verification","status":"passed","title":"detects a persistent-state conflict during independent verification","duration":55.783457999999996,"failureMessages":[],"meta":{},"tags":[]},{"ancestorTitles":["CommitGateRunner"],"fullName":"CommitGateRunner fails closed on ignored ephemeral file-count and byte DoS before sealing","status":"passed","title":"fails closed on ignored ephemeral file-count and byte DoS before sealing","duration":59.13316700000007,"failureMessages":[],"meta":{},"tags":[]},{"ancestorTitles":["CommitGateRunner"],"fullName":"CommitGateRunner detects H0 to H1 to H0 ABA through the authoritative generation","status":"passed","title":"detects H0 to H1 to H0 ABA through the authoritative generation","duration":50.14737500000001,"failureMessages":[],"meta":{},"tags":[]},{"ancestorTitles":["CommitGateRunner"],"fullName":"CommitGateRunner stores an ABORTED receipt when the wrapped runner fails","status":"passed","title":"stores an ABORTED receipt when the wrapped runner fails","duration":31.960749999999962,"failureMessages":[],"meta":{},"tags":[]},{"ancestorTitles":["CommitGateRunner"],"fullName":"CommitGateRunner writes a minimum CONFLICTED receipt when StateView admission fails","status":"passed","title":"writes a minimum CONFLICTED receipt when StateView admission fails","duration":25.72237499999983,"failureMessages":[],"meta":{},"tags":[]},{"ancestorTitles":["CommitGateRunner"],"fullName":"CommitGateRunner writes a minimum ABORTED receipt when prepare infrastructure fails","status":"passed","title":"writes a minimum ABORTED receipt when prepare infrastructure fails","duration":10.508000000000038,"failureMessages":[],"meta":{},"tags":[]},{"ancestorTitles":["CommitGateRunner"],"fullName":"CommitGateRunner dispositions a pre-swap pending receipt that has no journal","status":"passed","title":"dispositions a pre-swap pending receipt that has no journal","duration":22.54975000000013,"failureMessages":[],"meta":{},"tags":[]},{"ancestorTitles":["CommitGateRunner"],"fullName":"CommitGateRunner fails closed after a crash before database acknowledgement","status":"passed","title":"fails closed after a crash before database acknowledgement","duration":78.74279200000001,"failureMessages":[],"meta":{},"tags":[]},{"ancestorTitles":["CommitGateRunner"],"fullName":"CommitGateRunner preserves a legacy terminal receipt and appends recovery disposition","status":"passed","title":"preserves a legacy terminal receipt and appends recovery disposition","duration":72.40720899999997,"failureMessages":[],"meta":{},"tags":[]}],"startTime":1788094865326,"endTime":1788094866087.4072,"status":"passed","message":"","name":"<REPO_ROOT>/apps/server/src/commitgate/coordinator.test.ts"},{"assertionResults":[{"ancestorTitles":["canonical manifest and path policy"],"fullName":"canonical manifest and path policy is independent of mtime and ignores ephemeral trees","status":"passed","title":"is independent of mtime and ignores ephemeral trees","duration":18.588792000000012,"failureMessages":[],"meta":{},"tags":[]},{"ancestorTitles":["canonical manifest and path policy"],"fullName":"canonical manifest and path policy changes for content, executable mode, and deletion","status":"passed","title":"changes for content, executable mode, and deletion","duration":35.090040999999985,"failureMessages":[],"meta":{},"tags":[]},{"ancestorTitles":["canonical manifest and path policy"],"fullName":"canonical manifest and path policy classifies platform and ephemeral paths by fixed trust rules","status":"passed","title":"classifies platform and ephemeral paths by fixed trust rules","duration":0.3706250000000182,"failureMessages":[],"meta":{},"tags":[]},{"ancestorTitles":["canonical manifest and path policy"],"fullName":"canonical manifest and path policy rejects unsafe policy paths","status":"passed","title":"rejects unsafe policy paths","duration":0.9547079999999823,"failureMessages":[],"meta":{},"tags":[]},{"ancestorTitles":["canonical manifest and path policy"],"fullName":"canonical manifest and path policy rejects authoritative symlinks and hardlinks","status":"passed","title":"rejects authoritative symlinks and hardlinks","duration":9.212333999999998,"failureMessages":[],"meta":{},"tags":[]},{"ancestorTitles":["canonical manifest and path policy"],"fullName":"canonical manifest and path policy rejects case-fold and Unicode-normalization path aliases","status":"passed","title":"rejects case-fold and Unicode-normalization path aliases","duration":0.5820830000000115,"failureMessages":[],"meta":{},"tags":[]},{"ancestorTitles":["canonical manifest and path policy"],"fullName":"canonical manifest and path policy rejects sparse authoritative files on the strong-guarantee platform","status":"skipped","title":"rejects sparse authoritative files on the strong-guarantee platform","failureMessages":[],"meta":{},"tags":[]}],"startTime":1788094865109,"endTime":1788094865173.582,"status":"passed","message":"","name":"<REPO_ROOT>/apps/server/src/commitgate/manifest.test.ts"},{"assertionResults":[{"ancestorTitles":["sealed state protocol"],"fullName":"sealed state protocol binds generation into StateViewId so equal bytes cannot replay across ABA","status":"passed","title":"binds generation into StateViewId so equal bytes cannot replay across ABA","duration":3.1287080000000174,"failureMessages":[],"meta":{},"tags":[]},{"ancestorTitles":["sealed state protocol"],"fullName":"sealed state protocol never re-reads the original candidate after sealing","status":"passed","title":"never re-reads the original candidate after sealing","duration":35.19179100000002,"failureMessages":[],"meta":{},"tags":[]},{"ancestorTitles":["sealed state protocol"],"fullName":"sealed state protocol rejects a sealed proposal whose payload root regains write permission","status":"passed","title":"rejects a sealed proposal whose payload root regains write permission","duration":15.272375000000011,"failureMessages":[],"meta":{},"tags":[]},{"ancestorTitles":["sealed state protocol"],"fullName":"sealed state protocol prevents an Agent PID1-exit background late-write from changing the sealed proposal or promotion source","status":"passed","title":"prevents an Agent PID1-exit background late-write from changing the sealed proposal or promotion source","duration":232.34241699999995,"failureMessages":[],"meta":{},"tags":[]},{"ancestorTitles":["sealed state protocol"],"fullName":"sealed state protocol durably rejects replay of a claimed promotion permit","status":"passed","title":"durably rejects replay of a claimed promotion permit","duration":39.40158399999996,"failureMessages":[],"meta":{},"tags":[]},{"ancestorTitles":["sealed state protocol"],"fullName":"sealed state protocol refuses to mint a permit for partial, failing, or wrong-input evidence","status":"passed","title":"refuses to mint a permit for partial, failing, or wrong-input evidence","duration":26.81291699999997,"failureMessages":[],"meta":{},"tags":[]},{"ancestorTitles":["sealed state protocol"],"fullName":"sealed state protocol changes EvaluationContextHash when policy/check/verifier context drifts","status":"passed","title":"changes EvaluationContextHash when policy/check/verifier context drifts","duration":1.19724999999994,"failureMessages":[],"meta":{},"tags":[]}],"startTime":1788094865162,"endTime":1788094865515.1973,"status":"passed","message":"","name":"<REPO_ROOT>/apps/server/src/commitgate/protocol.test.ts"},{"assertionResults":[{"ancestorTitles":["receipt redaction"],"fullName":"receipt redaction redacts per-run Model Relay capabilities","status":"passed","title":"redacts per-run Model Relay capabilities","duration":2.229582999999991,"failureMessages":[],"meta":{},"tags":[]},{"ancestorTitles":["terminal receipt history"],"fullName":"terminal receipt history does not rewrite a legacy terminal receipt without transactionStatus","status":"passed","title":"does not rewrite a legacy terminal receipt without transactionStatus","duration":15.782291000000015,"failureMessages":[],"meta":{},"tags":[]},{"ancestorTitles":["terminal receipt history"],"fullName":"terminal receipt history appends and deduplicates recovery events without changing the receipt","status":"passed","title":"appends and deduplicates recovery events without changing the receipt","duration":8.095208999999983,"failureMessages":[],"meta":{},"tags":[]},{"ancestorTitles":["terminal receipt history"],"fullName":"terminal receipt history deduplicates repeated permit replay audit events","status":"passed","title":"deduplicates repeated permit replay audit events","duration":8.18187500000002,"failureMessages":[],"meta":{},"tags":[]}],"startTime":1788094865560,"endTime":1788094865595.182,"status":"passed","message":"","name":"<REPO_ROOT>/apps/server/src/commitgate/receipt-store.test.ts"},{"assertionResults":[{"ancestorTitles":["CommitGate fail-closed robustness"],"fullName":"CommitGate fail-closed robustness rejects file budgets, canaries, and platform-managed edits together","status":"passed","title":"rejects file budgets, canaries, and platform-managed edits together","duration":49.367208000000005,"failureMessages":[],"meta":{},"tags":[]},{"ancestorTitles":["CommitGate fail-closed robustness"],"fullName":"CommitGate fail-closed robustness aborts on missing verifier exit evidence","status":"passed","title":"aborts on missing verifier exit evidence","duration":91.598791,"failureMessages":[],"meta":{},"tags":[]},{"ancestorTitles":["CommitGate fail-closed robustness"],"fullName":"CommitGate fail-closed robustness aborts PASS without exit zero and duplicate results as broken evidence","status":"passed","title":"aborts PASS without exit zero and duplicate results as broken evidence","duration":80.79954200000009,"failureMessages":[],"meta":{},"tags":[]},{"ancestorTitles":["CommitGate fail-closed robustness"],"fullName":"CommitGate fail-closed robustness aborts when the verifier image or trusted context drifts after checks","status":"passed","title":"aborts when the verifier image or trusted context drifts after checks","duration":63.07945899999993,"failureMessages":[],"meta":{},"tags":[]},{"ancestorTitles":["CommitGate fail-closed robustness"],"fullName":"CommitGate fail-closed robustness promotes sealed bytes even if the obsolete candidate path is recreated and modified","status":"passed","title":"promotes sealed bytes even if the obsolete candidate path is recreated and modified","duration":74.05866700000001,"failureMessages":[],"meta":{},"tags":[]},{"ancestorTitles":["CommitGate fail-closed robustness"],"fullName":"CommitGate fail-closed robustness makes repeated finalization idempotent","status":"passed","title":"makes repeated finalization idempotent","duration":71.61704199999997,"failureMessages":[],"meta":{},"tags":[]},{"ancestorTitles":["CommitGate fail-closed robustness"],"fullName":"CommitGate fail-closed robustness aborts an already-cancelled verification and preserves the base","status":"passed","title":"aborts an already-cancelled verification and preserves the base","duration":23.062542000000008,"failureMessages":[],"meta":{},"tags":[]},{"ancestorTitles":["CommitGate fail-closed robustness"],"fullName":"CommitGate fail-closed robustness redacts credential-shaped verifier output in persisted receipts","status":"passed","title":"redacts credential-shaped verifier output in persisted receipts","duration":6.113583000000062,"failureMessages":[],"meta":{},"tags":[]},{"ancestorTitles":["CommitGate fail-closed robustness"],"fullName":"CommitGate fail-closed robustness cleans orphan candidate and verify directories during startup recovery","status":"passed","title":"cleans orphan candidate and verify directories during startup recovery","duration":10.563583000000108,"failureMessages":[],"meta":{},"tags":[]},{"ancestorTitles":["CommitGate fail-closed robustness"],"fullName":"CommitGate fail-closed robustness acknowledges a database-committed rollback without appending a fake commit event","status":"passed","title":"acknowledges a database-committed rollback without appending a fake commit event","duration":45.39545799999996,"failureMessages":[],"meta":{},"tags":[]},{"ancestorTitles":["CommitGate fail-closed robustness"],"fullName":"CommitGate fail-closed robustness rolls back a no-op promotion when the database still points at the prior event","status":"passed","title":"rolls back a no-op promotion when the database still points at the prior event","duration":78.85916599999996,"failureMessages":[],"meta":{},"tags":[]},{"ancestorTitles":["CommitGate fail-closed robustness"],"fullName":"CommitGate fail-closed robustness rolls back a same-snapshot rollback when the database head event was not advanced","status":"passed","title":"rolls back a same-snapshot rollback when the database head event was not advanced","duration":39.40108400000008,"failureMessages":[],"meta":{},"tags":[]},{"ancestorTitles":["CommitGate fail-closed robustness"],"fullName":"CommitGate fail-closed robustness restores the base before recording ABORTED when the first promoted receipt write fails","status":"passed","title":"restores the base before recording ABORTED when the first promoted receipt write fails","duration":41.94912499999987,"failureMessages":[],"meta":{},"tags":[]},{"ancestorTitles":["CommitGate fail-closed robustness"],"fullName":"CommitGate fail-closed robustness recovers forward after product DB commit when final receipt cleanup fails","status":"passed","title":"recovers forward after product DB commit when final receipt cleanup fails","duration":69.82120899999995,"failureMessages":[],"meta":{},"tags":[]},{"ancestorTitles":["CommitGate fail-closed robustness"],"fullName":"CommitGate fail-closed robustness isolates a corrupt journal as manual intervention instead of aborting recovery","status":"passed","title":"isolates a corrupt journal as manual intervention instead of aborting recovery","duration":6.620541000000003,"failureMessages":[],"meta":{},"tags":[]},{"ancestorTitles":["CommitGate fail-closed robustness"],"fullName":"CommitGate fail-closed robustness rejects a FIFO special file without following or reading it","status":"passed","title":"rejects a FIFO special file without following or reading it","duration":12.611500000000206,"failureMessages":[],"meta":{},"tags":[]},{"ancestorTitles":["CommitGate fail-closed robustness"],"fullName":"CommitGate fail-closed robustness keeps the generic trusted sanity check compatible with a v1 workspace","status":"passed","title":"keeps the generic trusted sanity check compatible with a v1 workspace","duration":120.18116599999985,"failureMessages":[],"meta":{},"tags":[]},{"ancestorTitles":["CommitGate fail-closed robustness"],"fullName":"CommitGate fail-closed robustness cancels an active decorated runner and emits an ABORTED receipt","status":"passed","title":"cancels an active decorated runner and emits an ABORTED receipt","duration":22.63712499999997,"failureMessages":[],"meta":{},"tags":[]},{"ancestorTitles":["CommitGate fail-closed robustness"],"fullName":"CommitGate fail-closed robustness normalizes cancellation requested while candidate preparation is in flight","status":"passed","title":"normalizes cancellation requested while candidate preparation is in flight","duration":20.978624999999965,"failureMessages":[],"meta":{},"tags":[]}],"startTime":1788094865330,"endTime":1788094866258.9785,"status":"passed","message":"","name":"<REPO_ROOT>/apps/server/src/commitgate/robustness.test.ts"},{"assertionResults":[{"ancestorTitles":["Docker verifier isolation"],"fullName":"Docker verifier isolation mounts an immutable proposal and checks bundle with an isolated scratch","status":"passed","title":"mounts an immutable proposal and checks bundle with an isolated scratch","duration":3.7621670000000336,"failureMessages":[],"meta":{},"tags":[]},{"ancestorTitles":["Docker verifier isolation"],"fullName":"Docker verifier isolation uses fixed named-volume subpaths for Broker-owned verifier inputs","status":"passed","title":"uses fixed named-volume subpaths for Broker-owned verifier inputs","duration":0.7522500000000036,"failureMessages":[],"meta":{},"tags":[]},{"ancestorTitles":["Docker verifier isolation"],"fullName":"Docker verifier isolation keeps bundled trusted-check defaults aligned with the proposal mount","status":"passed","title":"keeps bundled trusted-check defaults aligned with the proposal mount","duration":3.0491250000000036,"failureMessages":[],"meta":{},"tags":[]},{"ancestorTitles":["Docker verifier isolation"],"fullName":"Docker verifier isolation fails closed before spawning when a protected run has no trusted check","status":"passed","title":"fails closed before spawning when a protected run has no trusted check","duration":1.8519999999999754,"failureMessages":[],"meta":{},"tags":[]},{"ancestorTitles":["Docker verifier isolation"],"fullName":"Docker verifier isolation rejects candidate-controlled and shell-wrapped check entrypoints","status":"passed","title":"rejects candidate-controlled and shell-wrapped check entrypoints","duration":0.35504200000002584,"failureMessages":[],"meta":{},"tags":[]},{"ancestorTitles":["Docker verifier isolation"],"fullName":"Docker verifier isolation accounts timeout and output across the whole verifier run","status":"passed","title":"accounts timeout and output across the whole verifier run","duration":0.26412500000003547,"failureMessages":[],"meta":{},"tags":[]},{"ancestorTitles":["Docker verifier isolation"],"fullName":"Docker verifier isolation binds actual image identity, verifier config, resources and check content","status":"passed","title":"binds actual image identity, verifier config, resources and check content","duration":34.88220799999999,"failureMessages":[],"meta":{},"tags":[]},{"ancestorTitles":["Docker verifier isolation"],"fullName":"Docker verifier isolation mounts the exact sealed bundle bound to the run after the live source changes","status":"passed","title":"mounts the exact sealed bundle bound to the run after the live source changes","duration":17.000125000000025,"failureMessages":[],"meta":{},"tags":[]},{"ancestorTitles":["Docker verifier isolation"],"fullName":"Docker verifier isolation classifies a signal-range container exit as infrastructure ERROR, not policy FAIL","status":"passed","title":"classifies a signal-range container exit as infrastructure ERROR, not policy FAIL","duration":10.099917000000005,"failureMessages":[],"meta":{},"tags":[]},{"ancestorTitles":["Docker verifier isolation"],"fullName":"Docker verifier isolation rejects a context hash that does not name the run's sealed bundle","status":"passed","title":"rejects a context hash that does not name the run's sealed bundle","duration":14.675291999999956,"failureMessages":[],"meta":{},"tags":[]},{"ancestorTitles":["trusted check bundle"],"fullName":"trusted check bundle imports a readonly content-addressed payload separate from the mutable source","status":"passed","title":"imports a readonly content-addressed payload separate from the mutable source","duration":21.738707999999974,"failureMessages":[],"meta":{},"tags":[]},{"ancestorTitles":["trusted check bundle"],"fullName":"trusted check bundle rejects a sealed bundle whose payload root regains write permission","status":"passed","title":"rejects a sealed bundle whose payload root regains write permission","duration":13.52174999999994,"failureMessages":[],"meta":{},"tags":[]},{"ancestorTitles":["trusted check bundle"],"fullName":"trusted check bundle is deterministic and changes with trusted check content","status":"passed","title":"is deterministic and changes with trusted check content","duration":10.752707999999984,"failureMessages":[],"meta":{},"tags":[]},{"ancestorTitles":["trusted check bundle"],"fullName":"trusted check bundle rejects symlinks and hardlinks transitively","status":"passed","title":"rejects symlinks and hardlinks transitively","duration":5.762666999999965,"failureMessages":[],"meta":{},"tags":[]}],"startTime":1788094865137,"endTime":1788094865276.7627,"status":"passed","message":"","name":"<REPO_ROOT>/apps/server/src/commitgate/verifier-runner.test.ts"},{"assertionResults":[{"ancestorTitles":["Broker attestation envelope"],"fullName":"Broker attestation envelope authenticates the complete canonical payload","status":"passed","title":"authenticates the complete canonical payload","duration":14.396917000000002,"failureMessages":[],"meta":{},"tags":[]},{"ancestorTitles":["Broker attestation envelope"],"fullName":"Broker attestation envelope rejects payload tampering and the wrong key","status":"passed","title":"rejects payload tampering and the wrong key","duration":1.0371250000000032,"failureMessages":[],"meta":{},"tags":[]},{"ancestorTitles":["Broker attestation envelope"],"fullName":"Broker attestation envelope rejects short keys instead of silently weakening production proofs","status":"passed","title":"rejects short keys instead of silently weakening production proofs","duration":0.17795800000001805,"failureMessages":[],"meta":{},"tags":[]}],"startTime":1788094865516,"endTime":1788094865532.178,"status":"passed","message":"","name":"<REPO_ROOT>/apps/server/src/runtime-broker/attestation.test.ts"},{"assertionResults":[{"ancestorTitles":["Broker-authenticated Runtime and Verifier facts"],"fullName":"Broker-authenticated Runtime and Verifier facts rejects caller-forged all-true teardown and PASS evidence","status":"passed","title":"rejects caller-forged all-true teardown and PASS evidence","duration":309.945208,"failureMessages":[],"meta":{},"tags":[]}],"startTime":1788094865321,"endTime":1788094865630.9453,"status":"passed","message":"","name":"<REPO_ROOT>/apps/server/src/transition-worker/broker-attestation.test.ts"},{"assertionResults":[{"ancestorTitles":["TransitionWorker opaque exchange-ref binding"],"fullName":"TransitionWorker opaque exchange-ref binding derives candidate-${runId}, rejects caller-selected refs, and tombstones cross-Agent reuse","status":"passed","title":"derives candidate-${runId}, rejects caller-selected refs, and tombstones cross-Agent reuse","duration":254.32687499999997,"failureMessages":[],"meta":{},"tags":[]},{"ancestorTitles":["TransitionWorker opaque exchange-ref binding"],"fullName":"TransitionWorker opaque exchange-ref binding seals only the transition's durable candidate and never adopts an unbound export","status":"passed","title":"seals only the transition's durable candidate and never adopts an unbound export","duration":135.8449999999999,"failureMessages":[],"meta":{},"tags":[]},{"ancestorTitles":["TransitionWorker opaque exchange-ref binding"],"fullName":"TransitionWorker opaque exchange-ref binding exports only verify-${runId} and cannot overwrite another run's export","status":"passed","title":"exports only verify-${runId} and cannot overwrite another run's export","duration":252.228208,"failureMessages":[],"meta":{},"tags":[]}],"startTime":1788094865339,"endTime":1788094865981.2283,"status":"passed","message":"","name":"<REPO_ROOT>/apps/server/src/transition-worker/opaque-ref-binding.test.ts"},{"assertionResults":[{"ancestorTitles":["TransitionWorker-owned authorization contract"],"fullName":"TransitionWorker-owned authorization contract disables the legacy unleased Agent-commit admission method in production","status":"passed","title":"disables the legacy unleased Agent-commit admission method in production","duration":279.70895800000005,"failureMessages":[],"meta":{},"tags":[]},{"ancestorTitles":["TransitionWorker-owned authorization contract"],"fullName":"TransitionWorker-owned authorization contract rejects a protected proposal even when the caller submits self-consistent PASS evidence","status":"passed","title":"rejects a protected proposal even when the caller submits self-consistent PASS evidence","duration":124.47466600000007,"failureMessages":[],"meta":{},"tags":[]},{"ancestorTitles":["TransitionWorker-owned authorization contract"],"fullName":"TransitionWorker-owned authorization contract rejects a missing trusted-check set","status":"passed","title":"rejects a missing trusted-check set","duration":110.93770900000004,"failureMessages":[],"meta":{},"tags":[]},{"ancestorTitles":["TransitionWorker-owned authorization contract"],"fullName":"TransitionWorker-owned authorization contract rejects a extra trusted-check set","status":"passed","title":"rejects a extra trusted-check set","duration":108.73729099999991,"failureMessages":[],"meta":{},"tags":[]},{"ancestorTitles":["TransitionWorker-owned authorization contract"],"fullName":"TransitionWorker-owned authorization contract rejects a wrong trusted-check set","status":"passed","title":"rejects a wrong trusted-check set","duration":99.35245800000007,"failureMessages":[],"meta":{},"tags":[]},{"ancestorTitles":["TransitionWorker-owned authorization contract"],"fullName":"TransitionWorker-owned authorization contract rejects a caller-selected policy","status":"passed","title":"rejects a caller-selected policy","duration":82.04950000000008,"failureMessages":[],"meta":{},"tags":[]},{"ancestorTitles":["TransitionWorker-owned authorization contract"],"fullName":"TransitionWorker-owned authorization contract rejects a caller-selected check specification","status":"passed","title":"rejects a caller-selected check specification","duration":74.78891599999997,"failureMessages":[],"meta":{},"tags":[]},{"ancestorTitles":["TransitionWorker-owned authorization contract"],"fullName":"TransitionWorker-owned authorization contract rejects a caller-selected manifest schema","status":"passed","title":"rejects a caller-selected manifest schema","duration":82.81958299999997,"failureMessages":[],"meta":{},"tags":[]},{"ancestorTitles":["TransitionWorker-owned authorization contract"],"fullName":"TransitionWorker-owned authorization contract rechecks source revision at permit issuance even without the production record-time fence","status":"passed","title":"rechecks source revision at permit issuance even without the production record-time fence","duration":81.30041600000004,"failureMessages":[],"meta":{},"tags":[]},{"ancestorTitles":["TransitionWorker-owned authorization contract"],"fullName":"TransitionWorker-owned authorization contract rejects an unpinned trusted-check bundle","status":"passed","title":"rejects an unpinned trusted-check bundle","duration":84.08404200000018,"failureMessages":[],"meta":{},"tags":[]},{"ancestorTitles":["TransitionWorker-owned authorization contract"],"fullName":"TransitionWorker-owned authorization contract rejects an unpinned Verifier image","status":"passed","title":"rejects an unpinned Verifier image","duration":65.92758300000014,"failureMessages":[],"meta":{},"tags":[]},{"ancestorTitles":["TransitionWorker-owned authorization contract"],"fullName":"TransitionWorker-owned authorization contract rejects an unpinned Verifier config","status":"passed","title":"rejects an unpinned Verifier config","duration":61.02191700000003,"failureMessages":[],"meta":{},"tags":[]},{"ancestorTitles":["TransitionWorker-owned authorization contract"],"fullName":"TransitionWorker-owned authorization contract rejects an unpinned resource policy","status":"passed","title":"rejects an unpinned resource policy","duration":61.102957999999944,"failureMessages":[],"meta":{},"tags":[]}],"startTime":1788094865322,"endTime":1788094866639.103,"status":"passed","message":"","name":"<REPO_ROOT>/apps/server/src/transition-worker/worker-policy.test.ts"}]}