{"numTotalTestSuites":29,"numPassedTestSuites":29,"numFailedTestSuites":0,"numPendingTestSuites":0,"numTotalTests":112,"numPassedTests":111,"numFailedTests":0,"numPendingTests":1,"numTodoTests":0,"snapshot":{"added":0,"failure":false,"filesAdded":0,"filesRemoved":0,"filesRemovedList":[],"filesUnmatched":0,"filesUpdated":0,"matched":0,"total":0,"unchecked":0,"uncheckedKeysByFile":[],"unmatched":0,"updated":0,"didUpdate":false},"startTime":1788097118715,"success":true,"testResults":[{"assertionResults":[{"ancestorTitles":["Agent lifecycle"],"fullName":"Agent lifecycle creates, updates, stops, starts and deletes an Agent","status":"passed","title":"creates, updates, stops, starts and deletes an Agent","duration":90.9842920000001,"failureMessages":[],"meta":{},"tags":[]},{"ancestorTitles":["Agent lifecycle"],"fullName":"Agent lifecycle persists a playground conversation","status":"passed","title":"persists a playground conversation","duration":68.59054199999991,"failureMessages":[],"meta":{},"tags":[]},{"ancestorTitles":["Agent lifecycle"],"fullName":"Agent lifecycle atomically accepts only one concurrent run per Agent","status":"passed","title":"atomically accepts only one concurrent run per Agent","duration":65.0964170000002,"failureMessages":[],"meta":{},"tags":[]},{"ancestorTitles":["Agent lifecycle"],"fullName":"Agent lifecycle does not let start reset a busy Agent and admit a second run","status":"passed","title":"does not let start reset a busy Agent and admit a second run","duration":64.978791,"failureMessages":[],"meta":{},"tags":[]},{"ancestorTitles":["Agent lifecycle"],"fullName":"Agent lifecycle records a stale callback when the active lease has been replaced without mutating authoritative state","status":"passed","title":"records a stale callback when the active lease has been replaced without mutating authoritative state","duration":75.04762499999993,"failureMessages":[],"meta":{},"tags":[]},{"ancestorTitles":["Agent lifecycle"],"fullName":"Agent lifecycle rebinds a queued follow-up from submittedViewId to the current View and fresh session","status":"passed","title":"rebinds a queued follow-up from submittedViewId to the current View and fresh session","duration":91.32487500000002,"failureMessages":[],"meta":{},"tags":[]},{"ancestorTitles":["Agent lifecycle"],"fullName":"Agent lifecycle rejects a cross-Agent rollback version before reserving the target Agent","status":"passed","title":"rejects a cross-Agent rollback version before reserving the target Agent","duration":18.278290999999854,"failureMessages":[],"meta":{},"tags":[]}],"startTime":1788097119929,"endTime":1788097120403.2783,"status":"passed","message":"","name":"<REPO_ROOT>/apps/server/src/agent-service.test.ts"},{"assertionResults":[{"ancestorTitles":["HTTP boundary"],"fullName":"HTTP boundary protects API routes with the configured shared token","status":"passed","title":"protects API routes with the configured shared token","duration":220.62404199999992,"failureMessages":[],"meta":{},"tags":[]},{"ancestorTitles":["HTTP boundary"],"fullName":"HTTP boundary exposes an Agent-scoped rollback receipt proof only with APP_AUTH_TOKEN","status":"passed","title":"exposes an Agent-scoped rollback receipt proof only with APP_AUTH_TOKEN","duration":17.92645800000014,"failureMessages":[],"meta":{},"tags":[]},{"ancestorTitles":["HTTP boundary"],"fullName":"HTTP boundary preserves Fastify client error status codes","status":"passed","title":"preserves Fastify client error status codes","duration":14.67233299999998,"failureMessages":[],"meta":{},"tags":[]},{"ancestorTitles":["HTTP boundary"],"fullName":"HTTP boundary exposes receipt, version history and coded rollback conflicts","status":"passed","title":"exposes receipt, version history and coded rollback conflicts","duration":28.630208999999923,"failureMessages":[],"meta":{},"tags":[]},{"ancestorTitles":["HTTP boundary"],"fullName":"HTTP boundary fail-closes CommitGate mutation APIs when APP_AUTH_TOKEN is absent","status":"passed","title":"fail-closes CommitGate mutation APIs when APP_AUTH_TOKEN is absent","duration":8.288125000000036,"failureMessages":[],"meta":{},"tags":[]}],"startTime":1788097119713,"endTime":1788097120004.288,"status":"passed","message":"","name":"<REPO_ROOT>/apps/server/src/app.test.ts"},{"assertionResults":[{"ancestorTitles":["StateView"],"fullName":"StateView is deterministic and schema-bound","status":"passed","title":"is deterministic and schema-bound","duration":4.770583999999985,"failureMessages":[],"meta":{},"tags":[]},{"ancestorTitles":["StateView"],"fullName":"StateView changes when generation changes","status":"passed","title":"changes when generation changes","duration":0.6574590000000171,"failureMessages":[],"meta":{},"tags":[]},{"ancestorTitles":["StateView"],"fullName":"StateView changes when session epoch changes","status":"passed","title":"changes when session epoch changes","duration":0.25575000000003456,"failureMessages":[],"meta":{},"tags":[]},{"ancestorTitles":["StateView"],"fullName":"StateView changes when configuration changes","status":"passed","title":"changes when configuration changes","duration":0.2865000000000464,"failureMessages":[],"meta":{},"tags":[]},{"ancestorTitles":["StateView"],"fullName":"StateView changes when policy changes","status":"passed","title":"changes when policy changes","duration":0.17229199999997036,"failureMessages":[],"meta":{},"tags":[]},{"ancestorTitles":["StateView"],"fullName":"StateView changes when head changes","status":"passed","title":"changes when head changes","duration":0.1094590000000153,"failureMessages":[],"meta":{},"tags":[]},{"ancestorTitles":["StateView"],"fullName":"StateView changes when content changes","status":"passed","title":"changes when content changes","duration":0.13083299999999554,"failureMessages":[],"meta":{},"tags":[]},{"ancestorTitles":["StateView"],"fullName":"StateView fences an ABA even when the live hash returns to H0","status":"passed","title":"fences an ABA even when the live hash returns to H0","duration":0.28204099999999244,"failureMessages":[],"meta":{},"tags":[]}],"startTime":1788097120637,"endTime":1788097120643.2866,"status":"passed","message":"","name":"<REPO_ROOT>/apps/server/src/state-view.test.ts"},{"assertionResults":[{"ancestorTitles":["JsonStore"],"fullName":"JsonStore migrates a version 1 database without inventing gate evidence","status":"passed","title":"migrates a version 1 database without inventing gate evidence","duration":28.645291999999984,"failureMessages":[],"meta":{},"tags":[]},{"ancestorTitles":["JsonStore"],"fullName":"JsonStore migrates v2 receipts to read-only legacyReceipt and fences legacy messages","status":"passed","title":"migrates v2 receipts to read-only legacyReceipt and fences legacy messages","duration":7.635749999999973,"failureMessages":[],"meta":{},"tags":[]},{"ancestorTitles":["JsonStore"],"fullName":"JsonStore does not publish a mutation in memory when persistence fails","status":"passed","title":"does not publish a mutation in memory when persistence fails","duration":10.945250000000044,"failureMessages":[],"meta":{},"tags":[]}],"startTime":1788097120490,"endTime":1788097120537.9453,"status":"passed","message":"","name":"<REPO_ROOT>/apps/server/src/store.test.ts"},{"assertionResults":[{"ancestorTitles":["WorkerCommitGateRunner"],"fullName":"WorkerCommitGateRunner quiesces a Broker orphan before restart recovery destroys candidate bytes","status":"passed","title":"quiesces a Broker orphan before restart recovery destroys candidate bytes","duration":557.011125,"failureMessages":[],"meta":{},"tags":[]},{"ancestorTitles":["WorkerCommitGateRunner"],"fullName":"WorkerCommitGateRunner recovers an idempotent prepared admission after its RPC response is lost and never runs Agent code","status":"passed","title":"recovers an idempotent prepared admission after its RPC response is lost and never runs Agent code","duration":249.4380000000001,"failureMessages":[],"meta":{},"tags":[]},{"ancestorTitles":["WorkerCommitGateRunner"],"fullName":"WorkerCommitGateRunner reconciles a committed terminal fact when the promotion acknowledgement response is lost","status":"passed","title":"reconciles a committed terminal fact when the promotion acknowledgement response is lost","duration":376.1882499999999,"failureMessages":[],"meta":{},"tags":[]},{"ancestorTitles":["WorkerCommitGateRunner"],"fullName":"WorkerCommitGateRunner commits through proposal, evidence, permit and Worker generation CAS","status":"passed","title":"commits through proposal, evidence, permit and Worker generation CAS","duration":247.26412500000015,"failureMessages":[],"meta":{},"tags":[]},{"ancestorTitles":["WorkerCommitGateRunner"],"fullName":"WorkerCommitGateRunner quarantines a protected-path change without advancing workspace generation","status":"passed","title":"quarantines a protected-path change without advancing workspace generation","duration":144.8885409999998,"failureMessages":[],"meta":{},"tags":[]},{"ancestorTitles":["WorkerCommitGateRunner"],"fullName":"WorkerCommitGateRunner records an ABORTED non-promotion receipt after a prepared verifier outage","status":"passed","title":"records an ABORTED non-promotion receipt after a prepared verifier outage","duration":157.4010000000003,"failureMessages":[],"meta":{},"tags":[]},{"ancestorTitles":["WorkerCommitGateRunner"],"fullName":"WorkerCommitGateRunner quarantines deterministic candidate manifest violations but aborts missing storage","status":"passed","title":"quarantines deterministic candidate manifest violations but aborts missing storage","duration":169.90029099999992,"failureMessages":[],"meta":{},"tags":[]},{"ancestorTitles":["WorkerCommitGateRunner"],"fullName":"WorkerCommitGateRunner maps a stale Worker View CAS to one durable CONFLICTED disposition before finalize","status":"passed","title":"maps a stale Worker View CAS to one durable CONFLICTED disposition before finalize","duration":325.5189169999999,"failureMessages":[],"meta":{},"tags":[]},{"ancestorTitles":["WorkerCommitGateRunner"],"fullName":"WorkerCommitGateRunner makes cancellation authoritative before verifier","status":"passed","title":"makes cancellation authoritative before verifier","duration":179.7780419999999,"failureMessages":[],"meta":{},"tags":[]},{"ancestorTitles":["WorkerCommitGateRunner"],"fullName":"WorkerCommitGateRunner makes cancellation authoritative before permit","status":"passed","title":"makes cancellation authoritative before permit","duration":244.19341699999995,"failureMessages":[],"meta":{},"tags":[]},{"ancestorTitles":["WorkerCommitGateRunner"],"fullName":"WorkerCommitGateRunner makes cancellation authoritative before promotion","status":"passed","title":"makes cancellation authoritative before promotion","duration":232.7359580000002,"failureMessages":[],"meta":{},"tags":[]}],"startTime":1788097119821,"endTime":1788097122705.7358,"status":"passed","message":"","name":"<REPO_ROOT>/apps/server/src/worker-commitgate-runner.test.ts"},{"assertionResults":[{"ancestorTitles":["CommitGateRunner"],"fullName":"CommitGateRunner promotes a valid candidate and records INITIAL plus AGENT_COMMIT","status":"passed","title":"promotes a valid candidate and records INITIAL plus AGENT_COMMIT","duration":452.300791,"failureMessages":[],"meta":{},"tags":[]},{"ancestorTitles":["CommitGateRunner"],"fullName":"CommitGateRunner quarantines protected changes, preserves persistent state, and resets thread","status":"passed","title":"quarantines protected changes, preserves persistent state, and resets thread","duration":72.59362499999997,"failureMessages":[],"meta":{},"tags":[]},{"ancestorTitles":["CommitGateRunner"],"fullName":"CommitGateRunner uses trusted check exit evidence rather than candidate-authored scripts","status":"passed","title":"uses trusted check exit evidence rather than candidate-authored scripts","duration":182.70966599999997,"failureMessages":[],"meta":{},"tags":[]},{"ancestorTitles":["CommitGateRunner"],"fullName":"CommitGateRunner detects a persistent-state conflict during independent verification","status":"passed","title":"detects a persistent-state conflict during independent verification","duration":109.68887500000005,"failureMessages":[],"meta":{},"tags":[]},{"ancestorTitles":["CommitGateRunner"],"fullName":"CommitGateRunner fails closed on ignored ephemeral file-count and byte DoS before sealing","status":"passed","title":"fails closed on ignored ephemeral file-count and byte DoS before sealing","duration":108.51504100000011,"failureMessages":[],"meta":{},"tags":[]},{"ancestorTitles":["CommitGateRunner"],"fullName":"CommitGateRunner detects H0 to H1 to H0 ABA through the authoritative generation","status":"passed","title":"detects H0 to H1 to H0 ABA through the authoritative generation","duration":74.07020899999998,"failureMessages":[],"meta":{},"tags":[]},{"ancestorTitles":["CommitGateRunner"],"fullName":"CommitGateRunner stores an ABORTED receipt when the wrapped runner fails","status":"passed","title":"stores an ABORTED receipt when the wrapped runner fails","duration":33.275750000000016,"failureMessages":[],"meta":{},"tags":[]},{"ancestorTitles":["CommitGateRunner"],"fullName":"CommitGateRunner writes a minimum CONFLICTED receipt when StateView admission fails","status":"passed","title":"writes a minimum CONFLICTED receipt when StateView admission fails","duration":30.539125000000013,"failureMessages":[],"meta":{},"tags":[]},{"ancestorTitles":["CommitGateRunner"],"fullName":"CommitGateRunner writes a minimum ABORTED receipt when prepare infrastructure fails","status":"passed","title":"writes a minimum ABORTED receipt when prepare infrastructure fails","duration":16.31945799999994,"failureMessages":[],"meta":{},"tags":[]},{"ancestorTitles":["CommitGateRunner"],"fullName":"CommitGateRunner dispositions a pre-swap pending receipt that has no journal","status":"passed","title":"dispositions a pre-swap pending receipt that has no journal","duration":27.285290999999916,"failureMessages":[],"meta":{},"tags":[]},{"ancestorTitles":["CommitGateRunner"],"fullName":"CommitGateRunner fails closed after a crash before database acknowledgement","status":"passed","title":"fails closed after a crash before database acknowledgement","duration":98.83958399999983,"failureMessages":[],"meta":{},"tags":[]},{"ancestorTitles":["CommitGateRunner"],"fullName":"CommitGateRunner preserves a legacy terminal receipt and appends recovery disposition","status":"passed","title":"preserves a legacy terminal receipt and appends recovery disposition","duration":95.65141700000004,"failureMessages":[],"meta":{},"tags":[]}],"startTime":1788097119729,"endTime":1788097121030.6514,"status":"passed","message":"","name":"<REPO_ROOT>/apps/server/src/commitgate/coordinator.test.ts"},{"assertionResults":[{"ancestorTitles":["effect disposition proof"],"fullName":"effect disposition proof proves exact proposal promotion for a commit","status":"passed","title":"proves exact proposal promotion for a commit","duration":5.015333000000055,"failureMessages":[],"meta":{},"tags":[]},{"ancestorTitles":["effect disposition proof"],"fullName":"effect disposition proof proves no persistent effect for QUARANTINED","status":"passed","title":"proves no persistent effect for QUARANTINED","duration":0.3859590000000708,"failureMessages":[],"meta":{},"tags":[]},{"ancestorTitles":["effect disposition proof"],"fullName":"effect disposition proof proves no persistent effect for CONFLICTED","status":"passed","title":"proves no persistent effect for CONFLICTED","duration":0.15558400000008987,"failureMessages":[],"meta":{},"tags":[]},{"ancestorTitles":["effect disposition proof"],"fullName":"effect disposition proof proves no persistent effect for ABORTED","status":"passed","title":"proves no persistent effect for ABORTED","duration":0.20474999999999,"failureMessages":[],"meta":{},"tags":[]},{"ancestorTitles":["effect disposition proof"],"fullName":"effect disposition proof fails closed when a rejected run changed the authoritative hash","status":"passed","title":"fails closed when a rejected run changed the authoritative hash","duration":0.31987500000002456,"failureMessages":[],"meta":{},"tags":[]},{"ancestorTitles":["effect disposition proof"],"fullName":"effect disposition proof distinguishes an unobserved candidate and proves a conflict against disposition-time HEAD","status":"passed","title":"distinguishes an unobserved candidate and proves a conflict against disposition-time HEAD","duration":0.37237500000003365,"failureMessages":[],"meta":{},"tags":[]},{"ancestorTitles":["effect disposition proof"],"fullName":"effect disposition proof fails closed when any committed exact-promotion binding is absent or differs","status":"passed","title":"fails closed when any committed exact-promotion binding is absent or differs","duration":0.32200000000000273,"failureMessages":[],"meta":{},"tags":[]},{"ancestorTitles":["effect disposition proof"],"fullName":"effect disposition proof derives the GET receipt proof from Worker projection facts","status":"passed","title":"derives the GET receipt proof from Worker projection facts","duration":3.024833000000058,"failureMessages":[],"meta":{},"tags":[]}],"startTime":1788097120698,"endTime":1788097120708.025,"status":"passed","message":"","name":"<REPO_ROOT>/apps/server/src/commitgate/effect-proof.test.ts"},{"assertionResults":[{"ancestorTitles":["canonical manifest and path policy"],"fullName":"canonical manifest and path policy is independent of mtime and ignores ephemeral trees","status":"passed","title":"is independent of mtime and ignores ephemeral trees","duration":65.42804099999995,"failureMessages":[],"meta":{},"tags":[]},{"ancestorTitles":["canonical manifest and path policy"],"fullName":"canonical manifest and path policy changes for content, executable mode, and deletion","status":"passed","title":"changes for content, executable mode, and deletion","duration":68.119959,"failureMessages":[],"meta":{},"tags":[]},{"ancestorTitles":["canonical manifest and path policy"],"fullName":"canonical manifest and path policy classifies platform and ephemeral paths by fixed trust rules","status":"passed","title":"classifies platform and ephemeral paths by fixed trust rules","duration":1.230083000000036,"failureMessages":[],"meta":{},"tags":[]},{"ancestorTitles":["canonical manifest and path policy"],"fullName":"canonical manifest and path policy rejects unsafe policy paths","status":"passed","title":"rejects unsafe policy paths","duration":3.0828330000000506,"failureMessages":[],"meta":{},"tags":[]},{"ancestorTitles":["canonical manifest and path policy"],"fullName":"canonical manifest and path policy rejects authoritative symlinks and hardlinks","status":"passed","title":"rejects authoritative symlinks and hardlinks","duration":27.65166600000009,"failureMessages":[],"meta":{},"tags":[]},{"ancestorTitles":["canonical manifest and path policy"],"fullName":"canonical manifest and path policy rejects case-fold and Unicode-normalization path aliases","status":"passed","title":"rejects case-fold and Unicode-normalization path aliases","duration":1.4359580000000278,"failureMessages":[],"meta":{},"tags":[]},{"ancestorTitles":["canonical manifest and path policy"],"fullName":"canonical manifest and path policy rejects sparse authoritative files on the strong-guarantee platform","status":"skipped","title":"rejects sparse authoritative files on the strong-guarantee platform","failureMessages":[],"meta":{},"tags":[]}],"startTime":1788097120204,"endTime":1788097120370.436,"status":"passed","message":"","name":"<REPO_ROOT>/apps/server/src/commitgate/manifest.test.ts"},{"assertionResults":[{"ancestorTitles":["sealed state protocol"],"fullName":"sealed state protocol binds generation into StateViewId so equal bytes cannot replay across ABA","status":"passed","title":"binds generation into StateViewId so equal bytes cannot replay across ABA","duration":6.362041999999974,"failureMessages":[],"meta":{},"tags":[]},{"ancestorTitles":["sealed state protocol"],"fullName":"sealed state protocol never re-reads the original candidate after sealing","status":"passed","title":"never re-reads the original candidate after sealing","duration":64.70679199999995,"failureMessages":[],"meta":{},"tags":[]},{"ancestorTitles":["sealed state protocol"],"fullName":"sealed state protocol rejects a sealed proposal whose payload root regains write permission","status":"passed","title":"rejects a sealed proposal whose payload root regains write permission","duration":52.65412499999991,"failureMessages":[],"meta":{},"tags":[]},{"ancestorTitles":["sealed state protocol"],"fullName":"sealed state protocol prevents an Agent PID1-exit background late-write from changing the sealed proposal or promotion source","status":"passed","title":"prevents an Agent PID1-exit background late-write from changing the sealed proposal or promotion source","duration":388.02604199999996,"failureMessages":[],"meta":{},"tags":[]},{"ancestorTitles":["sealed state protocol"],"fullName":"sealed state protocol durably rejects replay of a claimed promotion permit","status":"passed","title":"durably rejects replay of a claimed promotion permit","duration":34.180624999999964,"failureMessages":[],"meta":{},"tags":[]},{"ancestorTitles":["sealed state protocol"],"fullName":"sealed state protocol refuses to mint a permit for partial, failing, or wrong-input evidence","status":"passed","title":"refuses to mint a permit for partial, failing, or wrong-input evidence","duration":22.68249999999989,"failureMessages":[],"meta":{},"tags":[]},{"ancestorTitles":["sealed state protocol"],"fullName":"sealed state protocol changes EvaluationContextHash when policy/check/verifier context drifts","status":"passed","title":"changes EvaluationContextHash when policy/check/verifier context drifts","duration":0.9569169999999758,"failureMessages":[],"meta":{},"tags":[]}],"startTime":1788097119528,"endTime":1788097120099.957,"status":"passed","message":"","name":"<REPO_ROOT>/apps/server/src/commitgate/protocol.test.ts"},{"assertionResults":[{"ancestorTitles":["dedicated rollback permit"],"fullName":"dedicated rollback permit moves ISSUED to CONSUMING to CONSUMED and rejects permit replay","status":"passed","title":"moves ISSUED to CONSUMING to CONSUMED and rejects permit replay","duration":32.674375,"failureMessages":[],"meta":{},"tags":[]}],"startTime":1788097120525,"endTime":1788097120557.6743,"status":"passed","message":"","name":"<REPO_ROOT>/apps/server/src/commitgate/rollback-permit-store.test.ts"},{"assertionResults":[{"ancestorTitles":["Docker verifier isolation"],"fullName":"Docker verifier isolation mounts an immutable proposal and checks bundle with an isolated scratch","status":"passed","title":"mounts an immutable proposal and checks bundle with an isolated scratch","duration":4.867582999999968,"failureMessages":[],"meta":{},"tags":[]},{"ancestorTitles":["Docker verifier isolation"],"fullName":"Docker verifier isolation uses fixed named-volume subpaths for Broker-owned verifier inputs","status":"passed","title":"uses fixed named-volume subpaths for Broker-owned verifier inputs","duration":0.9187920000000531,"failureMessages":[],"meta":{},"tags":[]},{"ancestorTitles":["Docker verifier isolation"],"fullName":"Docker verifier isolation keeps bundled trusted-check defaults aligned with the proposal mount","status":"passed","title":"keeps bundled trusted-check defaults aligned with the proposal mount","duration":2.2509999999999764,"failureMessages":[],"meta":{},"tags":[]},{"ancestorTitles":["Docker verifier isolation"],"fullName":"Docker verifier isolation fails closed before spawning when a protected run has no trusted check","status":"passed","title":"fails closed before spawning when a protected run has no trusted check","duration":2.4436660000000074,"failureMessages":[],"meta":{},"tags":[]},{"ancestorTitles":["Docker verifier isolation"],"fullName":"Docker verifier isolation rejects candidate-controlled and shell-wrapped check entrypoints","status":"passed","title":"rejects candidate-controlled and shell-wrapped check entrypoints","duration":0.92512499999998,"failureMessages":[],"meta":{},"tags":[]},{"ancestorTitles":["Docker verifier isolation"],"fullName":"Docker verifier isolation accounts timeout and output across the whole verifier run","status":"passed","title":"accounts timeout and output across the whole verifier run","duration":0.4771250000000009,"failureMessages":[],"meta":{},"tags":[]},{"ancestorTitles":["Docker verifier isolation"],"fullName":"Docker verifier isolation binds actual image identity, verifier config, resources and check content","status":"passed","title":"binds actual image identity, verifier config, resources and check content","duration":42.41816600000004,"failureMessages":[],"meta":{},"tags":[]},{"ancestorTitles":["Docker verifier isolation"],"fullName":"Docker verifier isolation mounts the exact sealed bundle bound to the run after the live source changes","status":"passed","title":"mounts the exact sealed bundle bound to the run after the live source changes","duration":35.83266600000002,"failureMessages":[],"meta":{},"tags":[]},{"ancestorTitles":["Docker verifier isolation"],"fullName":"Docker verifier isolation classifies a signal-range container exit as infrastructure ERROR, not policy FAIL","status":"passed","title":"classifies a signal-range container exit as infrastructure ERROR, not policy FAIL","duration":15.800874999999905,"failureMessages":[],"meta":{},"tags":[]},{"ancestorTitles":["Docker verifier isolation"],"fullName":"Docker verifier isolation rejects a context hash that does not name the run's sealed bundle","status":"passed","title":"rejects a context hash that does not name the run's sealed bundle","duration":10.524708000000032,"failureMessages":[],"meta":{},"tags":[]},{"ancestorTitles":["trusted check bundle"],"fullName":"trusted check bundle imports a readonly content-addressed payload separate from the mutable source","status":"passed","title":"imports a readonly content-addressed payload separate from the mutable source","duration":60.32012499999996,"failureMessages":[],"meta":{},"tags":[]},{"ancestorTitles":["trusted check bundle"],"fullName":"trusted check bundle rejects a sealed bundle whose payload root regains write permission","status":"passed","title":"rejects a sealed bundle whose payload root regains write permission","duration":18.521792000000005,"failureMessages":[],"meta":{},"tags":[]},{"ancestorTitles":["trusted check bundle"],"fullName":"trusted check bundle is deterministic and changes with trusted check content","status":"passed","title":"is deterministic and changes with trusted check content","duration":18.139290999999957,"failureMessages":[],"meta":{},"tags":[]},{"ancestorTitles":["trusted check bundle"],"fullName":"trusted check bundle rejects symlinks and hardlinks transitively","status":"passed","title":"rejects symlinks and hardlinks transitively","duration":15.358041000000071,"failureMessages":[],"meta":{},"tags":[]}],"startTime":1788097119463,"endTime":1788097119694.3582,"status":"passed","message":"","name":"<REPO_ROOT>/apps/server/src/commitgate/verifier-runner.test.ts"},{"assertionResults":[{"ancestorTitles":["VersionStore"],"fullName":"VersionStore creates append-only events, preserves managed state, and removes ephemeral state","status":"passed","title":"creates append-only events, preserves managed state, and removes ephemeral state","duration":108.40129200000001,"failureMessages":[],"meta":{},"tags":[]},{"ancestorTitles":["VersionStore"],"fullName":"VersionStore rejects stale expected heads","status":"passed","title":"rejects stale expected heads","duration":19.617166999999995,"failureMessages":[],"meta":{},"tags":[]},{"ancestorTitles":["VersionStore"],"fullName":"VersionStore records no-op commits as separate audit events while reusing one snapshot","status":"passed","title":"records no-op commits as separate audit events while reusing one snapshot","duration":67.48175000000003,"failureMessages":[],"meta":{},"tags":[]},{"ancestorTitles":["VersionStore"],"fullName":"VersionStore freezes the normalized policy hash on each append-only event","status":"passed","title":"freezes the normalized policy hash on each append-only event","duration":31.90695800000003,"failureMessages":[],"meta":{},"tags":[]},{"ancestorTitles":["VersionStore"],"fullName":"VersionStore keeps pruned metadata but rejects rollback when its payload is gone","status":"passed","title":"keeps pruned metadata but rejects rollback when its payload is gone","duration":42.06816600000002,"failureMessages":[],"meta":{},"tags":[]},{"ancestorTitles":["VersionStore"],"fullName":"VersionStore retains the parent snapshot until a staged rollback becomes terminal","status":"passed","title":"retains the parent snapshot until a staged rollback becomes terminal","duration":59.91099999999983,"failureMessages":[],"meta":{},"tags":[]},{"ancestorTitles":["VersionStore"],"fullName":"VersionStore defers promotion retention until acknowledgement and preserves a reverted head","status":"passed","title":"defers promotion retention until acknowledgement and preserves a reverted head","duration":80.90416699999992,"failureMessages":[],"meta":{},"tags":[]}],"startTime":1788097119556,"endTime":1788097119966.904,"status":"passed","message":"","name":"<REPO_ROOT>/apps/server/src/commitgate/version-store.test.ts"},{"assertionResults":[{"ancestorTitles":["WorkspaceTransaction rename-swap recovery"],"fullName":"WorkspaceTransaction rename-swap recovery cannot reuse the same consumed capability for a no-op promotion","status":"passed","title":"cannot reuse the same consumed capability for a no-op promotion","duration":250.8962090000001,"failureMessages":[],"meta":{},"tags":[]},{"ancestorTitles":["WorkspaceTransaction rename-swap recovery"],"fullName":"WorkspaceTransaction rename-swap recovery rejects a rollback snapshot changed during import before any swap","status":"passed","title":"rejects a rollback snapshot changed during import before any swap","duration":72.34270900000001,"failureMessages":[],"meta":{},"tags":[]},{"ancestorTitles":["WorkspaceTransaction rename-swap recovery"],"fullName":"WorkspaceTransaction rename-swap recovery restores the backup when the staging rename fails","status":"passed","title":"restores the backup when the staging rename fails","duration":139.38641600000005,"failureMessages":[],"meta":{},"tags":[]},{"ancestorTitles":["WorkspaceTransaction rename-swap recovery"],"fullName":"WorkspaceTransaction rename-swap recovery raises recovery-required when both staging rename and backup restore fail","status":"passed","title":"raises recovery-required when both staging rename and backup restore fail","duration":93.09450000000015,"failureMessages":[],"meta":{},"tags":[]},{"ancestorTitles":["WorkspaceTransaction rename-swap recovery"],"fullName":"WorkspaceTransaction rename-swap recovery leaves startup recovery evidence when the pending journal write fails after swap","status":"passed","title":"leaves startup recovery evidence when the pending journal write fails after swap","duration":103.97849999999994,"failureMessages":[],"meta":{},"tags":[]}],"startTime":1788097119606,"endTime":1788097120266.9785,"status":"passed","message":"","name":"<REPO_ROOT>/apps/server/src/commitgate/workspace-transaction.test.ts"},{"assertionResults":[{"ancestorTitles":["TransitionWorker"],"fullName":"TransitionWorker charges add, modify and delete budgets by affected files and max(before, after) bytes","status":"passed","title":"charges add, modify and delete budgets by affected files and max(before, after) bytes","duration":776.196,"failureMessages":[],"meta":{},"tags":[]},{"ancestorTitles":["TransitionWorker"],"fullName":"TransitionWorker uses fixed roots and rejects nested authority mounts","status":"passed","title":"uses fixed roots and rejects nested authority mounts","duration":2.991083000000117,"failureMessages":[],"meta":{},"tags":[]},{"ancestorTitles":["TransitionWorker"],"fullName":"TransitionWorker pins a policy profile to a control volume and rejects silent profile switches","status":"passed","title":"pins a policy profile to a control volume and rejects silent profile switches","duration":30.243749999999864,"failureMessages":[],"meta":{},"tags":[]},{"ancestorTitles":["TransitionWorker"],"fullName":"TransitionWorker initializes, materializes and disposes an Agent through opaque volume IDs","status":"passed","title":"initializes, materializes and disposes an Agent through opaque volume IDs","duration":183.38762499999984,"failureMessages":[],"meta":{},"tags":[]},{"ancestorTitles":["TransitionWorker"],"fullName":"TransitionWorker recovers a durable cancellation into one ABORTED receipt and an idempotent fresh View","status":"passed","title":"recovers a durable cancellation into one ABORTED receipt and an idempotent fresh View","duration":159.0211250000002,"failureMessages":[],"meta":{},"tags":[]},{"ancestorTitles":["TransitionWorker"],"fullName":"TransitionWorker adopts legacy state once and fails closed on conflicting replay","status":"passed","title":"adopts legacy state once and fails closed on conflicting replay","duration":36.26579200000015,"failureMessages":[],"meta":{},"tags":[]},{"ancestorTitles":["TransitionWorker"],"fullName":"TransitionWorker imports a legacy Agent only from the configured read-only legacy root","status":"passed","title":"imports a legacy Agent only from the configured read-only legacy root","duration":35.69145899999967,"failureMessages":[],"meta":{},"tags":[]},{"ancestorTitles":["TransitionWorker"],"fullName":"TransitionWorker promotes only a sealed proposal with a one-shot permit and rebuilds HEAD","status":"passed","title":"promotes only a sealed proposal with a one-shot permit and rebuilds HEAD","duration":241.60550000000012,"failureMessages":[],"meta":{},"tags":[]},{"ancestorTitles":["TransitionWorker"],"fullName":"TransitionWorker never rolls back an acknowledged workspace when signing fails and repairs proof on restart","status":"passed","title":"never rolls back an acknowledged workspace when signing fails and repairs proof on restart","duration":235.98108300000013,"failureMessages":[],"meta":{},"tags":[]},{"ancestorTitles":["TransitionWorker"],"fullName":"TransitionWorker durably conflicts an H0 proposal after H1 wins without changing workspace, generation, or versions","status":"passed","title":"durably conflicts an H0 proposal after H1 wins without changing workspace, generation, or versions","duration":275.23929199999975,"failureMessages":[],"meta":{},"tags":[]},{"ancestorTitles":["TransitionWorker"],"fullName":"TransitionWorker durably classifies a stale promotion workspace hash as CONFLICTED","status":"passed","title":"durably classifies a stale promotion workspace hash as CONFLICTED","duration":74.00787499999979,"failureMessages":[],"meta":{},"tags":[]},{"ancestorTitles":["TransitionWorker"],"fullName":"TransitionWorker fences an accepted run cancellation before permit consumption","status":"passed","title":"fences an accepted run cancellation before permit consumption","duration":82.90895799999998,"failureMessages":[],"meta":{},"tags":[]},{"ancestorTitles":["TransitionWorker"],"fullName":"TransitionWorker returns TOO_LATE after the permit enters CONSUMING","status":"passed","title":"returns TOO_LATE after the permit enters CONSUMING","duration":104.29029100000025,"failureMessages":[],"meta":{},"tags":[]},{"ancestorTitles":["TransitionWorker"],"fullName":"TransitionWorker binds the rollback target version to its snapshot and creates a new generation for a no-op rollback snapshot","status":"passed","title":"binds the rollback target version to its snapshot and creates a new generation for a no-op rollback snapshot","duration":187.92787499999986,"failureMessages":[],"meta":{},"tags":[]},{"ancestorTitles":["TransitionWorker"],"fullName":"TransitionWorker requires expected view and workspace hash for repair and exposes no force flag","status":"passed","title":"requires expected view and workspace hash for repair and exposes no force flag","duration":13.007750000000215,"failureMessages":[],"meta":{},"tags":[]},{"ancestorTitles":["TransitionWorker"],"fullName":"TransitionWorker forwards a kill after rename from the durable consuming intent on restart","status":"passed","title":"forwards a kill after rename from the durable consuming intent on restart","duration":110.26133299999992,"failureMessages":[],"meta":{},"tags":[]},{"ancestorTitles":["TransitionWorker"],"fullName":"TransitionWorker recovers a rollback crash point from PERMIT_CONSUMING through the rollback acknowledgement stage","status":"passed","title":"recovers a rollback crash point from PERMIT_CONSUMING through the rollback acknowledgement stage","duration":258.39275,"failureMessages":[],"meta":{},"tags":[]}],"startTime":1788097119741,"endTime":1788097122548.3928,"status":"passed","message":"","name":"<REPO_ROOT>/apps/server/src/transition-worker/worker.test.ts"}]}