{"numTotalTestSuites":29,"numPassedTestSuites":29,"numFailedTestSuites":0,"numPendingTestSuites":0,"numTotalTests":112,"numPassedTests":111,"numFailedTests":0,"numPendingTests":1,"numTodoTests":0,"snapshot":{"added":0,"failure":false,"filesAdded":0,"filesRemoved":0,"filesRemovedList":[],"filesUnmatched":0,"filesUpdated":0,"matched":0,"total":0,"unchecked":0,"uncheckedKeysByFile":[],"unmatched":0,"updated":0,"didUpdate":false},"startTime":1788094860756,"success":true,"testResults":[{"assertionResults":[{"ancestorTitles":["Agent lifecycle"],"fullName":"Agent lifecycle creates, updates, stops, starts and deletes an Agent","status":"passed","title":"creates, updates, stops, starts and deletes an Agent","duration":49.775666,"failureMessages":[],"meta":{},"tags":[]},{"ancestorTitles":["Agent lifecycle"],"fullName":"Agent lifecycle persists a playground conversation","status":"passed","title":"persists a playground conversation","duration":64.814708,"failureMessages":[],"meta":{},"tags":[]},{"ancestorTitles":["Agent lifecycle"],"fullName":"Agent lifecycle atomically accepts only one concurrent run per Agent","status":"passed","title":"atomically accepts only one concurrent run per Agent","duration":60.595500000000015,"failureMessages":[],"meta":{},"tags":[]},{"ancestorTitles":["Agent lifecycle"],"fullName":"Agent lifecycle does not let start reset a busy Agent and admit a second run","status":"passed","title":"does not let start reset a busy Agent and admit a second run","duration":62.79599999999982,"failureMessages":[],"meta":{},"tags":[]},{"ancestorTitles":["Agent lifecycle"],"fullName":"Agent lifecycle records a stale callback when the active lease has been replaced without mutating authoritative state","status":"passed","title":"records a stale callback when the active lease has been replaced without mutating authoritative state","duration":65.49295799999982,"failureMessages":[],"meta":{},"tags":[]},{"ancestorTitles":["Agent lifecycle"],"fullName":"Agent lifecycle rebinds a queued follow-up from submittedViewId to the current View and fresh session","status":"passed","title":"rebinds a queued follow-up from submittedViewId to the current View and fresh session","duration":61.38662499999987,"failureMessages":[],"meta":{},"tags":[]},{"ancestorTitles":["Agent lifecycle"],"fullName":"Agent lifecycle rejects a cross-Agent rollback version before reserving the target Agent","status":"passed","title":"rejects a cross-Agent rollback version before reserving the target Agent","duration":8.344833000000108,"failureMessages":[],"meta":{},"tags":[]}],"startTime":1788094861688,"endTime":1788094862061.3447,"status":"passed","message":"","name":"<REPO_ROOT>/apps/server/src/agent-service.test.ts"},{"assertionResults":[{"ancestorTitles":["HTTP boundary"],"fullName":"HTTP boundary protects API routes with the configured shared token","status":"passed","title":"protects API routes with the configured shared token","duration":157.06608299999994,"failureMessages":[],"meta":{},"tags":[]},{"ancestorTitles":["HTTP boundary"],"fullName":"HTTP boundary exposes an Agent-scoped rollback receipt proof only with APP_AUTH_TOKEN","status":"passed","title":"exposes an Agent-scoped rollback receipt proof only with APP_AUTH_TOKEN","duration":48.95120900000006,"failureMessages":[],"meta":{},"tags":[]},{"ancestorTitles":["HTTP boundary"],"fullName":"HTTP boundary preserves Fastify client error status codes","status":"passed","title":"preserves Fastify client error status codes","duration":48.31270900000004,"failureMessages":[],"meta":{},"tags":[]},{"ancestorTitles":["HTTP boundary"],"fullName":"HTTP boundary exposes receipt, version history and coded rollback conflicts","status":"passed","title":"exposes receipt, version history and coded rollback conflicts","duration":35.53975000000014,"failureMessages":[],"meta":{},"tags":[]},{"ancestorTitles":["HTTP boundary"],"fullName":"HTTP boundary fail-closes CommitGate mutation APIs when APP_AUTH_TOKEN is absent","status":"passed","title":"fail-closes CommitGate mutation APIs when APP_AUTH_TOKEN is absent","duration":6.388124999999945,"failureMessages":[],"meta":{},"tags":[]}],"startTime":1788094861858,"endTime":1788094862154.3882,"status":"passed","message":"","name":"<REPO_ROOT>/apps/server/src/app.test.ts"},{"assertionResults":[{"ancestorTitles":["StateView"],"fullName":"StateView is deterministic and schema-bound","status":"passed","title":"is deterministic and schema-bound","duration":3.211749999999995,"failureMessages":[],"meta":{},"tags":[]},{"ancestorTitles":["StateView"],"fullName":"StateView changes when generation changes","status":"passed","title":"changes when generation changes","duration":0.40204199999999446,"failureMessages":[],"meta":{},"tags":[]},{"ancestorTitles":["StateView"],"fullName":"StateView changes when session epoch changes","status":"passed","title":"changes when session epoch changes","duration":0.1401249999999834,"failureMessages":[],"meta":{},"tags":[]},{"ancestorTitles":["StateView"],"fullName":"StateView changes when configuration changes","status":"passed","title":"changes when configuration changes","duration":0.12091599999999403,"failureMessages":[],"meta":{},"tags":[]},{"ancestorTitles":["StateView"],"fullName":"StateView changes when policy changes","status":"passed","title":"changes when policy changes","duration":0.26774999999997817,"failureMessages":[],"meta":{},"tags":[]},{"ancestorTitles":["StateView"],"fullName":"StateView changes when head changes","status":"passed","title":"changes when head changes","duration":0.17258300000000304,"failureMessages":[],"meta":{},"tags":[]},{"ancestorTitles":["StateView"],"fullName":"StateView changes when content changes","status":"passed","title":"changes when content changes","duration":0.09999999999999432,"failureMessages":[],"meta":{},"tags":[]},{"ancestorTitles":["StateView"],"fullName":"StateView fences an ABA even when the live hash returns to H0","status":"passed","title":"fences an ABA even when the live hash returns to H0","duration":0.11579100000000153,"failureMessages":[],"meta":{},"tags":[]}],"startTime":1788094862310,"endTime":1788094862314.2678,"status":"passed","message":"","name":"<REPO_ROOT>/apps/server/src/state-view.test.ts"},{"assertionResults":[{"ancestorTitles":["JsonStore"],"fullName":"JsonStore migrates a version 1 database without inventing gate evidence","status":"passed","title":"migrates a version 1 database without inventing gate evidence","duration":11.24708400000003,"failureMessages":[],"meta":{},"tags":[]},{"ancestorTitles":["JsonStore"],"fullName":"JsonStore migrates v2 receipts to read-only legacyReceipt and fences legacy messages","status":"passed","title":"migrates v2 receipts to read-only legacyReceipt and fences legacy messages","duration":3.592457999999965,"failureMessages":[],"meta":{},"tags":[]},{"ancestorTitles":["JsonStore"],"fullName":"JsonStore does not publish a mutation in memory when persistence fails","status":"passed","title":"does not publish a mutation in memory when persistence fails","duration":6.074542000000008,"failureMessages":[],"meta":{},"tags":[]}],"startTime":1788094862192,"endTime":1788094862213.0745,"status":"passed","message":"","name":"<REPO_ROOT>/apps/server/src/store.test.ts"},{"assertionResults":[{"ancestorTitles":["WorkerCommitGateRunner"],"fullName":"WorkerCommitGateRunner quiesces a Broker orphan before restart recovery destroys candidate bytes","status":"passed","title":"quiesces a Broker orphan before restart recovery destroys candidate bytes","duration":202.76754200000005,"failureMessages":[],"meta":{},"tags":[]},{"ancestorTitles":["WorkerCommitGateRunner"],"fullName":"WorkerCommitGateRunner recovers an idempotent prepared admission after its RPC response is lost and never runs Agent code","status":"passed","title":"recovers an idempotent prepared admission after its RPC response is lost and never runs Agent code","duration":178.81150000000002,"failureMessages":[],"meta":{},"tags":[]},{"ancestorTitles":["WorkerCommitGateRunner"],"fullName":"WorkerCommitGateRunner reconciles a committed terminal fact when the promotion acknowledgement response is lost","status":"passed","title":"reconciles a committed terminal fact when the promotion acknowledgement response is lost","duration":364.5932500000001,"failureMessages":[],"meta":{},"tags":[]},{"ancestorTitles":["WorkerCommitGateRunner"],"fullName":"WorkerCommitGateRunner commits through proposal, evidence, permit and Worker generation CAS","status":"passed","title":"commits through proposal, evidence, permit and Worker generation CAS","duration":199.40041599999995,"failureMessages":[],"meta":{},"tags":[]},{"ancestorTitles":["WorkerCommitGateRunner"],"fullName":"WorkerCommitGateRunner quarantines a protected-path change without advancing workspace generation","status":"passed","title":"quarantines a protected-path change without advancing workspace generation","duration":123.28112499999997,"failureMessages":[],"meta":{},"tags":[]},{"ancestorTitles":["WorkerCommitGateRunner"],"fullName":"WorkerCommitGateRunner records an ABORTED non-promotion receipt after a prepared verifier outage","status":"passed","title":"records an ABORTED non-promotion receipt after a prepared verifier outage","duration":133.84054200000014,"failureMessages":[],"meta":{},"tags":[]},{"ancestorTitles":["WorkerCommitGateRunner"],"fullName":"WorkerCommitGateRunner quarantines deterministic candidate manifest violations but aborts missing storage","status":"passed","title":"quarantines deterministic candidate manifest violations but aborts missing storage","duration":142.609375,"failureMessages":[],"meta":{},"tags":[]},{"ancestorTitles":["WorkerCommitGateRunner"],"fullName":"WorkerCommitGateRunner maps a stale Worker View CAS to one durable CONFLICTED disposition before finalize","status":"passed","title":"maps a stale Worker View CAS to one durable CONFLICTED disposition before finalize","duration":281.5946249999997,"failureMessages":[],"meta":{},"tags":[]},{"ancestorTitles":["WorkerCommitGateRunner"],"fullName":"WorkerCommitGateRunner makes cancellation authoritative before verifier","status":"passed","title":"makes cancellation authoritative before verifier","duration":161.62362500000017,"failureMessages":[],"meta":{},"tags":[]},{"ancestorTitles":["WorkerCommitGateRunner"],"fullName":"WorkerCommitGateRunner makes cancellation authoritative before permit","status":"passed","title":"makes cancellation authoritative before permit","duration":175.82624999999962,"failureMessages":[],"meta":{},"tags":[]},{"ancestorTitles":["WorkerCommitGateRunner"],"fullName":"WorkerCommitGateRunner makes cancellation authoritative before promotion","status":"passed","title":"makes cancellation authoritative before promotion","duration":141.79575000000023,"failureMessages":[],"meta":{},"tags":[]}],"startTime":1788094861660,"endTime":1788094863766.7957,"status":"passed","message":"","name":"<REPO_ROOT>/apps/server/src/worker-commitgate-runner.test.ts"},{"assertionResults":[{"ancestorTitles":["CommitGateRunner"],"fullName":"CommitGateRunner promotes a valid candidate and records INITIAL plus AGENT_COMMIT","status":"passed","title":"promotes a valid candidate and records INITIAL plus AGENT_COMMIT","duration":197.905709,"failureMessages":[],"meta":{},"tags":[]},{"ancestorTitles":["CommitGateRunner"],"fullName":"CommitGateRunner quarantines protected changes, preserves persistent state, and resets thread","status":"passed","title":"quarantines protected changes, preserves persistent state, and resets thread","duration":81.68612499999995,"failureMessages":[],"meta":{},"tags":[]},{"ancestorTitles":["CommitGateRunner"],"fullName":"CommitGateRunner uses trusted check exit evidence rather than candidate-authored scripts","status":"passed","title":"uses trusted check exit evidence rather than candidate-authored scripts","duration":80.88845800000013,"failureMessages":[],"meta":{},"tags":[]},{"ancestorTitles":["CommitGateRunner"],"fullName":"CommitGateRunner detects a persistent-state conflict during independent verification","status":"passed","title":"detects a persistent-state conflict during independent verification","duration":62.834916999999905,"failureMessages":[],"meta":{},"tags":[]},{"ancestorTitles":["CommitGateRunner"],"fullName":"CommitGateRunner fails closed on ignored ephemeral file-count and byte DoS before sealing","status":"passed","title":"fails closed on ignored ephemeral file-count and byte DoS before sealing","duration":71.779,"failureMessages":[],"meta":{},"tags":[]},{"ancestorTitles":["CommitGateRunner"],"fullName":"CommitGateRunner detects H0 to H1 to H0 ABA through the authoritative generation","status":"passed","title":"detects H0 to H1 to H0 ABA through the authoritative generation","duration":73.04950000000008,"failureMessages":[],"meta":{},"tags":[]},{"ancestorTitles":["CommitGateRunner"],"fullName":"CommitGateRunner stores an ABORTED receipt when the wrapped runner fails","status":"passed","title":"stores an ABORTED receipt when the wrapped runner fails","duration":39.02966700000002,"failureMessages":[],"meta":{},"tags":[]},{"ancestorTitles":["CommitGateRunner"],"fullName":"CommitGateRunner writes a minimum CONFLICTED receipt when StateView admission fails","status":"passed","title":"writes a minimum CONFLICTED receipt when StateView admission fails","duration":30.99654200000009,"failureMessages":[],"meta":{},"tags":[]},{"ancestorTitles":["CommitGateRunner"],"fullName":"CommitGateRunner writes a minimum ABORTED receipt when prepare infrastructure fails","status":"passed","title":"writes a minimum ABORTED receipt when prepare infrastructure fails","duration":11.69504199999983,"failureMessages":[],"meta":{},"tags":[]},{"ancestorTitles":["CommitGateRunner"],"fullName":"CommitGateRunner dispositions a pre-swap pending receipt that has no journal","status":"passed","title":"dispositions a pre-swap pending receipt that has no journal","duration":25.584542000000056,"failureMessages":[],"meta":{},"tags":[]},{"ancestorTitles":["CommitGateRunner"],"fullName":"CommitGateRunner fails closed after a crash before database acknowledgement","status":"passed","title":"fails closed after a crash before database acknowledgement","duration":96.60562499999992,"failureMessages":[],"meta":{},"tags":[]},{"ancestorTitles":["CommitGateRunner"],"fullName":"CommitGateRunner preserves a legacy terminal receipt and appends recovery disposition","status":"passed","title":"preserves a legacy terminal receipt and appends recovery disposition","duration":72.63795800000003,"failureMessages":[],"meta":{},"tags":[]}],"startTime":1788094861592,"endTime":1788094862436.638,"status":"passed","message":"","name":"<REPO_ROOT>/apps/server/src/commitgate/coordinator.test.ts"},{"assertionResults":[{"ancestorTitles":["effect disposition proof"],"fullName":"effect disposition proof proves exact proposal promotion for a commit","status":"passed","title":"proves exact proposal promotion for a commit","duration":2.6496250000000146,"failureMessages":[],"meta":{},"tags":[]},{"ancestorTitles":["effect disposition proof"],"fullName":"effect disposition proof proves no persistent effect for QUARANTINED","status":"passed","title":"proves no persistent effect for QUARANTINED","duration":0.2841669999999681,"failureMessages":[],"meta":{},"tags":[]},{"ancestorTitles":["effect disposition proof"],"fullName":"effect disposition proof proves no persistent effect for CONFLICTED","status":"passed","title":"proves no persistent effect for CONFLICTED","duration":0.18666699999999992,"failureMessages":[],"meta":{},"tags":[]},{"ancestorTitles":["effect disposition proof"],"fullName":"effect disposition proof proves no persistent effect for ABORTED","status":"passed","title":"proves no persistent effect for ABORTED","duration":0.11691700000000083,"failureMessages":[],"meta":{},"tags":[]},{"ancestorTitles":["effect disposition proof"],"fullName":"effect disposition proof fails closed when a rejected run changed the authoritative hash","status":"passed","title":"fails closed when a rejected run changed the authoritative hash","duration":0.3353749999999991,"failureMessages":[],"meta":{},"tags":[]},{"ancestorTitles":["effect disposition proof"],"fullName":"effect disposition proof distinguishes an unobserved candidate and proves a conflict against disposition-time HEAD","status":"passed","title":"distinguishes an unobserved candidate and proves a conflict against disposition-time HEAD","duration":0.237666000000047,"failureMessages":[],"meta":{},"tags":[]},{"ancestorTitles":["effect disposition proof"],"fullName":"effect disposition proof fails closed when any committed exact-promotion binding is absent or differs","status":"passed","title":"fails closed when any committed exact-promotion binding is absent or differs","duration":0.17404199999998582,"failureMessages":[],"meta":{},"tags":[]},{"ancestorTitles":["effect disposition proof"],"fullName":"effect disposition proof derives the GET receipt proof from Worker projection facts","status":"passed","title":"derives the GET receipt proof from Worker projection facts","duration":1.976459000000034,"failureMessages":[],"meta":{},"tags":[]}],"startTime":1788094862345,"endTime":1788094862350.9766,"status":"passed","message":"","name":"<REPO_ROOT>/apps/server/src/commitgate/effect-proof.test.ts"},{"assertionResults":[{"ancestorTitles":["canonical manifest and path policy"],"fullName":"canonical manifest and path policy is independent of mtime and ignores ephemeral trees","status":"passed","title":"is independent of mtime and ignores ephemeral trees","duration":32.85145799999998,"failureMessages":[],"meta":{},"tags":[]},{"ancestorTitles":["canonical manifest and path policy"],"fullName":"canonical manifest and path policy changes for content, executable mode, and deletion","status":"passed","title":"changes for content, executable mode, and deletion","duration":66.57599999999996,"failureMessages":[],"meta":{},"tags":[]},{"ancestorTitles":["canonical manifest and path policy"],"fullName":"canonical manifest and path policy classifies platform and ephemeral paths by fixed trust rules","status":"passed","title":"classifies platform and ephemeral paths by fixed trust rules","duration":0.7810419999999567,"failureMessages":[],"meta":{},"tags":[]},{"ancestorTitles":["canonical manifest and path policy"],"fullName":"canonical manifest and path policy rejects unsafe policy paths","status":"passed","title":"rejects unsafe policy paths","duration":1.191332999999986,"failureMessages":[],"meta":{},"tags":[]},{"ancestorTitles":["canonical manifest and path policy"],"fullName":"canonical manifest and path policy rejects authoritative symlinks and hardlinks","status":"passed","title":"rejects authoritative symlinks and hardlinks","duration":18.749124999999992,"failureMessages":[],"meta":{},"tags":[]},{"ancestorTitles":["canonical manifest and path policy"],"fullName":"canonical manifest and path policy rejects case-fold and Unicode-normalization path aliases","status":"passed","title":"rejects case-fold and Unicode-normalization path aliases","duration":1.026707999999985,"failureMessages":[],"meta":{},"tags":[]},{"ancestorTitles":["canonical manifest and path policy"],"fullName":"canonical manifest and path policy rejects sparse authoritative files on the strong-guarantee platform","status":"skipped","title":"rejects sparse authoritative files on the strong-guarantee platform","failureMessages":[],"meta":{},"tags":[]}],"startTime":1788094861973,"endTime":1788094862095.0266,"status":"passed","message":"","name":"<REPO_ROOT>/apps/server/src/commitgate/manifest.test.ts"},{"assertionResults":[{"ancestorTitles":["sealed state protocol"],"fullName":"sealed state protocol binds generation into StateViewId so equal bytes cannot replay across ABA","status":"passed","title":"binds generation into StateViewId so equal bytes cannot replay across ABA","duration":3.181916000000001,"failureMessages":[],"meta":{},"tags":[]},{"ancestorTitles":["sealed state protocol"],"fullName":"sealed state protocol never re-reads the original candidate after sealing","status":"passed","title":"never re-reads the original candidate after sealing","duration":46.07879200000002,"failureMessages":[],"meta":{},"tags":[]},{"ancestorTitles":["sealed state protocol"],"fullName":"sealed state protocol rejects a sealed proposal whose payload root regains write permission","status":"passed","title":"rejects a sealed proposal whose payload root regains write permission","duration":19.009625000000028,"failureMessages":[],"meta":{},"tags":[]},{"ancestorTitles":["sealed state protocol"],"fullName":"sealed state protocol prevents an Agent PID1-exit background late-write from changing the sealed proposal or promotion source","status":"passed","title":"prevents an Agent PID1-exit background late-write from changing the sealed proposal or promotion source","duration":264.7338749999999,"failureMessages":[],"meta":{},"tags":[]},{"ancestorTitles":["sealed state protocol"],"fullName":"sealed state protocol durably rejects replay of a claimed promotion permit","status":"passed","title":"durably rejects replay of a claimed promotion permit","duration":18.610333000000082,"failureMessages":[],"meta":{},"tags":[]},{"ancestorTitles":["sealed state protocol"],"fullName":"sealed state protocol refuses to mint a permit for partial, failing, or wrong-input evidence","status":"passed","title":"refuses to mint a permit for partial, failing, or wrong-input evidence","duration":13.670541999999841,"failureMessages":[],"meta":{},"tags":[]},{"ancestorTitles":["sealed state protocol"],"fullName":"sealed state protocol changes EvaluationContextHash when policy/check/verifier context drifts","status":"passed","title":"changes EvaluationContextHash when policy/check/verifier context drifts","duration":0.7357079999999314,"failureMessages":[],"meta":{},"tags":[]}],"startTime":1788094861487,"endTime":1788094861852.7356,"status":"passed","message":"","name":"<REPO_ROOT>/apps/server/src/commitgate/protocol.test.ts"},{"assertionResults":[{"ancestorTitles":["dedicated rollback permit"],"fullName":"dedicated rollback permit moves ISSUED to CONSUMING to CONSUMED and rejects permit replay","status":"passed","title":"moves ISSUED to CONSUMING to CONSUMED and rejects permit replay","duration":36.583500000000015,"failureMessages":[],"meta":{},"tags":[]}],"startTime":1788094862086,"endTime":1788094862122.5835,"status":"passed","message":"","name":"<REPO_ROOT>/apps/server/src/commitgate/rollback-permit-store.test.ts"},{"assertionResults":[{"ancestorTitles":["Docker verifier isolation"],"fullName":"Docker verifier isolation mounts an immutable proposal and checks bundle with an isolated scratch","status":"passed","title":"mounts an immutable proposal and checks bundle with an isolated scratch","duration":3.8221249999999145,"failureMessages":[],"meta":{},"tags":[]},{"ancestorTitles":["Docker verifier isolation"],"fullName":"Docker verifier isolation uses fixed named-volume subpaths for Broker-owned verifier inputs","status":"passed","title":"uses fixed named-volume subpaths for Broker-owned verifier inputs","duration":0.6846669999999904,"failureMessages":[],"meta":{},"tags":[]},{"ancestorTitles":["Docker verifier isolation"],"fullName":"Docker verifier isolation keeps bundled trusted-check defaults aligned with the proposal mount","status":"passed","title":"keeps bundled trusted-check defaults aligned with the proposal mount","duration":2.3434579999999414,"failureMessages":[],"meta":{},"tags":[]},{"ancestorTitles":["Docker verifier isolation"],"fullName":"Docker verifier isolation fails closed before spawning when a protected run has no trusted check","status":"passed","title":"fails closed before spawning when a protected run has no trusted check","duration":2.0012500000000273,"failureMessages":[],"meta":{},"tags":[]},{"ancestorTitles":["Docker verifier isolation"],"fullName":"Docker verifier isolation rejects candidate-controlled and shell-wrapped check entrypoints","status":"passed","title":"rejects candidate-controlled and shell-wrapped check entrypoints","duration":0.38779199999999037,"failureMessages":[],"meta":{},"tags":[]},{"ancestorTitles":["Docker verifier isolation"],"fullName":"Docker verifier isolation accounts timeout and output across the whole verifier run","status":"passed","title":"accounts timeout and output across the whole verifier run","duration":0.27716700000007677,"failureMessages":[],"meta":{},"tags":[]},{"ancestorTitles":["Docker verifier isolation"],"fullName":"Docker verifier isolation binds actual image identity, verifier config, resources and check content","status":"passed","title":"binds actual image identity, verifier config, resources and check content","duration":36.57716700000003,"failureMessages":[],"meta":{},"tags":[]},{"ancestorTitles":["Docker verifier isolation"],"fullName":"Docker verifier isolation mounts the exact sealed bundle bound to the run after the live source changes","status":"passed","title":"mounts the exact sealed bundle bound to the run after the live source changes","duration":33.00412499999993,"failureMessages":[],"meta":{},"tags":[]},{"ancestorTitles":["Docker verifier isolation"],"fullName":"Docker verifier isolation classifies a signal-range container exit as infrastructure ERROR, not policy FAIL","status":"passed","title":"classifies a signal-range container exit as infrastructure ERROR, not policy FAIL","duration":10.890750000000025,"failureMessages":[],"meta":{},"tags":[]},{"ancestorTitles":["Docker verifier isolation"],"fullName":"Docker verifier isolation rejects a context hash that does not name the run's sealed bundle","status":"passed","title":"rejects a context hash that does not name the run's sealed bundle","duration":16.41933300000005,"failureMessages":[],"meta":{},"tags":[]},{"ancestorTitles":["trusted check bundle"],"fullName":"trusted check bundle imports a readonly content-addressed payload separate from the mutable source","status":"passed","title":"imports a readonly content-addressed payload separate from the mutable source","duration":27.53195800000003,"failureMessages":[],"meta":{},"tags":[]},{"ancestorTitles":["trusted check bundle"],"fullName":"trusted check bundle rejects a sealed bundle whose payload root regains write permission","status":"passed","title":"rejects a sealed bundle whose payload root regains write permission","duration":16.583541000000082,"failureMessages":[],"meta":{},"tags":[]},{"ancestorTitles":["trusted check bundle"],"fullName":"trusted check bundle is deterministic and changes with trusted check content","status":"passed","title":"is deterministic and changes with trusted check content","duration":17.18454200000008,"failureMessages":[],"meta":{},"tags":[]},{"ancestorTitles":["trusted check bundle"],"fullName":"trusted check bundle rejects symlinks and hardlinks transitively","status":"passed","title":"rejects symlinks and hardlinks transitively","duration":6.589249999999993,"failureMessages":[],"meta":{},"tags":[]}],"startTime":1788094861422,"endTime":1788094861596.5894,"status":"passed","message":"","name":"<REPO_ROOT>/apps/server/src/commitgate/verifier-runner.test.ts"},{"assertionResults":[{"ancestorTitles":["VersionStore"],"fullName":"VersionStore creates append-only events, preserves managed state, and removes ephemeral state","status":"passed","title":"creates append-only events, preserves managed state, and removes ephemeral state","duration":80.63583299999993,"failureMessages":[],"meta":{},"tags":[]},{"ancestorTitles":["VersionStore"],"fullName":"VersionStore rejects stale expected heads","status":"passed","title":"rejects stale expected heads","duration":11.648333000000093,"failureMessages":[],"meta":{},"tags":[]},{"ancestorTitles":["VersionStore"],"fullName":"VersionStore records no-op commits as separate audit events while reusing one snapshot","status":"passed","title":"records no-op commits as separate audit events while reusing one snapshot","duration":17.801000000000045,"failureMessages":[],"meta":{},"tags":[]},{"ancestorTitles":["VersionStore"],"fullName":"VersionStore freezes the normalized policy hash on each append-only event","status":"passed","title":"freezes the normalized policy hash on each append-only event","duration":31.751457999999957,"failureMessages":[],"meta":{},"tags":[]},{"ancestorTitles":["VersionStore"],"fullName":"VersionStore keeps pruned metadata but rejects rollback when its payload is gone","status":"passed","title":"keeps pruned metadata but rejects rollback when its payload is gone","duration":32.55670799999996,"failureMessages":[],"meta":{},"tags":[]},{"ancestorTitles":["VersionStore"],"fullName":"VersionStore retains the parent snapshot until a staged rollback becomes terminal","status":"passed","title":"retains the parent snapshot until a staged rollback becomes terminal","duration":68.51495799999998,"failureMessages":[],"meta":{},"tags":[]},{"ancestorTitles":["VersionStore"],"fullName":"VersionStore defers promotion retention until acknowledgement and preserves a reverted head","status":"passed","title":"defers promotion retention until acknowledgement and preserves a reverted head","duration":30.68674999999996,"failureMessages":[],"meta":{},"tags":[]}],"startTime":1788094861490,"endTime":1788094861763.6868,"status":"passed","message":"","name":"<REPO_ROOT>/apps/server/src/commitgate/version-store.test.ts"},{"assertionResults":[{"ancestorTitles":["WorkspaceTransaction rename-swap recovery"],"fullName":"WorkspaceTransaction rename-swap recovery cannot reuse the same consumed capability for a no-op promotion","status":"passed","title":"cannot reuse the same consumed capability for a no-op promotion","duration":103.47008400000004,"failureMessages":[],"meta":{},"tags":[]},{"ancestorTitles":["WorkspaceTransaction rename-swap recovery"],"fullName":"WorkspaceTransaction rename-swap recovery rejects a rollback snapshot changed during import before any swap","status":"passed","title":"rejects a rollback snapshot changed during import before any swap","duration":40.801874999999995,"failureMessages":[],"meta":{},"tags":[]},{"ancestorTitles":["WorkspaceTransaction rename-swap recovery"],"fullName":"WorkspaceTransaction rename-swap recovery restores the backup when the staging rename fails","status":"passed","title":"restores the backup when the staging rename fails","duration":74.247791,"failureMessages":[],"meta":{},"tags":[]},{"ancestorTitles":["WorkspaceTransaction rename-swap recovery"],"fullName":"WorkspaceTransaction rename-swap recovery raises recovery-required when both staging rename and backup restore fail","status":"passed","title":"raises recovery-required when both staging rename and backup restore fail","duration":76.45354199999997,"failureMessages":[],"meta":{},"tags":[]},{"ancestorTitles":["WorkspaceTransaction rename-swap recovery"],"fullName":"WorkspaceTransaction rename-swap recovery leaves startup recovery evidence when the pending journal write fails after swap","status":"passed","title":"leaves startup recovery evidence when the pending journal write fails after swap","duration":68.26620799999989,"failureMessages":[],"meta":{},"tags":[]}],"startTime":1788094861530,"endTime":1788094861894.266,"status":"passed","message":"","name":"<REPO_ROOT>/apps/server/src/commitgate/workspace-transaction.test.ts"},{"assertionResults":[{"ancestorTitles":["TransitionWorker"],"fullName":"TransitionWorker charges add, modify and delete budgets by affected files and max(before, after) bytes","status":"passed","title":"charges add, modify and delete budgets by affected files and max(before, after) bytes","duration":347.317417,"failureMessages":[],"meta":{},"tags":[]},{"ancestorTitles":["TransitionWorker"],"fullName":"TransitionWorker uses fixed roots and rejects nested authority mounts","status":"passed","title":"uses fixed roots and rejects nested authority mounts","duration":3.2330420000000686,"failureMessages":[],"meta":{},"tags":[]},{"ancestorTitles":["TransitionWorker"],"fullName":"TransitionWorker pins a policy profile to a control volume and rejects silent profile switches","status":"passed","title":"pins a policy profile to a control volume and rejects silent profile switches","duration":20.88237499999991,"failureMessages":[],"meta":{},"tags":[]},{"ancestorTitles":["TransitionWorker"],"fullName":"TransitionWorker initializes, materializes and disposes an Agent through opaque volume IDs","status":"passed","title":"initializes, materializes and disposes an Agent through opaque volume IDs","duration":151.23649999999998,"failureMessages":[],"meta":{},"tags":[]},{"ancestorTitles":["TransitionWorker"],"fullName":"TransitionWorker recovers a durable cancellation into one ABORTED receipt and an idempotent fresh View","status":"passed","title":"recovers a durable cancellation into one ABORTED receipt and an idempotent fresh View","duration":163.64145800000006,"failureMessages":[],"meta":{},"tags":[]},{"ancestorTitles":["TransitionWorker"],"fullName":"TransitionWorker adopts legacy state once and fails closed on conflicting replay","status":"passed","title":"adopts legacy state once and fails closed on conflicting replay","duration":31.45287499999995,"failureMessages":[],"meta":{},"tags":[]},{"ancestorTitles":["TransitionWorker"],"fullName":"TransitionWorker imports a legacy Agent only from the configured read-only legacy root","status":"passed","title":"imports a legacy Agent only from the configured read-only legacy root","duration":27.95991600000002,"failureMessages":[],"meta":{},"tags":[]},{"ancestorTitles":["TransitionWorker"],"fullName":"TransitionWorker promotes only a sealed proposal with a one-shot permit and rebuilds HEAD","status":"passed","title":"promotes only a sealed proposal with a one-shot permit and rebuilds HEAD","duration":193.10249999999996,"failureMessages":[],"meta":{},"tags":[]},{"ancestorTitles":["TransitionWorker"],"fullName":"TransitionWorker never rolls back an acknowledged workspace when signing fails and repairs proof on restart","status":"passed","title":"never rolls back an acknowledged workspace when signing fails and repairs proof on restart","duration":200.63416699999993,"failureMessages":[],"meta":{},"tags":[]},{"ancestorTitles":["TransitionWorker"],"fullName":"TransitionWorker durably conflicts an H0 proposal after H1 wins without changing workspace, generation, or versions","status":"passed","title":"durably conflicts an H0 proposal after H1 wins without changing workspace, generation, or versions","duration":243.06762500000013,"failureMessages":[],"meta":{},"tags":[]},{"ancestorTitles":["TransitionWorker"],"fullName":"TransitionWorker durably classifies a stale promotion workspace hash as CONFLICTED","status":"passed","title":"durably classifies a stale promotion workspace hash as CONFLICTED","duration":65.4188750000003,"failureMessages":[],"meta":{},"tags":[]},{"ancestorTitles":["TransitionWorker"],"fullName":"TransitionWorker fences an accepted run cancellation before permit consumption","status":"passed","title":"fences an accepted run cancellation before permit consumption","duration":73.55583399999978,"failureMessages":[],"meta":{},"tags":[]},{"ancestorTitles":["TransitionWorker"],"fullName":"TransitionWorker returns TOO_LATE after the permit enters CONSUMING","status":"passed","title":"returns TOO_LATE after the permit enters CONSUMING","duration":85.2951250000001,"failureMessages":[],"meta":{},"tags":[]},{"ancestorTitles":["TransitionWorker"],"fullName":"TransitionWorker binds the rollback target version to its snapshot and creates a new generation for a no-op rollback snapshot","status":"passed","title":"binds the rollback target version to its snapshot and creates a new generation for a no-op rollback snapshot","duration":157.89983299999994,"failureMessages":[],"meta":{},"tags":[]},{"ancestorTitles":["TransitionWorker"],"fullName":"TransitionWorker requires expected view and workspace hash for repair and exposes no force flag","status":"passed","title":"requires expected view and workspace hash for repair and exposes no force flag","duration":9.213042000000314,"failureMessages":[],"meta":{},"tags":[]},{"ancestorTitles":["TransitionWorker"],"fullName":"TransitionWorker forwards a kill after rename from the durable consuming intent on restart","status":"passed","title":"forwards a kill after rename from the durable consuming intent on restart","duration":85.5183750000001,"failureMessages":[],"meta":{},"tags":[]},{"ancestorTitles":["TransitionWorker"],"fullName":"TransitionWorker recovers a rollback crash point from PERMIT_CONSUMING through the rollback acknowledgement stage","status":"passed","title":"recovers a rollback crash point from PERMIT_CONSUMING through the rollback acknowledgement stage","duration":182.34283400000004,"failureMessages":[],"meta":{},"tags":[]}],"startTime":1788094861606,"endTime":1788094863648.3428,"status":"passed","message":"","name":"<REPO_ROOT>/apps/server/src/transition-worker/worker.test.ts"}]}