{"numTotalTestSuites":38,"numPassedTestSuites":38,"numFailedTestSuites":0,"numPendingTestSuites":0,"numTotalTests":156,"numPassedTests":146,"numFailedTests":0,"numPendingTests":10,"numTodoTests":0,"snapshot":{"added":0,"failure":false,"filesAdded":0,"filesRemoved":0,"filesRemovedList":[],"filesUnmatched":0,"filesUpdated":0,"matched":0,"total":0,"unchecked":0,"uncheckedKeysByFile":[],"unmatched":0,"updated":0,"didUpdate":false},"startTime":1788094867641,"success":true,"testResults":[{"assertionResults":[{"ancestorTitles":["AgentService Worker admission recovery"],"fullName":"AgentService Worker admission recovery terminalizes the DB-admitted/Worker-unprepared run through Worker cancellation","status":"passed","title":"terminalizes the DB-admitted/Worker-unprepared run through Worker cancellation","duration":279.366875,"failureMessages":[],"meta":{},"tags":[]},{"ancestorTitles":["AgentService Worker admission recovery"],"fullName":"AgentService Worker admission recovery releases a rollback busy marker when the API died before Worker prepare","status":"passed","title":"releases a rollback busy marker when the API died before Worker prepare","duration":50.186000000000035,"failureMessages":[],"meta":{},"tags":[]},{"ancestorTitles":["AgentService Worker admission recovery"],"fullName":"AgentService Worker admission recovery projects a Worker-prepared rollback abort and releases the DB busy marker","status":"passed","title":"projects a Worker-prepared rollback abort and releases the DB busy marker","duration":114.093167,"failureMessages":[],"meta":{},"tags":[]}],"startTime":1788094869237,"endTime":1788094869681.0933,"status":"passed","message":"","name":"<REPO_ROOT>/apps/server/src/agent-service-worker-admission-recovery.test.ts"},{"assertionResults":[{"ancestorTitles":["AgentService CommitGate product integration"],"fullName":"AgentService CommitGate product integration reports CommitGate not ready and rejects before model execution when trusted checks are missing","status":"passed","title":"reports CommitGate not ready and rejects before model execution when trusted checks are missing","duration":51.510332999999946,"failureMessages":[],"meta":{},"tags":[]},{"ancestorTitles":["AgentService CommitGate product integration"],"fullName":"AgentService CommitGate product integration persists a committed receipt and append-only version head","status":"passed","title":"persists a committed receipt and append-only version head","duration":193.52433299999996,"failureMessages":[],"meta":{},"tags":[]},{"ancestorTitles":["AgentService CommitGate product integration"],"fullName":"AgentService CommitGate product integration fences a stale callback whose active lease does not match without changing Run, Message, or head","status":"passed","title":"fences a stale callback whose active lease does not match without changing Run, Message, or head","duration":157.85887500000013,"failureMessages":[],"meta":{},"tags":[]},{"ancestorTitles":["AgentService CommitGate product integration"],"fullName":"AgentService CommitGate product integration does not acknowledge or project a promotion whose terminal callback lease is stale","status":"passed","title":"does not acknowledge or project a promotion whose terminal callback lease is stale","duration":188.99525000000017,"failureMessages":[],"meta":{},"tags":[]},{"ancestorTitles":["AgentService CommitGate product integration"],"fullName":"AgentService CommitGate product integration rebinds a queued follow-up submittedViewId to the latest View before CommitGate execution","status":"passed","title":"rebinds a queued follow-up submittedViewId to the latest View before CommitGate execution","duration":199.44987500000002,"failureMessages":[],"meta":{},"tags":[]},{"ancestorTitles":["AgentService CommitGate product integration"],"fullName":"AgentService CommitGate product integration keeps all mutation admission locked until commit acknowledgement finishes","status":"passed","title":"keeps all mutation admission locked until commit acknowledgement finishes","duration":221.97583299999997,"failureMessages":[],"meta":{},"tags":[]},{"ancestorTitles":["AgentService CommitGate product integration"],"fullName":"AgentService CommitGate product integration keeps an in-memory recovery lock when consecutive DB failures cannot persist it","status":"passed","title":"keeps an in-memory recovery lock when consecutive DB failures cannot persist it","duration":224.11237500000016,"failureMessages":[],"meta":{},"tags":[]},{"ancestorTitles":["AgentService CommitGate product integration"],"fullName":"AgentService CommitGate product integration quarantines a protected edit and sends the next turn through a fresh reconciliation session","status":"passed","title":"quarantines a protected edit and sends the next turn through a fresh reconciliation session","duration":354.37929199999985,"failureMessages":[],"meta":{},"tags":[]},{"ancestorTitles":["AgentService CommitGate product integration"],"fullName":"AgentService CommitGate product integration creates a new ROLLBACK event instead of moving history","status":"passed","title":"creates a new ROLLBACK event instead of moving history","duration":187.22050000000036,"failureMessages":[],"meta":{},"tags":[]},{"ancestorTitles":["AgentService CommitGate product integration"],"fullName":"AgentService CommitGate product integration restores the pre-rollback workspace and version head when the rollback database commit fails","status":"passed","title":"restores the pre-rollback workspace and version head when the rollback database commit fails","duration":256.8002499999998,"failureMessages":[],"meta":{},"tags":[]},{"ancestorTitles":["AgentService CommitGate product integration"],"fullName":"AgentService CommitGate product integration preserves stopped status after a successful rollback","status":"passed","title":"preserves stopped status after a successful rollback","duration":181.02675,"failureMessages":[],"meta":{},"tags":[]},{"ancestorTitles":["AgentService CommitGate product integration"],"fullName":"AgentService CommitGate product integration locks the Agent until startup recovery resolves rollback acknowledgement failure","status":"passed","title":"locks the Agent until startup recovery resolves rollback acknowledgement failure","duration":189.07012499999973,"failureMessages":[],"meta":{},"tags":[]},{"ancestorTitles":["AgentService CommitGate product integration"],"fullName":"AgentService CommitGate product integration blocks stop and delete while a rollback transaction is active","status":"passed","title":"blocks stop and delete while a rollback transaction is active","duration":166.12199999999984,"failureMessages":[],"meta":{},"tags":[]},{"ancestorTitles":["AgentService CommitGate product integration"],"fullName":"AgentService CommitGate product integration reserves delete across cancellation and archive awaits","status":"passed","title":"reserves delete across cancellation and archive awaits","duration":27.019709000000148,"failureMessages":[],"meta":{},"tags":[]},{"ancestorTitles":["AgentService CommitGate product integration"],"fullName":"AgentService CommitGate product integration reserves configuration mutation through the platform instruction write","status":"passed","title":"reserves configuration mutation through the platform instruction write","duration":28.757416999999805,"failureMessages":[],"meta":{},"tags":[]},{"ancestorTitles":["AgentService CommitGate product integration"],"fullName":"AgentService CommitGate product integration keeps all mutation admission locked until rollback acknowledgement finishes","status":"passed","title":"keeps all mutation admission locked until rollback acknowledgement finishes","duration":163.4690830000004,"failureMessages":[],"meta":{},"tags":[]},{"ancestorTitles":["AgentService CommitGate product integration"],"fullName":"AgentService CommitGate product integration rolls back a promoted candidate if version projection fails before the product DB commit","status":"passed","title":"rolls back a promoted candidate if version projection fails before the product DB commit","duration":129.7111670000004,"failureMessages":[],"meta":{},"tags":[]},{"ancestorTitles":["AgentService CommitGate product integration"],"fullName":"AgentService CommitGate product integration quarantines exact credential bytes in binary output and redacts model output","status":"passed","title":"quarantines exact credential bytes in binary output and redacts model output","duration":187.88454199999978,"failureMessages":[],"meta":{},"tags":[]},{"ancestorTitles":["AgentService CommitGate product integration"],"fullName":"AgentService CommitGate product integration records verifier-stage cancellation as RunStatus cancelled","status":"passed","title":"records verifier-stage cancellation as RunStatus cancelled","duration":98.71495800000002,"failureMessages":[],"meta":{},"tags":[]},{"ancestorTitles":["AgentService CommitGate product integration"],"fullName":"AgentService CommitGate product integration preserves a pending receipt and recovery-locks when cancellation rollback fails","status":"passed","title":"preserves a pending receipt and recovery-locks when cancellation rollback fails","duration":97.8545409999997,"failureMessages":[],"meta":{},"tags":[]},{"ancestorTitles":["AgentService CommitGate product integration"],"fullName":"AgentService CommitGate product integration recovery-locks a completed swap whose pending journal write failed","status":"passed","title":"recovery-locks a completed swap whose pending journal write failed","duration":91.17174999999997,"failureMessages":[],"meta":{},"tags":[]},{"ancestorTitles":["AgentService CommitGate product integration"],"fullName":"AgentService CommitGate product integration rejects an authoritative assistant message when startup recovery rolls its view back","status":"passed","title":"rejects an authoritative assistant message when startup recovery rolls its view back","duration":146.97362499999963,"failureMessages":[],"meta":{},"tags":[]},{"ancestorTitles":["AgentService CommitGate product integration"],"fullName":"AgentService CommitGate product integration keeps the server available and marks only the affected Agent error for an invalid recovery policy","status":"passed","title":"keeps the server available and marks only the affected Agent error for an invalid recovery policy","duration":32.01391700000022,"failureMessages":[],"meta":{},"tags":[]},{"ancestorTitles":["AgentService CommitGate product integration"],"fullName":"AgentService CommitGate product integration restores the base and records ABORTED when the product database commit fails","status":"passed","title":"restores the base and records ABORTED when the product database commit fails","duration":83.74516700000004,"failureMessages":[],"meta":{},"tags":[]},{"ancestorTitles":["AgentService CommitGate product integration"],"fullName":"AgentService CommitGate product integration returns AGENT_BUSY and HEAD_MISMATCH before starting rollback I/O","status":"passed","title":"returns AGENT_BUSY and HEAD_MISMATCH before starting rollback I/O","duration":132.479875,"failureMessages":[],"meta":{},"tags":[]}],"startTime":1788094868405,"endTime":1788094872197.48,"status":"passed","message":"","name":"<REPO_ROOT>/apps/server/src/commitgate-service.test.ts"},{"assertionResults":[{"ancestorTitles":["TransitionEventLog"],"fullName":"TransitionEventLog serializes concurrent immutable events into a verified digest chain","status":"passed","title":"serializes concurrent immutable events into a verified digest chain","duration":21.386415999999997,"failureMessages":[],"meta":{},"tags":[]},{"ancestorTitles":["TransitionEventLog"],"fullName":"TransitionEventLog detects an edited historical event","status":"passed","title":"detects an edited historical event","duration":11.059625000000011,"failureMessages":[],"meta":{},"tags":[]},{"ancestorTitles":["TransitionEventLog"],"fullName":"TransitionEventLog requires repair expected-view and workspace-hash CAS","status":"passed","title":"requires repair expected-view and workspace-hash CAS","duration":0.9702089999999828,"failureMessages":[],"meta":{},"tags":[]}],"startTime":1788094870268,"endTime":1788094870301.9702,"status":"passed","message":"","name":"<REPO_ROOT>/apps/server/src/transition-log.test.ts"},{"assertionResults":[{"ancestorTitles":["WorkerCommitGateRunner"],"fullName":"WorkerCommitGateRunner quiesces a Broker orphan before restart recovery destroys candidate bytes","status":"passed","title":"quiesces a Broker orphan before restart recovery destroys candidate bytes","duration":227.99233299999992,"failureMessages":[],"meta":{},"tags":[]},{"ancestorTitles":["WorkerCommitGateRunner"],"fullName":"WorkerCommitGateRunner recovers an idempotent prepared admission after its RPC response is lost and never runs Agent code","status":"passed","title":"recovers an idempotent prepared admission after its RPC response is lost and never runs Agent code","duration":159.04533400000003,"failureMessages":[],"meta":{},"tags":[]},{"ancestorTitles":["WorkerCommitGateRunner"],"fullName":"WorkerCommitGateRunner reconciles a committed terminal fact when the promotion acknowledgement response is lost","status":"passed","title":"reconciles a committed terminal fact when the promotion acknowledgement response is lost","duration":428.56170900000006,"failureMessages":[],"meta":{},"tags":[]},{"ancestorTitles":["WorkerCommitGateRunner"],"fullName":"WorkerCommitGateRunner commits through proposal, evidence, permit and Worker generation CAS","status":"passed","title":"commits through proposal, evidence, permit and Worker generation CAS","duration":376.48133400000006,"failureMessages":[],"meta":{},"tags":[]},{"ancestorTitles":["WorkerCommitGateRunner"],"fullName":"WorkerCommitGateRunner quarantines a protected-path change without advancing workspace generation","status":"passed","title":"quarantines a protected-path change without advancing workspace generation","duration":242.580958,"failureMessages":[],"meta":{},"tags":[]},{"ancestorTitles":["WorkerCommitGateRunner"],"fullName":"WorkerCommitGateRunner records an ABORTED non-promotion receipt after a prepared verifier outage","status":"passed","title":"records an ABORTED non-promotion receipt after a prepared verifier outage","duration":303.58208300000024,"failureMessages":[],"meta":{},"tags":[]},{"ancestorTitles":["WorkerCommitGateRunner"],"fullName":"WorkerCommitGateRunner quarantines deterministic candidate manifest violations but aborts missing storage","status":"passed","title":"quarantines deterministic candidate manifest violations but aborts missing storage","duration":274.84249999999975,"failureMessages":[],"meta":{},"tags":[]},{"ancestorTitles":["WorkerCommitGateRunner"],"fullName":"WorkerCommitGateRunner maps a stale Worker View CAS to one durable CONFLICTED disposition before finalize","status":"passed","title":"maps a stale Worker View CAS to one durable CONFLICTED disposition before finalize","duration":403.5096659999999,"failureMessages":[],"meta":{},"tags":[]},{"ancestorTitles":["WorkerCommitGateRunner"],"fullName":"WorkerCommitGateRunner makes cancellation authoritative before verifier","status":"passed","title":"makes cancellation authoritative before verifier","duration":218.600958,"failureMessages":[],"meta":{},"tags":[]},{"ancestorTitles":["WorkerCommitGateRunner"],"fullName":"WorkerCommitGateRunner makes cancellation authoritative before permit","status":"passed","title":"makes cancellation authoritative before permit","duration":226.32400000000007,"failureMessages":[],"meta":{},"tags":[]},{"ancestorTitles":["WorkerCommitGateRunner"],"fullName":"WorkerCommitGateRunner makes cancellation authoritative before promotion","status":"passed","title":"makes cancellation authoritative before promotion","duration":226.53470900000002,"failureMessages":[],"meta":{},"tags":[]}],"startTime":1788094868358,"endTime":1788094871446.5347,"status":"passed","message":"","name":"<REPO_ROOT>/apps/server/src/worker-commitgate-runner.test.ts"},{"assertionResults":[{"ancestorTitles":["CommitGate fail-closed robustness"],"fullName":"CommitGate fail-closed robustness rejects file budgets, canaries, and platform-managed edits together","status":"passed","title":"rejects file budgets, canaries, and platform-managed edits together","duration":67.72966699999995,"failureMessages":[],"meta":{},"tags":[]},{"ancestorTitles":["CommitGate fail-closed robustness"],"fullName":"CommitGate fail-closed robustness aborts on missing verifier exit evidence","status":"passed","title":"aborts on missing verifier exit evidence","duration":82.28037500000005,"failureMessages":[],"meta":{},"tags":[]},{"ancestorTitles":["CommitGate fail-closed robustness"],"fullName":"CommitGate fail-closed robustness aborts PASS without exit zero and duplicate results as broken evidence","status":"passed","title":"aborts PASS without exit zero and duplicate results as broken evidence","duration":56.58420799999999,"failureMessages":[],"meta":{},"tags":[]},{"ancestorTitles":["CommitGate fail-closed robustness"],"fullName":"CommitGate fail-closed robustness aborts when the verifier image or trusted context drifts after checks","status":"passed","title":"aborts when the verifier image or trusted context drifts after checks","duration":71.2800830000001,"failureMessages":[],"meta":{},"tags":[]},{"ancestorTitles":["CommitGate fail-closed robustness"],"fullName":"CommitGate fail-closed robustness promotes sealed bytes even if the obsolete candidate path is recreated and modified","status":"passed","title":"promotes sealed bytes even if the obsolete candidate path is recreated and modified","duration":76.25862499999994,"failureMessages":[],"meta":{},"tags":[]},{"ancestorTitles":["CommitGate fail-closed robustness"],"fullName":"CommitGate fail-closed robustness makes repeated finalization idempotent","status":"passed","title":"makes repeated finalization idempotent","duration":72.39633400000002,"failureMessages":[],"meta":{},"tags":[]},{"ancestorTitles":["CommitGate fail-closed robustness"],"fullName":"CommitGate fail-closed robustness aborts an already-cancelled verification and preserves the base","status":"passed","title":"aborts an already-cancelled verification and preserves the base","duration":23.75412499999993,"failureMessages":[],"meta":{},"tags":[]},{"ancestorTitles":["CommitGate fail-closed robustness"],"fullName":"CommitGate fail-closed robustness redacts credential-shaped verifier output in persisted receipts","status":"passed","title":"redacts credential-shaped verifier output in persisted receipts","duration":6.741541999999981,"failureMessages":[],"meta":{},"tags":[]},{"ancestorTitles":["CommitGate fail-closed robustness"],"fullName":"CommitGate fail-closed robustness cleans orphan candidate and verify directories during startup recovery","status":"passed","title":"cleans orphan candidate and verify directories during startup recovery","duration":9.959084000000075,"failureMessages":[],"meta":{},"tags":[]},{"ancestorTitles":["CommitGate fail-closed robustness"],"fullName":"CommitGate fail-closed robustness acknowledges a database-committed rollback without appending a fake commit event","status":"passed","title":"acknowledges a database-committed rollback without appending a fake commit event","duration":53.22158399999989,"failureMessages":[],"meta":{},"tags":[]},{"ancestorTitles":["CommitGate fail-closed robustness"],"fullName":"CommitGate fail-closed robustness rolls back a no-op promotion when the database still points at the prior event","status":"passed","title":"rolls back a no-op promotion when the database still points at the prior event","duration":120.50691600000005,"failureMessages":[],"meta":{},"tags":[]},{"ancestorTitles":["CommitGate fail-closed robustness"],"fullName":"CommitGate fail-closed robustness rolls back a same-snapshot rollback when the database head event was not advanced","status":"passed","title":"rolls back a same-snapshot rollback when the database head event was not advanced","duration":53.157875000000104,"failureMessages":[],"meta":{},"tags":[]},{"ancestorTitles":["CommitGate fail-closed robustness"],"fullName":"CommitGate fail-closed robustness restores the base before recording ABORTED when the first promoted receipt write fails","status":"passed","title":"restores the base before recording ABORTED when the first promoted receipt write fails","duration":58.774374999999964,"failureMessages":[],"meta":{},"tags":[]},{"ancestorTitles":["CommitGate fail-closed robustness"],"fullName":"CommitGate fail-closed robustness recovers forward after product DB commit when final receipt cleanup fails","status":"passed","title":"recovers forward after product DB commit when final receipt cleanup fails","duration":85.89266699999985,"failureMessages":[],"meta":{},"tags":[]},{"ancestorTitles":["CommitGate fail-closed robustness"],"fullName":"CommitGate fail-closed robustness isolates a corrupt journal as manual intervention instead of aborting recovery","status":"passed","title":"isolates a corrupt journal as manual intervention instead of aborting recovery","duration":8.621458000000075,"failureMessages":[],"meta":{},"tags":[]},{"ancestorTitles":["CommitGate fail-closed robustness"],"fullName":"CommitGate fail-closed robustness rejects a FIFO special file without following or reading it","status":"passed","title":"rejects a FIFO special file without following or reading it","duration":17.12541699999997,"failureMessages":[],"meta":{},"tags":[]},{"ancestorTitles":["CommitGate fail-closed robustness"],"fullName":"CommitGate fail-closed robustness keeps the generic trusted sanity check compatible with a v1 workspace","status":"passed","title":"keeps the generic trusted sanity check compatible with a v1 workspace","duration":130.8812499999999,"failureMessages":[],"meta":{},"tags":[]},{"ancestorTitles":["CommitGate fail-closed robustness"],"fullName":"CommitGate fail-closed robustness cancels an active decorated runner and emits an ABORTED receipt","status":"passed","title":"cancels an active decorated runner and emits an ABORTED receipt","duration":40.72866700000009,"failureMessages":[],"meta":{},"tags":[]},{"ancestorTitles":["CommitGate fail-closed robustness"],"fullName":"CommitGate fail-closed robustness normalizes cancellation requested while candidate preparation is in flight","status":"passed","title":"normalizes cancellation requested while candidate preparation is in flight","duration":32.25412499999993,"failureMessages":[],"meta":{},"tags":[]}],"startTime":1788094868383,"endTime":1788094869452.2542,"status":"passed","message":"","name":"<REPO_ROOT>/apps/server/src/commitgate/robustness.test.ts"},{"assertionResults":[{"ancestorTitles":["VersionStore"],"fullName":"VersionStore creates append-only events, preserves managed state, and removes ephemeral state","status":"passed","title":"creates append-only events, preserves managed state, and removes ephemeral state","duration":96.30441699999994,"failureMessages":[],"meta":{},"tags":[]},{"ancestorTitles":["VersionStore"],"fullName":"VersionStore rejects stale expected heads","status":"passed","title":"rejects stale expected heads","duration":15.791333000000009,"failureMessages":[],"meta":{},"tags":[]},{"ancestorTitles":["VersionStore"],"fullName":"VersionStore records no-op commits as separate audit events while reusing one snapshot","status":"passed","title":"records no-op commits as separate audit events while reusing one snapshot","duration":36.40729200000004,"failureMessages":[],"meta":{},"tags":[]},{"ancestorTitles":["VersionStore"],"fullName":"VersionStore freezes the normalized policy hash on each append-only event","status":"passed","title":"freezes the normalized policy hash on each append-only event","duration":15.87620800000002,"failureMessages":[],"meta":{},"tags":[]},{"ancestorTitles":["VersionStore"],"fullName":"VersionStore keeps pruned metadata but rejects rollback when its payload is gone","status":"passed","title":"keeps pruned metadata but rejects rollback when its payload is gone","duration":32.84145799999999,"failureMessages":[],"meta":{},"tags":[]},{"ancestorTitles":["VersionStore"],"fullName":"VersionStore retains the parent snapshot until a staged rollback becomes terminal","status":"passed","title":"retains the parent snapshot until a staged rollback becomes terminal","duration":47.97137500000002,"failureMessages":[],"meta":{},"tags":[]},{"ancestorTitles":["VersionStore"],"fullName":"VersionStore defers promotion retention until acknowledgement and preserves a reverted head","status":"passed","title":"defers promotion retention until acknowledgement and preserves a reverted head","duration":23.554750000000013,"failureMessages":[],"meta":{},"tags":[]}],"startTime":1788094869750,"endTime":1788094870019.5547,"status":"passed","message":"","name":"<REPO_ROOT>/apps/server/src/commitgate/version-store.test.ts"},{"assertionResults":[{"ancestorTitles":["WorkspaceTransaction rename-swap recovery"],"fullName":"WorkspaceTransaction rename-swap recovery cannot reuse the same consumed capability for a no-op promotion","status":"passed","title":"cannot reuse the same consumed capability for a no-op promotion","duration":95.413959,"failureMessages":[],"meta":{},"tags":[]},{"ancestorTitles":["WorkspaceTransaction rename-swap recovery"],"fullName":"WorkspaceTransaction rename-swap recovery rejects a rollback snapshot changed during import before any swap","status":"passed","title":"rejects a rollback snapshot changed during import before any swap","duration":22.950290999999993,"failureMessages":[],"meta":{},"tags":[]},{"ancestorTitles":["WorkspaceTransaction rename-swap recovery"],"fullName":"WorkspaceTransaction rename-swap recovery restores the backup when the staging rename fails","status":"passed","title":"restores the backup when the staging rename fails","duration":38.970124999999996,"failureMessages":[],"meta":{},"tags":[]},{"ancestorTitles":["WorkspaceTransaction rename-swap recovery"],"fullName":"WorkspaceTransaction rename-swap recovery raises recovery-required when both staging rename and backup restore fail","status":"passed","title":"raises recovery-required when both staging rename and backup restore fail","duration":77.64049999999997,"failureMessages":[],"meta":{},"tags":[]},{"ancestorTitles":["WorkspaceTransaction rename-swap recovery"],"fullName":"WorkspaceTransaction rename-swap recovery leaves startup recovery evidence when the pending journal write fails after swap","status":"passed","title":"leaves startup recovery evidence when the pending journal write fails after swap","duration":73.30154099999993,"failureMessages":[],"meta":{},"tags":[]}],"startTime":1788094869400,"endTime":1788094869708.3015,"status":"passed","message":"","name":"<REPO_ROOT>/apps/server/src/commitgate/workspace-transaction.test.ts"},{"assertionResults":[{"ancestorTitles":["signed receipt proof"],"fullName":"signed receipt proof detects terminal proof tampering","status":"passed","title":"detects terminal proof tampering","duration":6.627999999999986,"failureMessages":[],"meta":{},"tags":[]},{"ancestorTitles":["signed receipt proof"],"fullName":"signed receipt proof binds a canonical authority receipt to its terminal event","status":"passed","title":"binds a canonical authority receipt to its terminal event","duration":5.375124999999997,"failureMessages":[],"meta":{},"tags":[]},{"ancestorTitles":["signed receipt proof"],"fullName":"signed receipt proof verifies a conflicted receipt against disposition-time HEAD and the full event chain","status":"passed","title":"verifies a conflicted receipt against disposition-time HEAD and the full event chain","duration":4.4004170000000045,"failureMessages":[],"meta":{},"tags":[]}],"startTime":1788094870446,"endTime":1788094870462.4004,"status":"passed","message":"","name":"<REPO_ROOT>/apps/server/src/research/receipt-proof.test.ts"},{"assertionResults":[{"ancestorTitles":["Runtime Broker durable lifecycle ledger"],"fullName":"Runtime Broker durable lifecycle ledger rejects closure for a binding that never launched","status":"passed","title":"rejects closure for a binding that never launched","duration":5.70908399999999,"failureMessages":[],"meta":{},"tags":[]},{"ancestorTitles":["Runtime Broker durable lifecycle ledger"],"fullName":"Runtime Broker durable lifecycle ledger permits only the monotonic Agent -> Verifier -> closed sequence","status":"passed","title":"permits only the monotonic Agent -> Verifier -> closed sequence","duration":57.49962499999998,"failureMessages":[],"meta":{},"tags":[]},{"ancestorTitles":["Runtime Broker durable lifecycle ledger"],"fullName":"Runtime Broker durable lifecycle ledger persists tombstones across Broker instances and rejects cross-binding reuse","status":"passed","title":"persists tombstones across Broker instances and rejects cross-binding reuse","duration":15.677916000000039,"failureMessages":[],"meta":{},"tags":[]}],"startTime":1788094869973,"endTime":1788094870052.678,"status":"passed","message":"","name":"<REPO_ROOT>/apps/server/src/runtime-broker/lifecycle-ledger.test.ts"},{"assertionResults":[{"ancestorTitles":["runtime broker Unix RPC"],"fullName":"runtime broker Unix RPC keeps verifier RPC alive for the global budget plus teardown grace","status":"passed","title":"keeps verifier RPC alive for the global budget plus teardown grace","duration":2.860791000000063,"failureMessages":[],"meta":{},"tags":[]},{"ancestorTitles":["runtime broker Unix RPC"],"fullName":"runtime broker Unix RPC accepts only the server-derived candidate path for the bound run","status":"passed","title":"accepts only the server-derived candidate path for the bound run","duration":4.589665999999966,"failureMessages":[],"meta":{},"tags":[]},{"ancestorTitles":["runtime broker Unix RPC"],"fullName":"runtime broker Unix RPC uses a strict wire schema and rejects unknown Runtime controls","status":"passed","title":"uses a strict wire schema and rejects unknown Runtime controls","duration":3.2005000000000337,"failureMessages":[],"meta":{},"tags":[]},{"ancestorTitles":["runtime broker Unix RPC"],"fullName":"runtime broker Unix RPC requires a Worker-bound opaque candidate reference in worker mode","status":"passed","title":"requires a Worker-bound opaque candidate reference in worker mode","duration":3.4567500000000564,"failureMessages":[],"meta":{},"tags":[]},{"ancestorTitles":["runtime broker Unix RPC"],"fullName":"runtime broker Unix RPC rejects a candidate root that resolves through a symlink","status":"passed","title":"rejects a candidate root that resolves through a symlink","duration":27.912750000000074,"failureMessages":[],"meta":{},"tags":[]},{"ancestorTitles":["runtime broker Unix RPC"],"fullName":"runtime broker Unix RPC runs, cancels and returns teardown evidence through a mode-0660 socket","status":"skipped","title":"runs, cancels and returns teardown evidence through a mode-0660 socket","duration":10.379542000000015,"failureMessages":[],"meta":{},"tags":[]},{"ancestorTitles":["runtime broker Unix RPC"],"fullName":"runtime broker Unix RPC cancels the verifier container by the same bound runId","status":"passed","title":"cancels the verifier container by the same bound runId","duration":14.121042000000102,"failureMessages":[],"meta":{},"tags":[]},{"ancestorTitles":["runtime broker Unix RPC"],"fullName":"runtime broker Unix RPC returns formal verifier teardown and closes all known run containers","status":"passed","title":"returns formal verifier teardown and closes all known run containers","duration":1.861250000000041,"failureMessages":[],"meta":{},"tags":[]},{"ancestorTitles":["runtime broker Unix RPC"],"fullName":"runtime broker Unix RPC rediscovers and force-removes a labeled orphan before attesting mount release","status":"passed","title":"rediscovers and force-removes a labeled orphan before attesting mount release","duration":1634.3273330000002,"failureMessages":[],"meta":{},"tags":[]},{"ancestorTitles":["runtime broker Unix RPC"],"fullName":"runtime broker Unix RPC fails closed when a bound orphan survives force removal","status":"passed","title":"fails closed when a bound orphan survives force removal","duration":4831.031333,"failureMessages":[],"meta":{},"tags":[]},{"ancestorTitles":["runtime broker Unix RPC"],"fullName":"runtime broker Unix RPC rejects reconciliation for a binding with no durable launch record","status":"passed","title":"rejects reconciliation for a binding with no durable launch record","duration":1.6657500000001164,"failureMessages":[],"meta":{},"tags":[]}],"startTime":1788094868376,"endTime":1788094874911.6658,"status":"passed","message":"","name":"<REPO_ROOT>/apps/server/src/runtime-broker/rpc.test.ts"},{"assertionResults":[{"ancestorTitles":["TransitionWorker durable non-core intents"],"fullName":"TransitionWorker durable non-core intents forwards initialization after its intent but before the authority rename","status":"passed","title":"forwards initialization after its intent but before the authority rename","duration":86.97691700000007,"failureMessages":[],"meta":{},"tags":[]},{"ancestorTitles":["TransitionWorker durable non-core intents"],"fullName":"TransitionWorker durable non-core intents fails closed when an initialization intent would overwrite unrelated authority","status":"passed","title":"fails closed when an initialization intent would overwrite unrelated authority","duration":25.35754099999997,"failureMessages":[],"meta":{},"tags":[]},{"ancestorTitles":["TransitionWorker durable non-core intents"],"fullName":"TransitionWorker durable non-core intents adopts an already-renamed legacy tree without inventing a second copy","status":"passed","title":"adopts an already-renamed legacy tree without inventing a second copy","duration":70.56208299999992,"failureMessages":[],"meta":{},"tags":[]},{"ancestorTitles":["TransitionWorker durable non-core intents"],"fullName":"TransitionWorker durable non-core intents forwards platform regeneration from backup+staging and archives exactly once","status":"passed","title":"forwards platform regeneration from backup+staging and archives exactly once","duration":157.74904100000003,"failureMessages":[],"meta":{},"tags":[]},{"ancestorTitles":["TransitionWorker durable non-core intents"],"fullName":"TransitionWorker durable non-core intents recovers a sealed proposal and verifier export intent before abort cleanup","status":"passed","title":"recovers a sealed proposal and verifier export intent before abort cleanup","duration":257.117791,"failureMessages":[],"meta":{},"tags":[]},{"ancestorTitles":["TransitionWorker durable non-core intents"],"fullName":"TransitionWorker durable non-core intents finishes a seal intent from immutable Worker bytes and destroys the old candidate","status":"passed","title":"finishes a seal intent from immutable Worker bytes and destroys the old candidate","duration":207.60525000000007,"failureMessages":[],"meta":{},"tags":[]},{"ancestorTitles":["TransitionWorker durable non-core intents"],"fullName":"TransitionWorker durable non-core intents sweeps pre-intent staging, proposal and evidence blobs at startup","status":"passed","title":"sweeps pre-intent staging, proposal and evidence blobs at startup","duration":26.59987500000011,"failureMessages":[],"meta":{},"tags":[]}],"startTime":1788094868316,"endTime":1788094869148.5999,"status":"passed","message":"","name":"<REPO_ROOT>/apps/server/src/transition-worker/authority-intent-recovery.test.ts"},{"assertionResults":[{"ancestorTitles":["EvidenceBlobStore"],"fullName":"EvidenceBlobStore stores canonical JSON bytes under their SHA-256 ID with mode 0600","status":"passed","title":"stores canonical JSON bytes under their SHA-256 ID with mode 0600","duration":28.401708000000042,"failureMessages":[],"meta":{},"tags":[]},{"ancestorTitles":["EvidenceBlobStore"],"fullName":"EvidenceBlobStore rejects values and files above the configured byte budget","status":"passed","title":"rejects values and files above the configured byte budget","duration":4.696957999999995,"failureMessages":[],"meta":{},"tags":[]},{"ancestorTitles":["EvidenceBlobStore"],"fullName":"EvidenceBlobStore fails closed when an existing content-addressed blob is inconsistent","status":"passed","title":"fails closed when an existing content-addressed blob is inconsistent","duration":7.314834000000019,"failureMessages":[],"meta":{},"tags":[]},{"ancestorTitles":["EvidenceBlobStore"],"fullName":"EvidenceBlobStore recomputes the digest on get and rejects post-write tampering","status":"passed","title":"recomputes the digest on get and rejects post-write tampering","duration":6.308708000000024,"failureMessages":[],"meta":{},"tags":[]},{"ancestorTitles":["EvidenceBlobStore"],"fullName":"EvidenceBlobStore rejects non-canonical or invalid JSON even when the filename digest matches","status":"passed","title":"rejects non-canonical or invalid JSON even when the filename digest matches","duration":4.945917000000009,"failureMessages":[],"meta":{},"tags":[]},{"ancestorTitles":["EvidenceBlobStore"],"fullName":"EvidenceBlobStore rejects invalid IDs, hardlinks, and permission changes","status":"passed","title":"rejects invalid IDs, hardlinks, and permission changes","duration":9.857250000000022,"failureMessages":[],"meta":{},"tags":[]},{"ancestorTitles":["EvidenceBlobStore"],"fullName":"EvidenceBlobStore rejects non-JSON top-level values","status":"passed","title":"rejects non-JSON top-level values","duration":0.9985829999999964,"failureMessages":[],"meta":{},"tags":[]}],"startTime":1788094870140,"endTime":1788094870202.9985,"status":"passed","message":"","name":"<REPO_ROOT>/apps/server/src/transition-worker/evidence-blob-store.test.ts"},{"assertionResults":[{"ancestorTitles":["transition-worker authoritative filesystem closure"],"fullName":"transition-worker authoritative filesystem closure emits canonical schema v2 with the same authoritative hash as the core manifest","status":"passed","title":"emits canonical schema v2 with the same authoritative hash as the core manifest","duration":18.890499999999975,"failureMessages":[],"meta":{},"tags":[]},{"ancestorTitles":["transition-worker authoritative filesystem closure"],"fullName":"transition-worker authoritative filesystem closure excludes ignored names at any path depth while still charging their inode and byte usage","status":"passed","title":"excludes ignored names at any path depth while still charging their inode and byte usage","duration":15.890250000000009,"failureMessages":[],"meta":{},"tags":[]},{"ancestorTitles":["transition-worker authoritative filesystem closure"],"fullName":"transition-worker authoritative filesystem closure fails closed when ignored trees exceed file, byte, or single-file quotas","status":"passed","title":"fails closed when ignored trees exceed file, byte, or single-file quotas","duration":6.791249999999991,"failureMessages":[],"meta":{},"tags":[]},{"ancestorTitles":["transition-worker authoritative filesystem closure"],"fullName":"transition-worker authoritative filesystem closure fails closed when the complete candidate scan exceeds its total inode quota","status":"passed","title":"fails closed when the complete candidate scan exceeds its total inode quota","duration":2.690832999999998,"failureMessages":[],"meta":{},"tags":[]},{"ancestorTitles":["transition-worker authoritative filesystem closure"],"fullName":"transition-worker authoritative filesystem closure fails closed when a manifest walk exceeds its wall-clock scan budget","status":"passed","title":"fails closed when a manifest walk exceeds its wall-clock scan budget","duration":2.0313749999999686,"failureMessages":[],"meta":{},"tags":[]},{"ancestorTitles":["transition-worker authoritative filesystem closure"],"fullName":"transition-worker authoritative filesystem closure fails closed for symlinks and hardlinks, including inside ignored trees","status":"passed","title":"fails closed for symlinks and hardlinks, including inside ignored trees","duration":6.000249999999994,"failureMessages":[],"meta":{},"tags":[]},{"ancestorTitles":["transition-worker authoritative filesystem closure"],"fullName":"transition-worker authoritative filesystem closure rejects special files without opening or following them","status":"passed","title":"rejects special files without opening or following them","duration":54.379209,"failureMessages":[],"meta":{},"tags":[]},{"ancestorTitles":["transition-worker authoritative filesystem closure"],"fullName":"transition-worker authoritative filesystem closure rejects case-fold and Unicode-normalization aliases before filesystem access","status":"passed","title":"rejects case-fold and Unicode-normalization aliases before filesystem access","duration":1.3751250000000255,"failureMessages":[],"meta":{},"tags":[]},{"ancestorTitles":["transition-worker authoritative filesystem closure"],"fullName":"transition-worker authoritative filesystem closure enforces the expected root ownership across the complete tree","status":"passed","title":"enforces the expected root ownership across the complete tree","duration":3.9529170000000136,"failureMessages":[],"meta":{},"tags":[]},{"ancestorTitles":["transition-worker authoritative filesystem closure"],"fullName":"transition-worker authoritative filesystem closure rejects non-normalized setuid, setgid, and sticky mode bits","status":"skipped","title":"rejects non-normalized setuid, setgid, and sticky mode bits","failureMessages":[],"meta":{},"tags":[]},{"ancestorTitles":["transition-worker authoritative filesystem closure"],"fullName":"transition-worker authoritative filesystem closure fails closed when extended metadata is required but unavailable or present","status":"passed","title":"fails closed when extended metadata is required but unavailable or present","duration":11.159667000000013,"failureMessages":[],"meta":{},"tags":[]},{"ancestorTitles":["transition-worker authoritative filesystem closure"],"fullName":"transition-worker authoritative filesystem closure publishes an explicit support matrix instead of overstating portable guarantees","status":"passed","title":"publishes an explicit support matrix instead of overstating portable guarantees","duration":0.31887499999999136,"failureMessages":[],"meta":{},"tags":[]},{"ancestorTitles":["transition-worker authoritative filesystem closure"],"fullName":"transition-worker authoritative filesystem closure checks filesystem topology for all existing rename-swap roots","status":"passed","title":"checks filesystem topology for all existing rename-swap roots","duration":1.7530830000000037,"failureMessages":[],"meta":{},"tags":[]},{"ancestorTitles":["transition-worker authoritative filesystem closure"],"fullName":"transition-worker authoritative filesystem closure rejects a real cross-device rename topology before promotion","status":"skipped","title":"rejects a real cross-device rename topology before promotion","failureMessages":[],"meta":{},"tags":[]},{"ancestorTitles":["transition-worker authoritative filesystem closure"],"fullName":"transition-worker authoritative filesystem closure rejects sparse files on the Linux strong-guarantee platform","status":"skipped","title":"rejects sparse files on the Linux strong-guarantee platform","failureMessages":[],"meta":{},"tags":[]},{"ancestorTitles":["transition-worker authoritative filesystem closure"],"fullName":"transition-worker authoritative filesystem closure rejects a real Linux xattr without returning its value","status":"skipped","title":"rejects a real Linux xattr without returning its value","failureMessages":[],"meta":{},"tags":[]},{"ancestorTitles":["transition-worker authoritative filesystem closure"],"fullName":"transition-worker authoritative filesystem closure rejects a real non-trivial Linux ACL while omitting mode-derived entries","status":"skipped","title":"rejects a real non-trivial Linux ACL while omitting mode-derived entries","failureMessages":[],"meta":{},"tags":[]},{"ancestorTitles":["transition-worker authoritative filesystem closure"],"fullName":"transition-worker authoritative filesystem closure fails closed when a required inspection tool is missing","status":"skipped","title":"fails closed when a required inspection tool is missing","failureMessages":[],"meta":{},"tags":[]}],"startTime":1788094869929,"endTime":1788094870054.7532,"status":"passed","message":"","name":"<REPO_ROOT>/apps/server/src/transition-worker/filesystem.test.ts"},{"assertionResults":[{"ancestorTitles":["receipt proof projection size"],"fullName":"receipt proof projection size keeps 21 compact receipts below the RPC cap and rebuilds one full v3 chain","status":"passed","title":"keeps 21 compact receipts below the RPC cap and rebuilds one full v3 chain","duration":9090.14675,"failureMessages":[],"meta":{},"tags":[]}],"startTime":1788094868316,"endTime":1788094877406.1467,"status":"passed","message":"","name":"<REPO_ROOT>/apps/server/src/transition-worker/receipt-proof-projection-size.test.ts"},{"assertionResults":[{"ancestorTitles":["transition-worker Unix RPC"],"fullName":"transition-worker Unix RPC uses a private mode-0660 Unix socket","status":"skipped","title":"uses a private mode-0660 Unix socket","duration":24.99933299999998,"failureMessages":[],"meta":{},"tags":[]},{"ancestorTitles":["transition-worker Unix RPC"],"fullName":"transition-worker Unix RPC rejects raw host paths and repair force flags at the strict wire schema","status":"passed","title":"rejects raw host paths and repair force flags at the strict wire schema","duration":4.378125000000011,"failureMessages":[],"meta":{},"tags":[]},{"ancestorTitles":["transition-worker Unix RPC"],"fullName":"transition-worker Unix RPC keeps 21 receipt projections below the RPC cap and reconstructs one v3 proof on demand","status":"skipped","title":"keeps 21 receipt projections below the RPC cap and reconstructs one v3 proof on demand","duration":15.369416999999999,"failureMessages":[],"meta":{},"tags":[]},{"ancestorTitles":["transition-worker Unix RPC"],"fullName":"transition-worker Unix RPC fails closed when a worker accepts a request but never responds","status":"skipped","title":"fails closed when a worker accepts a request but never responds","duration":1.0345409999999902,"failureMessages":[],"meta":{},"tags":[]}],"startTime":1788094870428,"endTime":1788094870432.3782,"status":"passed","message":"","name":"<REPO_ROOT>/apps/server/src/transition-worker/rpc.test.ts"},{"assertionResults":[{"ancestorTitles":["Transition Worker / Runtime Broker mount-release handshake"],"fullName":"Transition Worker / Runtime Broker mount-release handshake keeps candidate and verifier bytes intact across restart until ALL teardown is recorded","status":"passed","title":"keeps candidate and verifier bytes intact across restart until ALL teardown is recorded","duration":396.9298749999999,"failureMessages":[],"meta":{},"tags":[]},{"ancestorTitles":["Transition Worker / Runtime Broker mount-release handshake"],"fullName":"Transition Worker / Runtime Broker mount-release handshake rejects incomplete or stale Broker attestations before they enter the event log","status":"passed","title":"rejects incomplete or stale Broker attestations before they enter the event log","duration":100.75516700000014,"failureMessages":[],"meta":{},"tags":[]}],"startTime":1788094868316,"endTime":1788094868813.7551,"status":"passed","message":"","name":"<REPO_ROOT>/apps/server/src/transition-worker/runtime-teardown-handshake.test.ts"},{"assertionResults":[{"ancestorTitles":["WorkerSigningKeyStore"],"fullName":"WorkerSigningKeyStore persists a Worker-only key and produces portable proofs","status":"passed","title":"persists a Worker-only key and produces portable proofs","duration":16.242874999999998,"failureMessages":[],"meta":{},"tags":[]},{"ancestorTitles":["WorkerSigningKeyStore"],"fullName":"WorkerSigningKeyStore fails closed when persisted private-key permissions are widened","status":"passed","title":"fails closed when persisted private-key permissions are widened","duration":11.276124999999979,"failureMessages":[],"meta":{},"tags":[]},{"ancestorTitles":["WorkerSigningKeyStore"],"fullName":"WorkerSigningKeyStore fails closed when persisted private-key material has another hard link","status":"passed","title":"fails closed when persisted private-key material has another hard link","duration":7.787374999999997,"failureMessages":[],"meta":{},"tags":[]}],"startTime":1788094870280,"endTime":1788094870315.7874,"status":"passed","message":"","name":"<REPO_ROOT>/apps/server/src/transition-worker/signing-key-store.test.ts"},{"assertionResults":[{"ancestorTitles":["TransitionWorker terminal and recovery closure"],"fullName":"TransitionWorker terminal and recovery closure replays prepareRun idempotently only while every durable binding and candidate byte matches","status":"passed","title":"replays prepareRun idempotently only while every durable binding and candidate byte matches","duration":182.87970800000005,"failureMessages":[],"meta":{},"tags":[]},{"ancestorTitles":["TransitionWorker terminal and recovery closure"],"fullName":"TransitionWorker terminal and recovery closure adopts only an exactly bound copy-before-event orphan and rejects divergent bytes","status":"passed","title":"adopts only an exactly bound copy-before-event orphan and rejects divergent bytes","duration":147.47970799999996,"failureMessages":[],"meta":{},"tags":[]},{"ancestorTitles":["TransitionWorker terminal and recovery closure"],"fullName":"TransitionWorker terminal and recovery closure derives the fresh non-commit View, revokes the permit, and records one atomic terminal fact","status":"passed","title":"derives the fresh non-commit View, revokes the permit, and records one atomic terminal fact","duration":372.75983399999996,"failureMessages":[],"meta":{},"tags":[]},{"ancestorTitles":["TransitionWorker terminal and recovery closure"],"fullName":"TransitionWorker terminal and recovery closure strictly rejects a client-authored finalView before destroying run artifacts","status":"passed","title":"strictly rejects a client-authored finalView before destroying run artifacts","duration":76.72329100000002,"failureMessages":[],"meta":{},"tags":[]},{"ancestorTitles":["TransitionWorker terminal and recovery closure"],"fullName":"TransitionWorker terminal and recovery closure recovers PREPARED into an ABORTED fresh-session receipt and destroys the candidate","status":"passed","title":"recovers PREPARED into an ABORTED fresh-session receipt and destroys the candidate","duration":253.2591249999998,"failureMessages":[],"meta":{},"tags":[]},{"ancestorTitles":["TransitionWorker terminal and recovery closure"],"fullName":"TransitionWorker terminal and recovery closure reads and closes the legacy VIEW_DISPOSITIONED to ROLLED_BACK kill gap","status":"passed","title":"reads and closes the legacy VIEW_DISPOSITIONED to ROLLED_BACK kill gap","duration":171.13924999999995,"failureMessages":[],"meta":{},"tags":[]},{"ancestorTitles":["TransitionWorker terminal and recovery closure"],"fullName":"TransitionWorker terminal and recovery closure surfaces RECOVERY_REQUIRED and never appends a fake rollback when exact restore fails","status":"passed","title":"surfaces RECOVERY_REQUIRED and never appends a fake rollback when exact restore fails","duration":262.81399999999985,"failureMessages":[],"meta":{},"tags":[]}],"startTime":1788094868316,"endTime":1788094869783.814,"status":"passed","message":"","name":"<REPO_ROOT>/apps/server/src/transition-worker/worker-terminal-recovery.test.ts"},{"assertionResults":[{"ancestorTitles":["TransitionWorker"],"fullName":"TransitionWorker charges add, modify and delete budgets by affected files and max(before, after) bytes","status":"passed","title":"charges add, modify and delete budgets by affected files and max(before, after) bytes","duration":288.585875,"failureMessages":[],"meta":{},"tags":[]},{"ancestorTitles":["TransitionWorker"],"fullName":"TransitionWorker uses fixed roots and rejects nested authority mounts","status":"passed","title":"uses fixed roots and rejects nested authority mounts","duration":4.580999999999904,"failureMessages":[],"meta":{},"tags":[]},{"ancestorTitles":["TransitionWorker"],"fullName":"TransitionWorker pins a policy profile to a control volume and rejects silent profile switches","status":"passed","title":"pins a policy profile to a control volume and rejects silent profile switches","duration":55.52800000000002,"failureMessages":[],"meta":{},"tags":[]},{"ancestorTitles":["TransitionWorker"],"fullName":"TransitionWorker initializes, materializes and disposes an Agent through opaque volume IDs","status":"passed","title":"initializes, materializes and disposes an Agent through opaque volume IDs","duration":256.02091700000005,"failureMessages":[],"meta":{},"tags":[]},{"ancestorTitles":["TransitionWorker"],"fullName":"TransitionWorker recovers a durable cancellation into one ABORTED receipt and an idempotent fresh View","status":"passed","title":"recovers a durable cancellation into one ABORTED receipt and an idempotent fresh View","duration":203.21754099999998,"failureMessages":[],"meta":{},"tags":[]},{"ancestorTitles":["TransitionWorker"],"fullName":"TransitionWorker adopts legacy state once and fails closed on conflicting replay","status":"passed","title":"adopts legacy state once and fails closed on conflicting replay","duration":116.92441699999995,"failureMessages":[],"meta":{},"tags":[]},{"ancestorTitles":["TransitionWorker"],"fullName":"TransitionWorker imports a legacy Agent only from the configured read-only legacy root","status":"passed","title":"imports a legacy Agent only from the configured read-only legacy root","duration":52.08125000000018,"failureMessages":[],"meta":{},"tags":[]},{"ancestorTitles":["TransitionWorker"],"fullName":"TransitionWorker promotes only a sealed proposal with a one-shot permit and rebuilds HEAD","status":"passed","title":"promotes only a sealed proposal with a one-shot permit and rebuilds HEAD","duration":454.26270799999975,"failureMessages":[],"meta":{},"tags":[]},{"ancestorTitles":["TransitionWorker"],"fullName":"TransitionWorker never rolls back an acknowledged workspace when signing fails and repairs proof on restart","status":"passed","title":"never rolls back an acknowledged workspace when signing fails and repairs proof on restart","duration":416.2952500000001,"failureMessages":[],"meta":{},"tags":[]},{"ancestorTitles":["TransitionWorker"],"fullName":"TransitionWorker durably conflicts an H0 proposal after H1 wins without changing workspace, generation, or versions","status":"passed","title":"durably conflicts an H0 proposal after H1 wins without changing workspace, generation, or versions","duration":464.217083,"failureMessages":[],"meta":{},"tags":[]},{"ancestorTitles":["TransitionWorker"],"fullName":"TransitionWorker durably classifies a stale promotion workspace hash as CONFLICTED","status":"passed","title":"durably classifies a stale promotion workspace hash as CONFLICTED","duration":82.32025000000021,"failureMessages":[],"meta":{},"tags":[]},{"ancestorTitles":["TransitionWorker"],"fullName":"TransitionWorker fences an accepted run cancellation before permit consumption","status":"passed","title":"fences an accepted run cancellation before permit consumption","duration":90.75245799999993,"failureMessages":[],"meta":{},"tags":[]},{"ancestorTitles":["TransitionWorker"],"fullName":"TransitionWorker returns TOO_LATE after the permit enters CONSUMING","status":"passed","title":"returns TOO_LATE after the permit enters CONSUMING","duration":118.33408400000008,"failureMessages":[],"meta":{},"tags":[]},{"ancestorTitles":["TransitionWorker"],"fullName":"TransitionWorker binds the rollback target version to its snapshot and creates a new generation for a no-op rollback snapshot","status":"passed","title":"binds the rollback target version to its snapshot and creates a new generation for a no-op rollback snapshot","duration":220.3947079999998,"failureMessages":[],"meta":{},"tags":[]},{"ancestorTitles":["TransitionWorker"],"fullName":"TransitionWorker requires expected view and workspace hash for repair and exposes no force flag","status":"passed","title":"requires expected view and workspace hash for repair and exposes no force flag","duration":11.737708000000111,"failureMessages":[],"meta":{},"tags":[]},{"ancestorTitles":["TransitionWorker"],"fullName":"TransitionWorker forwards a kill after rename from the durable consuming intent on restart","status":"passed","title":"forwards a kill after rename from the durable consuming intent on restart","duration":101.8901249999999,"failureMessages":[],"meta":{},"tags":[]},{"ancestorTitles":["TransitionWorker"],"fullName":"TransitionWorker recovers a rollback crash point from PERMIT_CONSUMING through the rollback acknowledgement stage","status":"passed","title":"recovers a rollback crash point from PERMIT_CONSUMING through the rollback acknowledgement stage","duration":242.95037500000035,"failureMessages":[],"meta":{},"tags":[]}],"startTime":1788094868319,"endTime":1788094871498.9504,"status":"passed","message":"","name":"<REPO_ROOT>/apps/server/src/transition-worker/worker.test.ts"}]}