{"numTotalTestSuites":38,"numPassedTestSuites":38,"numFailedTestSuites":0,"numPendingTestSuites":0,"numTotalTests":156,"numPassedTests":150,"numFailedTests":0,"numPendingTests":6,"numTodoTests":0,"snapshot":{"added":0,"failure":false,"filesAdded":0,"filesRemoved":0,"filesRemovedList":[],"filesUnmatched":0,"filesUpdated":0,"matched":0,"total":0,"unchecked":0,"uncheckedKeysByFile":[],"unmatched":0,"updated":0,"didUpdate":false},"startTime":1788097128919,"success":true,"testResults":[{"assertionResults":[{"ancestorTitles":["AgentService Worker admission recovery"],"fullName":"AgentService Worker admission recovery terminalizes the DB-admitted/Worker-unprepared run through Worker cancellation","status":"passed","title":"terminalizes the DB-admitted/Worker-unprepared run through Worker cancellation","duration":736.5497499999999,"failureMessages":[],"meta":{},"tags":[]},{"ancestorTitles":["AgentService Worker admission recovery"],"fullName":"AgentService Worker admission recovery releases a rollback busy marker when the API died before Worker prepare","status":"passed","title":"releases a rollback busy marker when the API died before Worker prepare","duration":195.75429199999985,"failureMessages":[],"meta":{},"tags":[]},{"ancestorTitles":["AgentService Worker admission recovery"],"fullName":"AgentService Worker admission recovery projects a Worker-prepared rollback abort and releases the DB busy marker","status":"passed","title":"projects a Worker-prepared rollback abort and releases the DB busy marker","duration":308.5578330000001,"failureMessages":[],"meta":{},"tags":[]}],"startTime":1788097133158,"endTime":1788097134398.5579,"status":"passed","message":"","name":"<REPO_ROOT>/apps/server/src/agent-service-worker-admission-recovery.test.ts"},{"assertionResults":[{"ancestorTitles":["AgentService CommitGate product integration"],"fullName":"AgentService CommitGate product integration reports CommitGate not ready and rejects before model execution when trusted checks are missing","status":"passed","title":"reports CommitGate not ready and rejects before model execution when trusted checks are missing","duration":70.69937499999992,"failureMessages":[],"meta":{},"tags":[]},{"ancestorTitles":["AgentService CommitGate product integration"],"fullName":"AgentService CommitGate product integration persists a committed receipt and append-only version head","status":"passed","title":"persists a committed receipt and append-only version head","duration":500.41975,"failureMessages":[],"meta":{},"tags":[]},{"ancestorTitles":["AgentService CommitGate product integration"],"fullName":"AgentService CommitGate product integration fences a stale callback whose active lease does not match without changing Run, Message, or head","status":"passed","title":"fences a stale callback whose active lease does not match without changing Run, Message, or head","duration":444.247834,"failureMessages":[],"meta":{},"tags":[]},{"ancestorTitles":["AgentService CommitGate product integration"],"fullName":"AgentService CommitGate product integration does not acknowledge or project a promotion whose terminal callback lease is stale","status":"passed","title":"does not acknowledge or project a promotion whose terminal callback lease is stale","duration":385.65920800000004,"failureMessages":[],"meta":{},"tags":[]},{"ancestorTitles":["AgentService CommitGate product integration"],"fullName":"AgentService CommitGate product integration rebinds a queued follow-up submittedViewId to the latest View before CommitGate execution","status":"passed","title":"rebinds a queued follow-up submittedViewId to the latest View before CommitGate execution","duration":510.246541,"failureMessages":[],"meta":{},"tags":[]},{"ancestorTitles":["AgentService CommitGate product integration"],"fullName":"AgentService CommitGate product integration keeps all mutation admission locked until commit acknowledgement finishes","status":"passed","title":"keeps all mutation admission locked until commit acknowledgement finishes","duration":457.4264159999998,"failureMessages":[],"meta":{},"tags":[]},{"ancestorTitles":["AgentService CommitGate product integration"],"fullName":"AgentService CommitGate product integration keeps an in-memory recovery lock when consecutive DB failures cannot persist it","status":"passed","title":"keeps an in-memory recovery lock when consecutive DB failures cannot persist it","duration":526.8994160000002,"failureMessages":[],"meta":{},"tags":[]},{"ancestorTitles":["AgentService CommitGate product integration"],"fullName":"AgentService CommitGate product integration quarantines a protected edit and sends the next turn through a fresh reconciliation session","status":"passed","title":"quarantines a protected edit and sends the next turn through a fresh reconciliation session","duration":585.3209580000002,"failureMessages":[],"meta":{},"tags":[]},{"ancestorTitles":["AgentService CommitGate product integration"],"fullName":"AgentService CommitGate product integration creates a new ROLLBACK event instead of moving history","status":"passed","title":"creates a new ROLLBACK event instead of moving history","duration":387.9686249999995,"failureMessages":[],"meta":{},"tags":[]},{"ancestorTitles":["AgentService CommitGate product integration"],"fullName":"AgentService CommitGate product integration restores the pre-rollback workspace and version head when the rollback database commit fails","status":"passed","title":"restores the pre-rollback workspace and version head when the rollback database commit fails","duration":397.29925000000003,"failureMessages":[],"meta":{},"tags":[]},{"ancestorTitles":["AgentService CommitGate product integration"],"fullName":"AgentService CommitGate product integration preserves stopped status after a successful rollback","status":"passed","title":"preserves stopped status after a successful rollback","duration":433.028542,"failureMessages":[],"meta":{},"tags":[]},{"ancestorTitles":["AgentService CommitGate product integration"],"fullName":"AgentService CommitGate product integration locks the Agent until startup recovery resolves rollback acknowledgement failure","status":"passed","title":"locks the Agent until startup recovery resolves rollback acknowledgement failure","duration":632.0094170000002,"failureMessages":[],"meta":{},"tags":[]},{"ancestorTitles":["AgentService CommitGate product integration"],"fullName":"AgentService CommitGate product integration blocks stop and delete while a rollback transaction is active","status":"passed","title":"blocks stop and delete while a rollback transaction is active","duration":307.9040420000001,"failureMessages":[],"meta":{},"tags":[]},{"ancestorTitles":["AgentService CommitGate product integration"],"fullName":"AgentService CommitGate product integration reserves delete across cancellation and archive awaits","status":"passed","title":"reserves delete across cancellation and archive awaits","duration":55.514250000000175,"failureMessages":[],"meta":{},"tags":[]},{"ancestorTitles":["AgentService CommitGate product integration"],"fullName":"AgentService CommitGate product integration reserves configuration mutation through the platform instruction write","status":"passed","title":"reserves configuration mutation through the platform instruction write","duration":51.43674999999985,"failureMessages":[],"meta":{},"tags":[]},{"ancestorTitles":["AgentService CommitGate product integration"],"fullName":"AgentService CommitGate product integration keeps all mutation admission locked until rollback acknowledgement finishes","status":"passed","title":"keeps all mutation admission locked until rollback acknowledgement finishes","duration":368.84858299999996,"failureMessages":[],"meta":{},"tags":[]},{"ancestorTitles":["AgentService CommitGate product integration"],"fullName":"AgentService CommitGate product integration rolls back a promoted candidate if version projection fails before the product DB commit","status":"passed","title":"rolls back a promoted candidate if version projection fails before the product DB commit","duration":290.4807920000003,"failureMessages":[],"meta":{},"tags":[]},{"ancestorTitles":["AgentService CommitGate product integration"],"fullName":"AgentService CommitGate product integration quarantines exact credential bytes in binary output and redacts model output","status":"passed","title":"quarantines exact credential bytes in binary output and redacts model output","duration":310.26787499999955,"failureMessages":[],"meta":{},"tags":[]},{"ancestorTitles":["AgentService CommitGate product integration"],"fullName":"AgentService CommitGate product integration records verifier-stage cancellation as RunStatus cancelled","status":"passed","title":"records verifier-stage cancellation as RunStatus cancelled","duration":212.78170900000077,"failureMessages":[],"meta":{},"tags":[]},{"ancestorTitles":["AgentService CommitGate product integration"],"fullName":"AgentService CommitGate product integration preserves a pending receipt and recovery-locks when cancellation rollback fails","status":"passed","title":"preserves a pending receipt and recovery-locks when cancellation rollback fails","duration":198.51916600000004,"failureMessages":[],"meta":{},"tags":[]},{"ancestorTitles":["AgentService CommitGate product integration"],"fullName":"AgentService CommitGate product integration recovery-locks a completed swap whose pending journal write failed","status":"passed","title":"recovery-locks a completed swap whose pending journal write failed","duration":246.51379199999974,"failureMessages":[],"meta":{},"tags":[]},{"ancestorTitles":["AgentService CommitGate product integration"],"fullName":"AgentService CommitGate product integration rejects an authoritative assistant message when startup recovery rolls its view back","status":"passed","title":"rejects an authoritative assistant message when startup recovery rolls its view back","duration":226.36062500000116,"failureMessages":[],"meta":{},"tags":[]},{"ancestorTitles":["AgentService CommitGate product integration"],"fullName":"AgentService CommitGate product integration keeps the server available and marks only the affected Agent error for an invalid recovery policy","status":"passed","title":"keeps the server available and marks only the affected Agent error for an invalid recovery policy","duration":54.315833000000566,"failureMessages":[],"meta":{},"tags":[]},{"ancestorTitles":["AgentService CommitGate product integration"],"fullName":"AgentService CommitGate product integration restores the base and records ABORTED when the product database commit fails","status":"passed","title":"restores the base and records ABORTED when the product database commit fails","duration":145.09608300000036,"failureMessages":[],"meta":{},"tags":[]},{"ancestorTitles":["AgentService CommitGate product integration"],"fullName":"AgentService CommitGate product integration returns AGENT_BUSY and HEAD_MISMATCH before starting rollback I/O","status":"passed","title":"returns AGENT_BUSY and HEAD_MISMATCH before starting rollback I/O","duration":170.2806670000009,"failureMessages":[],"meta":{},"tags":[]}],"startTime":1788097130269,"endTime":1788097138239.2808,"status":"passed","message":"","name":"<REPO_ROOT>/apps/server/src/commitgate-service.test.ts"},{"assertionResults":[{"ancestorTitles":["TransitionEventLog"],"fullName":"TransitionEventLog serializes concurrent immutable events into a verified digest chain","status":"passed","title":"serializes concurrent immutable events into a verified digest chain","duration":19.425499999999943,"failureMessages":[],"meta":{},"tags":[]},{"ancestorTitles":["TransitionEventLog"],"fullName":"TransitionEventLog detects an edited historical event","status":"passed","title":"detects an edited historical event","duration":18.008082999999942,"failureMessages":[],"meta":{},"tags":[]},{"ancestorTitles":["TransitionEventLog"],"fullName":"TransitionEventLog requires repair expected-view and workspace-hash CAS","status":"passed","title":"requires repair expected-view and workspace-hash CAS","duration":1.5449169999999413,"failureMessages":[],"meta":{},"tags":[]}],"startTime":1788097136499,"endTime":1788097136538.545,"status":"passed","message":"","name":"<REPO_ROOT>/apps/server/src/transition-log.test.ts"},{"assertionResults":[{"ancestorTitles":["WorkerCommitGateRunner"],"fullName":"WorkerCommitGateRunner quiesces a Broker orphan before restart recovery destroys candidate bytes","status":"passed","title":"quiesces a Broker orphan before restart recovery destroys candidate bytes","duration":468.64816700000006,"failureMessages":[],"meta":{},"tags":[]},{"ancestorTitles":["WorkerCommitGateRunner"],"fullName":"WorkerCommitGateRunner recovers an idempotent prepared admission after its RPC response is lost and never runs Agent code","status":"passed","title":"recovers an idempotent prepared admission after its RPC response is lost and never runs Agent code","duration":385.1033749999999,"failureMessages":[],"meta":{},"tags":[]},{"ancestorTitles":["WorkerCommitGateRunner"],"fullName":"WorkerCommitGateRunner reconciles a committed terminal fact when the promotion acknowledgement response is lost","status":"passed","title":"reconciles a committed terminal fact when the promotion acknowledgement response is lost","duration":1078.3886670000002,"failureMessages":[],"meta":{},"tags":[]},{"ancestorTitles":["WorkerCommitGateRunner"],"fullName":"WorkerCommitGateRunner commits through proposal, evidence, permit and Worker generation CAS","status":"passed","title":"commits through proposal, evidence, permit and Worker generation CAS","duration":881.174,"failureMessages":[],"meta":{},"tags":[]},{"ancestorTitles":["WorkerCommitGateRunner"],"fullName":"WorkerCommitGateRunner quarantines a protected-path change without advancing workspace generation","status":"passed","title":"quarantines a protected-path change without advancing workspace generation","duration":563.944125,"failureMessages":[],"meta":{},"tags":[]},{"ancestorTitles":["WorkerCommitGateRunner"],"fullName":"WorkerCommitGateRunner records an ABORTED non-promotion receipt after a prepared verifier outage","status":"passed","title":"records an ABORTED non-promotion receipt after a prepared verifier outage","duration":585.6147499999997,"failureMessages":[],"meta":{},"tags":[]},{"ancestorTitles":["WorkerCommitGateRunner"],"fullName":"WorkerCommitGateRunner quarantines deterministic candidate manifest violations but aborts missing storage","status":"passed","title":"quarantines deterministic candidate manifest violations but aborts missing storage","duration":540.7152919999999,"failureMessages":[],"meta":{},"tags":[]},{"ancestorTitles":["WorkerCommitGateRunner"],"fullName":"WorkerCommitGateRunner maps a stale Worker View CAS to one durable CONFLICTED disposition before finalize","status":"passed","title":"maps a stale Worker View CAS to one durable CONFLICTED disposition before finalize","duration":1239.2250830000003,"failureMessages":[],"meta":{},"tags":[]},{"ancestorTitles":["WorkerCommitGateRunner"],"fullName":"WorkerCommitGateRunner makes cancellation authoritative before verifier","status":"passed","title":"makes cancellation authoritative before verifier","duration":658.9367079999993,"failureMessages":[],"meta":{},"tags":[]},{"ancestorTitles":["WorkerCommitGateRunner"],"fullName":"WorkerCommitGateRunner makes cancellation authoritative before permit","status":"passed","title":"makes cancellation authoritative before permit","duration":606.0235000000002,"failureMessages":[],"meta":{},"tags":[]},{"ancestorTitles":["WorkerCommitGateRunner"],"fullName":"WorkerCommitGateRunner makes cancellation authoritative before promotion","status":"passed","title":"makes cancellation authoritative before promotion","duration":494.8176249999997,"failureMessages":[],"meta":{},"tags":[]}],"startTime":1788097130133,"endTime":1788097137635.8176,"status":"passed","message":"","name":"<REPO_ROOT>/apps/server/src/worker-commitgate-runner.test.ts"},{"assertionResults":[{"ancestorTitles":["CommitGate fail-closed robustness"],"fullName":"CommitGate fail-closed robustness rejects file budgets, canaries, and platform-managed edits together","status":"passed","title":"rejects file budgets, canaries, and platform-managed edits together","duration":47.03975000000014,"failureMessages":[],"meta":{},"tags":[]},{"ancestorTitles":["CommitGate fail-closed robustness"],"fullName":"CommitGate fail-closed robustness aborts on missing verifier exit evidence","status":"passed","title":"aborts on missing verifier exit evidence","duration":98.72933399999988,"failureMessages":[],"meta":{},"tags":[]},{"ancestorTitles":["CommitGate fail-closed robustness"],"fullName":"CommitGate fail-closed robustness aborts PASS without exit zero and duplicate results as broken evidence","status":"passed","title":"aborts PASS without exit zero and duplicate results as broken evidence","duration":179.70162499999992,"failureMessages":[],"meta":{},"tags":[]},{"ancestorTitles":["CommitGate fail-closed robustness"],"fullName":"CommitGate fail-closed robustness aborts when the verifier image or trusted context drifts after checks","status":"passed","title":"aborts when the verifier image or trusted context drifts after checks","duration":185.33891700000004,"failureMessages":[],"meta":{},"tags":[]},{"ancestorTitles":["CommitGate fail-closed robustness"],"fullName":"CommitGate fail-closed robustness promotes sealed bytes even if the obsolete candidate path is recreated and modified","status":"passed","title":"promotes sealed bytes even if the obsolete candidate path is recreated and modified","duration":207.5824580000001,"failureMessages":[],"meta":{},"tags":[]},{"ancestorTitles":["CommitGate fail-closed robustness"],"fullName":"CommitGate fail-closed robustness makes repeated finalization idempotent","status":"passed","title":"makes repeated finalization idempotent","duration":222.94499999999994,"failureMessages":[],"meta":{},"tags":[]},{"ancestorTitles":["CommitGate fail-closed robustness"],"fullName":"CommitGate fail-closed robustness aborts an already-cancelled verification and preserves the base","status":"passed","title":"aborts an already-cancelled verification and preserves the base","duration":57.91912500000035,"failureMessages":[],"meta":{},"tags":[]},{"ancestorTitles":["CommitGate fail-closed robustness"],"fullName":"CommitGate fail-closed robustness redacts credential-shaped verifier output in persisted receipts","status":"passed","title":"redacts credential-shaped verifier output in persisted receipts","duration":13.133832999999868,"failureMessages":[],"meta":{},"tags":[]},{"ancestorTitles":["CommitGate fail-closed robustness"],"fullName":"CommitGate fail-closed robustness cleans orphan candidate and verify directories during startup recovery","status":"passed","title":"cleans orphan candidate and verify directories during startup recovery","duration":16.986457999999857,"failureMessages":[],"meta":{},"tags":[]},{"ancestorTitles":["CommitGate fail-closed robustness"],"fullName":"CommitGate fail-closed robustness acknowledges a database-committed rollback without appending a fake commit event","status":"passed","title":"acknowledges a database-committed rollback without appending a fake commit event","duration":220.74970800000028,"failureMessages":[],"meta":{},"tags":[]},{"ancestorTitles":["CommitGate fail-closed robustness"],"fullName":"CommitGate fail-closed robustness rolls back a no-op promotion when the database still points at the prior event","status":"passed","title":"rolls back a no-op promotion when the database still points at the prior event","duration":183.7832080000003,"failureMessages":[],"meta":{},"tags":[]},{"ancestorTitles":["CommitGate fail-closed robustness"],"fullName":"CommitGate fail-closed robustness rolls back a same-snapshot rollback when the database head event was not advanced","status":"passed","title":"rolls back a same-snapshot rollback when the database head event was not advanced","duration":179.6438750000002,"failureMessages":[],"meta":{},"tags":[]},{"ancestorTitles":["CommitGate fail-closed robustness"],"fullName":"CommitGate fail-closed robustness restores the base before recording ABORTED when the first promoted receipt write fails","status":"passed","title":"restores the base before recording ABORTED when the first promoted receipt write fails","duration":111.51508299999978,"failureMessages":[],"meta":{},"tags":[]},{"ancestorTitles":["CommitGate fail-closed robustness"],"fullName":"CommitGate fail-closed robustness recovers forward after product DB commit when final receipt cleanup fails","status":"passed","title":"recovers forward after product DB commit when final receipt cleanup fails","duration":272.7180410000001,"failureMessages":[],"meta":{},"tags":[]},{"ancestorTitles":["CommitGate fail-closed robustness"],"fullName":"CommitGate fail-closed robustness isolates a corrupt journal as manual intervention instead of aborting recovery","status":"passed","title":"isolates a corrupt journal as manual intervention instead of aborting recovery","duration":10.82708300000013,"failureMessages":[],"meta":{},"tags":[]},{"ancestorTitles":["CommitGate fail-closed robustness"],"fullName":"CommitGate fail-closed robustness rejects a FIFO special file without following or reading it","status":"passed","title":"rejects a FIFO special file without following or reading it","duration":88.27558399999998,"failureMessages":[],"meta":{},"tags":[]},{"ancestorTitles":["CommitGate fail-closed robustness"],"fullName":"CommitGate fail-closed robustness keeps the generic trusted sanity check compatible with a v1 workspace","status":"passed","title":"keeps the generic trusted sanity check compatible with a v1 workspace","duration":204.39508300000034,"failureMessages":[],"meta":{},"tags":[]},{"ancestorTitles":["CommitGate fail-closed robustness"],"fullName":"CommitGate fail-closed robustness cancels an active decorated runner and emits an ABORTED receipt","status":"passed","title":"cancels an active decorated runner and emits an ABORTED receipt","duration":40.38079199999993,"failureMessages":[],"meta":{},"tags":[]},{"ancestorTitles":["CommitGate fail-closed robustness"],"fullName":"CommitGate fail-closed robustness normalizes cancellation requested while candidate preparation is in flight","status":"passed","title":"normalizes cancellation requested while candidate preparation is in flight","duration":40.315207999999984,"failureMessages":[],"meta":{},"tags":[]}],"startTime":1788097130221,"endTime":1788097132604.3152,"status":"passed","message":"","name":"<REPO_ROOT>/apps/server/src/commitgate/robustness.test.ts"},{"assertionResults":[{"ancestorTitles":["VersionStore"],"fullName":"VersionStore creates append-only events, preserves managed state, and removes ephemeral state","status":"passed","title":"creates append-only events, preserves managed state, and removes ephemeral state","duration":267.91445899999997,"failureMessages":[],"meta":{},"tags":[]},{"ancestorTitles":["VersionStore"],"fullName":"VersionStore rejects stale expected heads","status":"passed","title":"rejects stale expected heads","duration":16.345833000000084,"failureMessages":[],"meta":{},"tags":[]},{"ancestorTitles":["VersionStore"],"fullName":"VersionStore records no-op commits as separate audit events while reusing one snapshot","status":"passed","title":"records no-op commits as separate audit events while reusing one snapshot","duration":34.04391600000008,"failureMessages":[],"meta":{},"tags":[]},{"ancestorTitles":["VersionStore"],"fullName":"VersionStore freezes the normalized policy hash on each append-only event","status":"passed","title":"freezes the normalized policy hash on each append-only event","duration":66.52862499999992,"failureMessages":[],"meta":{},"tags":[]},{"ancestorTitles":["VersionStore"],"fullName":"VersionStore keeps pruned metadata but rejects rollback when its payload is gone","status":"passed","title":"keeps pruned metadata but rejects rollback when its payload is gone","duration":63.209125000000085,"failureMessages":[],"meta":{},"tags":[]},{"ancestorTitles":["VersionStore"],"fullName":"VersionStore retains the parent snapshot until a staged rollback becomes terminal","status":"passed","title":"retains the parent snapshot until a staged rollback becomes terminal","duration":77.52366700000016,"failureMessages":[],"meta":{},"tags":[]},{"ancestorTitles":["VersionStore"],"fullName":"VersionStore defers promotion retention until acknowledgement and preserves a reverted head","status":"passed","title":"defers promotion retention until acknowledgement and preserves a reverted head","duration":40.3170419999999,"failureMessages":[],"meta":{},"tags":[]}],"startTime":1788097134797,"endTime":1788097135363.3171,"status":"passed","message":"","name":"<REPO_ROOT>/apps/server/src/commitgate/version-store.test.ts"},{"assertionResults":[{"ancestorTitles":["WorkspaceTransaction rename-swap recovery"],"fullName":"WorkspaceTransaction rename-swap recovery cannot reuse the same consumed capability for a no-op promotion","status":"passed","title":"cannot reuse the same consumed capability for a no-op promotion","duration":376.18312499999996,"failureMessages":[],"meta":{},"tags":[]},{"ancestorTitles":["WorkspaceTransaction rename-swap recovery"],"fullName":"WorkspaceTransaction rename-swap recovery rejects a rollback snapshot changed during import before any swap","status":"passed","title":"rejects a rollback snapshot changed during import before any swap","duration":74.24958300000003,"failureMessages":[],"meta":{},"tags":[]},{"ancestorTitles":["WorkspaceTransaction rename-swap recovery"],"fullName":"WorkspaceTransaction rename-swap recovery restores the backup when the staging rename fails","status":"passed","title":"restores the backup when the staging rename fails","duration":136.97641600000009,"failureMessages":[],"meta":{},"tags":[]},{"ancestorTitles":["WorkspaceTransaction rename-swap recovery"],"fullName":"WorkspaceTransaction rename-swap recovery raises recovery-required when both staging rename and backup restore fail","status":"passed","title":"raises recovery-required when both staging rename and backup restore fail","duration":93.64712499999996,"failureMessages":[],"meta":{},"tags":[]},{"ancestorTitles":["WorkspaceTransaction rename-swap recovery"],"fullName":"WorkspaceTransaction rename-swap recovery leaves startup recovery evidence when the pending journal write fails after swap","status":"passed","title":"leaves startup recovery evidence when the pending journal write fails after swap","duration":145.84470799999986,"failureMessages":[],"meta":{},"tags":[]}],"startTime":1788097133154,"endTime":1788097133980.8447,"status":"passed","message":"","name":"<REPO_ROOT>/apps/server/src/commitgate/workspace-transaction.test.ts"},{"assertionResults":[{"ancestorTitles":["signed receipt proof"],"fullName":"signed receipt proof detects terminal proof tampering","status":"passed","title":"detects terminal proof tampering","duration":8.142749999999978,"failureMessages":[],"meta":{},"tags":[]},{"ancestorTitles":["signed receipt proof"],"fullName":"signed receipt proof binds a canonical authority receipt to its terminal event","status":"passed","title":"binds a canonical authority receipt to its terminal event","duration":95.92108399999995,"failureMessages":[],"meta":{},"tags":[]},{"ancestorTitles":["signed receipt proof"],"fullName":"signed receipt proof verifies a conflicted receipt against disposition-time HEAD and the full event chain","status":"passed","title":"verifies a conflicted receipt against disposition-time HEAD and the full event chain","duration":18.612791000000016,"failureMessages":[],"meta":{},"tags":[]}],"startTime":1788097135951,"endTime":1788097136074.6128,"status":"passed","message":"","name":"<REPO_ROOT>/apps/server/src/research/receipt-proof.test.ts"},{"assertionResults":[{"ancestorTitles":["Runtime Broker durable lifecycle ledger"],"fullName":"Runtime Broker durable lifecycle ledger rejects closure for a binding that never launched","status":"passed","title":"rejects closure for a binding that never launched","duration":14.75204199999996,"failureMessages":[],"meta":{},"tags":[]},{"ancestorTitles":["Runtime Broker durable lifecycle ledger"],"fullName":"Runtime Broker durable lifecycle ledger permits only the monotonic Agent -> Verifier -> closed sequence","status":"passed","title":"permits only the monotonic Agent -> Verifier -> closed sequence","duration":26.14945799999998,"failureMessages":[],"meta":{},"tags":[]},{"ancestorTitles":["Runtime Broker durable lifecycle ledger"],"fullName":"Runtime Broker durable lifecycle ledger persists tombstones across Broker instances and rejects cross-binding reuse","status":"passed","title":"persists tombstones across Broker instances and rejects cross-binding reuse","duration":12.316374999999994,"failureMessages":[],"meta":{},"tags":[]}],"startTime":1788097135032,"endTime":1788097135085.3164,"status":"passed","message":"","name":"<REPO_ROOT>/apps/server/src/runtime-broker/lifecycle-ledger.test.ts"},{"assertionResults":[{"ancestorTitles":["runtime broker Unix RPC"],"fullName":"runtime broker Unix RPC keeps verifier RPC alive for the global budget plus teardown grace","status":"passed","title":"keeps verifier RPC alive for the global budget plus teardown grace","duration":3.9326670000000377,"failureMessages":[],"meta":{},"tags":[]},{"ancestorTitles":["runtime broker Unix RPC"],"fullName":"runtime broker Unix RPC accepts only the server-derived candidate path for the bound run","status":"passed","title":"accepts only the server-derived candidate path for the bound run","duration":28.851708000000144,"failureMessages":[],"meta":{},"tags":[]},{"ancestorTitles":["runtime broker Unix RPC"],"fullName":"runtime broker Unix RPC uses a strict wire schema and rejects unknown Runtime controls","status":"passed","title":"uses a strict wire schema and rejects unknown Runtime controls","duration":28.38816699999984,"failureMessages":[],"meta":{},"tags":[]},{"ancestorTitles":["runtime broker Unix RPC"],"fullName":"runtime broker Unix RPC requires a Worker-bound opaque candidate reference in worker mode","status":"passed","title":"requires a Worker-bound opaque candidate reference in worker mode","duration":6.117375000000038,"failureMessages":[],"meta":{},"tags":[]},{"ancestorTitles":["runtime broker Unix RPC"],"fullName":"runtime broker Unix RPC rejects a candidate root that resolves through a symlink","status":"passed","title":"rejects a candidate root that resolves through a symlink","duration":5.639791999999943,"failureMessages":[],"meta":{},"tags":[]},{"ancestorTitles":["runtime broker Unix RPC"],"fullName":"runtime broker Unix RPC runs, cancels and returns teardown evidence through a mode-0660 socket","status":"passed","title":"runs, cancels and returns teardown evidence through a mode-0660 socket","duration":23.686709000000064,"failureMessages":[],"meta":{},"tags":[]},{"ancestorTitles":["runtime broker Unix RPC"],"fullName":"runtime broker Unix RPC cancels the verifier container by the same bound runId","status":"passed","title":"cancels the verifier container by the same bound runId","duration":14.912374999999884,"failureMessages":[],"meta":{},"tags":[]},{"ancestorTitles":["runtime broker Unix RPC"],"fullName":"runtime broker Unix RPC returns formal verifier teardown and closes all known run containers","status":"passed","title":"returns formal verifier teardown and closes all known run containers","duration":1.8593329999998787,"failureMessages":[],"meta":{},"tags":[]},{"ancestorTitles":["runtime broker Unix RPC"],"fullName":"runtime broker Unix RPC rediscovers and force-removes a labeled orphan before attesting mount release","status":"passed","title":"rediscovers and force-removes a labeled orphan before attesting mount release","duration":1945.751667,"failureMessages":[],"meta":{},"tags":[]},{"ancestorTitles":["runtime broker Unix RPC"],"fullName":"runtime broker Unix RPC fails closed when a bound orphan survives force removal","status":"passed","title":"fails closed when a bound orphan survives force removal","duration":7670.4121669999995,"failureMessages":[],"meta":{},"tags":[]},{"ancestorTitles":["runtime broker Unix RPC"],"fullName":"runtime broker Unix RPC rejects reconciliation for a binding with no durable launch record","status":"passed","title":"rejects reconciliation for a binding with no durable launch record","duration":2.80066700000134,"failureMessages":[],"meta":{},"tags":[]}],"startTime":1788097130202,"endTime":1788097139934.8008,"status":"passed","message":"","name":"<REPO_ROOT>/apps/server/src/runtime-broker/rpc.test.ts"},{"assertionResults":[{"ancestorTitles":["TransitionWorker durable non-core intents"],"fullName":"TransitionWorker durable non-core intents forwards initialization after its intent but before the authority rename","status":"passed","title":"forwards initialization after its intent but before the authority rename","duration":150.55716600000005,"failureMessages":[],"meta":{},"tags":[]},{"ancestorTitles":["TransitionWorker durable non-core intents"],"fullName":"TransitionWorker durable non-core intents fails closed when an initialization intent would overwrite unrelated authority","status":"passed","title":"fails closed when an initialization intent would overwrite unrelated authority","duration":92.11725000000001,"failureMessages":[],"meta":{},"tags":[]},{"ancestorTitles":["TransitionWorker durable non-core intents"],"fullName":"TransitionWorker durable non-core intents adopts an already-renamed legacy tree without inventing a second copy","status":"passed","title":"adopts an already-renamed legacy tree without inventing a second copy","duration":56.395958000000064,"failureMessages":[],"meta":{},"tags":[]},{"ancestorTitles":["TransitionWorker durable non-core intents"],"fullName":"TransitionWorker durable non-core intents forwards platform regeneration from backup+staging and archives exactly once","status":"passed","title":"forwards platform regeneration from backup+staging and archives exactly once","duration":295.27862500000015,"failureMessages":[],"meta":{},"tags":[]},{"ancestorTitles":["TransitionWorker durable non-core intents"],"fullName":"TransitionWorker durable non-core intents recovers a sealed proposal and verifier export intent before abort cleanup","status":"passed","title":"recovers a sealed proposal and verifier export intent before abort cleanup","duration":731.5518749999999,"failureMessages":[],"meta":{},"tags":[]},{"ancestorTitles":["TransitionWorker durable non-core intents"],"fullName":"TransitionWorker durable non-core intents finishes a seal intent from immutable Worker bytes and destroys the old candidate","status":"passed","title":"finishes a seal intent from immutable Worker bytes and destroys the old candidate","duration":467.6787089999998,"failureMessages":[],"meta":{},"tags":[]},{"ancestorTitles":["TransitionWorker durable non-core intents"],"fullName":"TransitionWorker durable non-core intents sweeps pre-intent staging, proposal and evidence blobs at startup","status":"passed","title":"sweeps pre-intent staging, proposal and evidence blobs at startup","duration":28.772165999999743,"failureMessages":[],"meta":{},"tags":[]}],"startTime":1788097130048,"endTime":1788097131870.7722,"status":"passed","message":"","name":"<REPO_ROOT>/apps/server/src/transition-worker/authority-intent-recovery.test.ts"},{"assertionResults":[{"ancestorTitles":["EvidenceBlobStore"],"fullName":"EvidenceBlobStore stores canonical JSON bytes under their SHA-256 ID with mode 0600","status":"passed","title":"stores canonical JSON bytes under their SHA-256 ID with mode 0600","duration":140.7599170000001,"failureMessages":[],"meta":{},"tags":[]},{"ancestorTitles":["EvidenceBlobStore"],"fullName":"EvidenceBlobStore rejects values and files above the configured byte budget","status":"passed","title":"rejects values and files above the configured byte budget","duration":6.688625000000002,"failureMessages":[],"meta":{},"tags":[]},{"ancestorTitles":["EvidenceBlobStore"],"fullName":"EvidenceBlobStore fails closed when an existing content-addressed blob is inconsistent","status":"passed","title":"fails closed when an existing content-addressed blob is inconsistent","duration":7.113040999999953,"failureMessages":[],"meta":{},"tags":[]},{"ancestorTitles":["EvidenceBlobStore"],"fullName":"EvidenceBlobStore recomputes the digest on get and rejects post-write tampering","status":"passed","title":"recomputes the digest on get and rejects post-write tampering","duration":5.829458000000045,"failureMessages":[],"meta":{},"tags":[]},{"ancestorTitles":["EvidenceBlobStore"],"fullName":"EvidenceBlobStore rejects non-canonical or invalid JSON even when the filename digest matches","status":"passed","title":"rejects non-canonical or invalid JSON even when the filename digest matches","duration":6.1356250000000045,"failureMessages":[],"meta":{},"tags":[]},{"ancestorTitles":["EvidenceBlobStore"],"fullName":"EvidenceBlobStore rejects invalid IDs, hardlinks, and permission changes","status":"passed","title":"rejects invalid IDs, hardlinks, and permission changes","duration":9.73016599999994,"failureMessages":[],"meta":{},"tags":[]},{"ancestorTitles":["EvidenceBlobStore"],"fullName":"EvidenceBlobStore rejects non-JSON top-level values","status":"passed","title":"rejects non-JSON top-level values","duration":2.4035829999999123,"failureMessages":[],"meta":{},"tags":[]}],"startTime":1788097135898,"endTime":1788097136077.4036,"status":"passed","message":"","name":"<REPO_ROOT>/apps/server/src/transition-worker/evidence-blob-store.test.ts"},{"assertionResults":[{"ancestorTitles":["transition-worker authoritative filesystem closure"],"fullName":"transition-worker authoritative filesystem closure emits canonical schema v2 with the same authoritative hash as the core manifest","status":"passed","title":"emits canonical schema v2 with the same authoritative hash as the core manifest","duration":108.06341599999996,"failureMessages":[],"meta":{},"tags":[]},{"ancestorTitles":["transition-worker authoritative filesystem closure"],"fullName":"transition-worker authoritative filesystem closure excludes ignored names at any path depth while still charging their inode and byte usage","status":"passed","title":"excludes ignored names at any path depth while still charging their inode and byte usage","duration":37.971958000000086,"failureMessages":[],"meta":{},"tags":[]},{"ancestorTitles":["transition-worker authoritative filesystem closure"],"fullName":"transition-worker authoritative filesystem closure fails closed when ignored trees exceed file, byte, or single-file quotas","status":"passed","title":"fails closed when ignored trees exceed file, byte, or single-file quotas","duration":77.41412500000001,"failureMessages":[],"meta":{},"tags":[]},{"ancestorTitles":["transition-worker authoritative filesystem closure"],"fullName":"transition-worker authoritative filesystem closure fails closed when the complete candidate scan exceeds its total inode quota","status":"passed","title":"fails closed when the complete candidate scan exceeds its total inode quota","duration":9.836584000000016,"failureMessages":[],"meta":{},"tags":[]},{"ancestorTitles":["transition-worker authoritative filesystem closure"],"fullName":"transition-worker authoritative filesystem closure fails closed when a manifest walk exceeds its wall-clock scan budget","status":"passed","title":"fails closed when a manifest walk exceeds its wall-clock scan budget","duration":6.905708000000004,"failureMessages":[],"meta":{},"tags":[]},{"ancestorTitles":["transition-worker authoritative filesystem closure"],"fullName":"transition-worker authoritative filesystem closure fails closed for symlinks and hardlinks, including inside ignored trees","status":"passed","title":"fails closed for symlinks and hardlinks, including inside ignored trees","duration":21.319375000000036,"failureMessages":[],"meta":{},"tags":[]},{"ancestorTitles":["transition-worker authoritative filesystem closure"],"fullName":"transition-worker authoritative filesystem closure rejects special files without opening or following them","status":"passed","title":"rejects special files without opening or following them","duration":80.09641700000009,"failureMessages":[],"meta":{},"tags":[]},{"ancestorTitles":["transition-worker authoritative filesystem closure"],"fullName":"transition-worker authoritative filesystem closure rejects case-fold and Unicode-normalization aliases before filesystem access","status":"passed","title":"rejects case-fold and Unicode-normalization aliases before filesystem access","duration":0.8366660000000365,"failureMessages":[],"meta":{},"tags":[]},{"ancestorTitles":["transition-worker authoritative filesystem closure"],"fullName":"transition-worker authoritative filesystem closure enforces the expected root ownership across the complete tree","status":"passed","title":"enforces the expected root ownership across the complete tree","duration":5.060000000000059,"failureMessages":[],"meta":{},"tags":[]},{"ancestorTitles":["transition-worker authoritative filesystem closure"],"fullName":"transition-worker authoritative filesystem closure rejects non-normalized setuid, setgid, and sticky mode bits","status":"skipped","title":"rejects non-normalized setuid, setgid, and sticky mode bits","failureMessages":[],"meta":{},"tags":[]},{"ancestorTitles":["transition-worker authoritative filesystem closure"],"fullName":"transition-worker authoritative filesystem closure fails closed when extended metadata is required but unavailable or present","status":"passed","title":"fails closed when extended metadata is required but unavailable or present","duration":6.975083000000041,"failureMessages":[],"meta":{},"tags":[]},{"ancestorTitles":["transition-worker authoritative filesystem closure"],"fullName":"transition-worker authoritative filesystem closure publishes an explicit support matrix instead of overstating portable guarantees","status":"passed","title":"publishes an explicit support matrix instead of overstating portable guarantees","duration":0.3696669999999358,"failureMessages":[],"meta":{},"tags":[]},{"ancestorTitles":["transition-worker authoritative filesystem closure"],"fullName":"transition-worker authoritative filesystem closure checks filesystem topology for all existing rename-swap roots","status":"passed","title":"checks filesystem topology for all existing rename-swap roots","duration":1.4940829999999323,"failureMessages":[],"meta":{},"tags":[]},{"ancestorTitles":["transition-worker authoritative filesystem closure"],"fullName":"transition-worker authoritative filesystem closure rejects a real cross-device rename topology before promotion","status":"skipped","title":"rejects a real cross-device rename topology before promotion","failureMessages":[],"meta":{},"tags":[]},{"ancestorTitles":["transition-worker authoritative filesystem closure"],"fullName":"transition-worker authoritative filesystem closure rejects sparse files on the Linux strong-guarantee platform","status":"skipped","title":"rejects sparse files on the Linux strong-guarantee platform","failureMessages":[],"meta":{},"tags":[]},{"ancestorTitles":["transition-worker authoritative filesystem closure"],"fullName":"transition-worker authoritative filesystem closure rejects a real Linux xattr without returning its value","status":"skipped","title":"rejects a real Linux xattr without returning its value","failureMessages":[],"meta":{},"tags":[]},{"ancestorTitles":["transition-worker authoritative filesystem closure"],"fullName":"transition-worker authoritative filesystem closure rejects a real non-trivial Linux ACL while omitting mode-derived entries","status":"skipped","title":"rejects a real non-trivial Linux ACL while omitting mode-derived entries","failureMessages":[],"meta":{},"tags":[]},{"ancestorTitles":["transition-worker authoritative filesystem closure"],"fullName":"transition-worker authoritative filesystem closure fails closed when a required inspection tool is missing","status":"skipped","title":"fails closed when a required inspection tool is missing","failureMessages":[],"meta":{},"tags":[]}],"startTime":1788097134946,"endTime":1788097135303.4941,"status":"passed","message":"","name":"<REPO_ROOT>/apps/server/src/transition-worker/filesystem.test.ts"},{"assertionResults":[{"ancestorTitles":["receipt proof projection size"],"fullName":"receipt proof projection size keeps 21 compact receipts below the RPC cap and rebuilds one full v3 chain","status":"passed","title":"keeps 21 compact receipts below the RPC cap and rebuilds one full v3 chain","duration":17439.377417,"failureMessages":[],"meta":{},"tags":[]}],"startTime":1788097130048,"endTime":1788097147487.3774,"status":"passed","message":"","name":"<REPO_ROOT>/apps/server/src/transition-worker/receipt-proof-projection-size.test.ts"},{"assertionResults":[{"ancestorTitles":["transition-worker Unix RPC"],"fullName":"transition-worker Unix RPC uses a private mode-0660 Unix socket","status":"passed","title":"uses a private mode-0660 Unix socket","duration":52.70516699999985,"failureMessages":[],"meta":{},"tags":[]},{"ancestorTitles":["transition-worker Unix RPC"],"fullName":"transition-worker Unix RPC rejects raw host paths and repair force flags at the strict wire schema","status":"passed","title":"rejects raw host paths and repair force flags at the strict wire schema","duration":4.381791999999905,"failureMessages":[],"meta":{},"tags":[]},{"ancestorTitles":["transition-worker Unix RPC"],"fullName":"transition-worker Unix RPC keeps 21 receipt projections below the RPC cap and reconstructs one v3 proof on demand","status":"passed","title":"keeps 21 receipt projections below the RPC cap and reconstructs one v3 proof on demand","duration":17045.111333,"failureMessages":[],"meta":{},"tags":[]},{"ancestorTitles":["transition-worker Unix RPC"],"fullName":"transition-worker Unix RPC fails closed when a worker accepts a request but never responds","status":"passed","title":"fails closed when a worker accepts a request but never responds","duration":28.807917000001908,"failureMessages":[],"meta":{},"tags":[]}],"startTime":1788097130065,"endTime":1788097147196.8079,"status":"passed","message":"","name":"<REPO_ROOT>/apps/server/src/transition-worker/rpc.test.ts"},{"assertionResults":[{"ancestorTitles":["Transition Worker / Runtime Broker mount-release handshake"],"fullName":"Transition Worker / Runtime Broker mount-release handshake keeps candidate and verifier bytes intact across restart until ALL teardown is recorded","status":"passed","title":"keeps candidate and verifier bytes intact across restart until ALL teardown is recorded","duration":1133.153917,"failureMessages":[],"meta":{},"tags":[]},{"ancestorTitles":["Transition Worker / Runtime Broker mount-release handshake"],"fullName":"Transition Worker / Runtime Broker mount-release handshake rejects incomplete or stale Broker attestations before they enter the event log","status":"passed","title":"rejects incomplete or stale Broker attestations before they enter the event log","duration":174.69362499999988,"failureMessages":[],"meta":{},"tags":[]}],"startTime":1788097133027,"endTime":1788097134334.6936,"status":"passed","message":"","name":"<REPO_ROOT>/apps/server/src/transition-worker/runtime-teardown-handshake.test.ts"},{"assertionResults":[{"ancestorTitles":["WorkerSigningKeyStore"],"fullName":"WorkerSigningKeyStore persists a Worker-only key and produces portable proofs","status":"passed","title":"persists a Worker-only key and produces portable proofs","duration":29.457791999999984,"failureMessages":[],"meta":{},"tags":[]},{"ancestorTitles":["WorkerSigningKeyStore"],"fullName":"WorkerSigningKeyStore fails closed when persisted private-key permissions are widened","status":"passed","title":"fails closed when persisted private-key permissions are widened","duration":14.19016600000009,"failureMessages":[],"meta":{},"tags":[]},{"ancestorTitles":["WorkerSigningKeyStore"],"fullName":"WorkerSigningKeyStore fails closed when persisted private-key material has another hard link","status":"passed","title":"fails closed when persisted private-key material has another hard link","duration":7.947000000000003,"failureMessages":[],"meta":{},"tags":[]}],"startTime":1788097135841,"endTime":1788097135892.947,"status":"passed","message":"","name":"<REPO_ROOT>/apps/server/src/transition-worker/signing-key-store.test.ts"},{"assertionResults":[{"ancestorTitles":["TransitionWorker terminal and recovery closure"],"fullName":"TransitionWorker terminal and recovery closure replays prepareRun idempotently only while every durable binding and candidate byte matches","status":"passed","title":"replays prepareRun idempotently only while every durable binding and candidate byte matches","duration":372.20500000000015,"failureMessages":[],"meta":{},"tags":[]},{"ancestorTitles":["TransitionWorker terminal and recovery closure"],"fullName":"TransitionWorker terminal and recovery closure adopts only an exactly bound copy-before-event orphan and rejects divergent bytes","status":"passed","title":"adopts only an exactly bound copy-before-event orphan and rejects divergent bytes","duration":257.37908300000004,"failureMessages":[],"meta":{},"tags":[]},{"ancestorTitles":["TransitionWorker terminal and recovery closure"],"fullName":"TransitionWorker terminal and recovery closure derives the fresh non-commit View, revokes the permit, and records one atomic terminal fact","status":"passed","title":"derives the fresh non-commit View, revokes the permit, and records one atomic terminal fact","duration":511.69954200000006,"failureMessages":[],"meta":{},"tags":[]},{"ancestorTitles":["TransitionWorker terminal and recovery closure"],"fullName":"TransitionWorker terminal and recovery closure strictly rejects a client-authored finalView before destroying run artifacts","status":"passed","title":"strictly rejects a client-authored finalView before destroying run artifacts","duration":113.55937499999982,"failureMessages":[],"meta":{},"tags":[]},{"ancestorTitles":["TransitionWorker terminal and recovery closure"],"fullName":"TransitionWorker terminal and recovery closure recovers PREPARED into an ABORTED fresh-session receipt and destroys the candidate","status":"passed","title":"recovers PREPARED into an ABORTED fresh-session receipt and destroys the candidate","duration":287.744291,"failureMessages":[],"meta":{},"tags":[]},{"ancestorTitles":["TransitionWorker terminal and recovery closure"],"fullName":"TransitionWorker terminal and recovery closure reads and closes the legacy VIEW_DISPOSITIONED to ROLLED_BACK kill gap","status":"passed","title":"reads and closes the legacy VIEW_DISPOSITIONED to ROLLED_BACK kill gap","duration":153.43779200000017,"failureMessages":[],"meta":{},"tags":[]},{"ancestorTitles":["TransitionWorker terminal and recovery closure"],"fullName":"TransitionWorker terminal and recovery closure surfaces RECOVERY_REQUIRED and never appends a fake rollback when exact restore fails","status":"passed","title":"surfaces RECOVERY_REQUIRED and never appends a fake rollback when exact restore fails","duration":463.98849999999993,"failureMessages":[],"meta":{},"tags":[]}],"startTime":1788097130047,"endTime":1788097132206.9885,"status":"passed","message":"","name":"<REPO_ROOT>/apps/server/src/transition-worker/worker-terminal-recovery.test.ts"},{"assertionResults":[{"ancestorTitles":["TransitionWorker"],"fullName":"TransitionWorker charges add, modify and delete budgets by affected files and max(before, after) bytes","status":"passed","title":"charges add, modify and delete budgets by affected files and max(before, after) bytes","duration":656.6145839999999,"failureMessages":[],"meta":{},"tags":[]},{"ancestorTitles":["TransitionWorker"],"fullName":"TransitionWorker uses fixed roots and rejects nested authority mounts","status":"passed","title":"uses fixed roots and rejects nested authority mounts","duration":3.092583999999988,"failureMessages":[],"meta":{},"tags":[]},{"ancestorTitles":["TransitionWorker"],"fullName":"TransitionWorker pins a policy profile to a control volume and rejects silent profile switches","status":"passed","title":"pins a policy profile to a control volume and rejects silent profile switches","duration":80.62320900000009,"failureMessages":[],"meta":{},"tags":[]},{"ancestorTitles":["TransitionWorker"],"fullName":"TransitionWorker initializes, materializes and disposes an Agent through opaque volume IDs","status":"passed","title":"initializes, materializes and disposes an Agent through opaque volume IDs","duration":483.8337499999998,"failureMessages":[],"meta":{},"tags":[]},{"ancestorTitles":["TransitionWorker"],"fullName":"TransitionWorker recovers a durable cancellation into one ABORTED receipt and an idempotent fresh View","status":"passed","title":"recovers a durable cancellation into one ABORTED receipt and an idempotent fresh View","duration":408.083083,"failureMessages":[],"meta":{},"tags":[]},{"ancestorTitles":["TransitionWorker"],"fullName":"TransitionWorker adopts legacy state once and fails closed on conflicting replay","status":"passed","title":"adopts legacy state once and fails closed on conflicting replay","duration":91.40112500000032,"failureMessages":[],"meta":{},"tags":[]},{"ancestorTitles":["TransitionWorker"],"fullName":"TransitionWorker imports a legacy Agent only from the configured read-only legacy root","status":"passed","title":"imports a legacy Agent only from the configured read-only legacy root","duration":55.25362499999983,"failureMessages":[],"meta":{},"tags":[]},{"ancestorTitles":["TransitionWorker"],"fullName":"TransitionWorker promotes only a sealed proposal with a one-shot permit and rebuilds HEAD","status":"passed","title":"promotes only a sealed proposal with a one-shot permit and rebuilds HEAD","duration":955.5305830000002,"failureMessages":[],"meta":{},"tags":[]},{"ancestorTitles":["TransitionWorker"],"fullName":"TransitionWorker never rolls back an acknowledged workspace when signing fails and repairs proof on restart","status":"passed","title":"never rolls back an acknowledged workspace when signing fails and repairs proof on restart","duration":609.5467500000004,"failureMessages":[],"meta":{},"tags":[]},{"ancestorTitles":["TransitionWorker"],"fullName":"TransitionWorker durably conflicts an H0 proposal after H1 wins without changing workspace, generation, or versions","status":"passed","title":"durably conflicts an H0 proposal after H1 wins without changing workspace, generation, or versions","duration":1129.7246249999998,"failureMessages":[],"meta":{},"tags":[]},{"ancestorTitles":["TransitionWorker"],"fullName":"TransitionWorker durably classifies a stale promotion workspace hash as CONFLICTED","status":"passed","title":"durably classifies a stale promotion workspace hash as CONFLICTED","duration":300.8830000000007,"failureMessages":[],"meta":{},"tags":[]},{"ancestorTitles":["TransitionWorker"],"fullName":"TransitionWorker fences an accepted run cancellation before permit consumption","status":"passed","title":"fences an accepted run cancellation before permit consumption","duration":206.75754199999938,"failureMessages":[],"meta":{},"tags":[]},{"ancestorTitles":["TransitionWorker"],"fullName":"TransitionWorker returns TOO_LATE after the permit enters CONSUMING","status":"passed","title":"returns TOO_LATE after the permit enters CONSUMING","duration":582.6613339999994,"failureMessages":[],"meta":{},"tags":[]},{"ancestorTitles":["TransitionWorker"],"fullName":"TransitionWorker binds the rollback target version to its snapshot and creates a new generation for a no-op rollback snapshot","status":"passed","title":"binds the rollback target version to its snapshot and creates a new generation for a no-op rollback snapshot","duration":537.8351249999996,"failureMessages":[],"meta":{},"tags":[]},{"ancestorTitles":["TransitionWorker"],"fullName":"TransitionWorker requires expected view and workspace hash for repair and exposes no force flag","status":"passed","title":"requires expected view and workspace hash for repair and exposes no force flag","duration":22.19012500000008,"failureMessages":[],"meta":{},"tags":[]},{"ancestorTitles":["TransitionWorker"],"fullName":"TransitionWorker forwards a kill after rename from the durable consuming intent on restart","status":"passed","title":"forwards a kill after rename from the durable consuming intent on restart","duration":387.9480830000002,"failureMessages":[],"meta":{},"tags":[]},{"ancestorTitles":["TransitionWorker"],"fullName":"TransitionWorker recovers a rollback crash point from PERMIT_CONSUMING through the rollback acknowledgement stage","status":"passed","title":"recovers a rollback crash point from PERMIT_CONSUMING through the rollback acknowledgement stage","duration":524.7639170000002,"failureMessages":[],"meta":{},"tags":[]}],"startTime":1788097130049,"endTime":1788097137093.764,"status":"passed","message":"","name":"<REPO_ROOT>/apps/server/src/transition-worker/worker.test.ts"}]}